[35m[1mScanning dependencies of target ak_series_driver[0m
[ 16%] [32mBuilding CXX object CMakeFiles/ak_series_driver.dir/src/single_motor.cpp.o[0m
In file included from [01m[K/home/corey/Cubemars_AK_Series_Driver/src/ak_series_driver/src/single_motor.cpp:19[m[K:
[01m[K/home/corey/Cubemars_AK_Series_Driver/src/ak_series_driver/include/ak_series_driver/ak_driver.hpp:[m[K In member function â€˜[01m[Kvoid AKDriver::get_can_frame()[m[Kâ€™:
[01m[K/home/corey/Cubemars_AK_Series_Driver/src/ak_series_driver/include/ak_series_driver/ak_driver.hpp:152:46:[m[K [01;31m[Kerror: [m[Kâ€˜[01m[Kstruct can_frame[m[Kâ€™ has no member named â€˜[01m[Ksize[m[Kâ€™
  152 |                 for (int i = 0; i<can_.frame.[01;31m[Ksize[m[K(); i++)
      |                                              [01;31m[K^~~~[m[K
[01m[K/home/corey/Cubemars_AK_Series_Driver/src/ak_series_driver/include/ak_series_driver/ak_driver.hpp:154:50:[m[K [01;31m[Kerror: [m[Kno match for â€˜[01m[Koperator[][m[Kâ€™ (operand types are â€˜[01m[Kcan_frame[m[Kâ€™ and â€˜[01m[Kint[m[Kâ€™)
  154 |                     preFrame.push_back(can_.frame[01;31m[K[[m[Ki]);
      |                                                  [01;31m[K^[m[K
[01m[K/home/corey/Cubemars_AK_Series_Driver/src/ak_series_driver/include/ak_series_driver/ak_driver.hpp:160:36:[m[K [01;35m[Kwarning: [m[Kcomparison of integer expressions of different signedness: â€˜[01m[Kint[m[Kâ€™ and â€˜[01m[Kstd::vector<unsigned char, std::allocator<unsigned char> >::size_type[m[Kâ€™ {aka â€˜[01m[Klong unsigned int[m[Kâ€™} [[01;35m[K-Wsign-compare[m[K]
  160 |                     for (int i=0; [01;35m[Ki<preFrame.size()[m[K; i++)
      |                                   [01;35m[K~^~~~~~~~~~~~~~~~[m[K
make[2]: *** [CMakeFiles/ak_series_driver.dir/build.make:63: CMakeFiles/ak_series_driver.dir/src/single_motor.cpp.o] Error 1
make[1]: *** [CMakeFiles/Makefile2:136: CMakeFiles/ak_series_driver.dir/all] Error 2
make: *** [Makefile:141: all] Error 2
