[ 25%] [32mBuilding CXX object CMakeFiles/ak_series_driver.dir/src/test_node.cpp.o[0m
[01m[K/home/corey/ros2_ws/src/Cubemars_AK_Series_Driver/ak_series_driver/src/test_node.cpp:56:23:[m[K [01;31m[Kerror: [m[Kstray â€˜[01m[K\[m[Kâ€™ in program
   56 |     int msg[8] = {0xff[01;31m[K\[m[K,0xff\,0xff\,0xff\,0xff\,0xff\,0xff\,0xfc\};
      |                       [01;31m[K^[m[K
[01m[K/home/corey/ros2_ws/src/Cubemars_AK_Series_Driver/ak_series_driver/src/test_node.cpp:56:29:[m[K [01;31m[Kerror: [m[Kstray â€˜[01m[K\[m[Kâ€™ in program
   56 |     int msg[8] = {0xff\,0xff[01;31m[K\[m[K,0xff\,0xff\,0xff\,0xff\,0xff\,0xfc\};
      |                             [01;31m[K^[m[K
[01m[K/home/corey/ros2_ws/src/Cubemars_AK_Series_Driver/ak_series_driver/src/test_node.cpp:56:35:[m[K [01;31m[Kerror: [m[Kstray â€˜[01m[K\[m[Kâ€™ in program
   56 |     int msg[8] = {0xff\,0xff\,0xff[01;31m[K\[m[K,0xff\,0xff\,0xff\,0xff\,0xfc\};
      |                                   [01;31m[K^[m[K
[01m[K/home/corey/ros2_ws/src/Cubemars_AK_Series_Driver/ak_series_driver/src/test_node.cpp:56:41:[m[K [01;31m[Kerror: [m[Kstray â€˜[01m[K\[m[Kâ€™ in program
   56 |     int msg[8] = {0xff\,0xff\,0xff\,0xff[01;31m[K\[m[K,0xff\,0xff\,0xff\,0xfc\};
      |                                         [01;31m[K^[m[K
[01m[K/home/corey/ros2_ws/src/Cubemars_AK_Series_Driver/ak_series_driver/src/test_node.cpp:56:47:[m[K [01;31m[Kerror: [m[Kstray â€˜[01m[K\[m[Kâ€™ in program
   56 |     int msg[8] = {0xff\,0xff\,0xff\,0xff\,0xff[01;31m[K\[m[K,0xff\,0xff\,0xfc\};
      |                                               [01;31m[K^[m[K
[01m[K/home/corey/ros2_ws/src/Cubemars_AK_Series_Driver/ak_series_driver/src/test_node.cpp:56:53:[m[K [01;31m[Kerror: [m[Kstray â€˜[01m[K\[m[Kâ€™ in program
   56 |     int msg[8] = {0xff\,0xff\,0xff\,0xff\,0xff\,0xff[01;31m[K\[m[K,0xff\,0xfc\};
      |                                                     [01;31m[K^[m[K
[01m[K/home/corey/ros2_ws/src/Cubemars_AK_Series_Driver/ak_series_driver/src/test_node.cpp:56:59:[m[K [01;31m[Kerror: [m[Kstray â€˜[01m[K\[m[Kâ€™ in program
   56 |     int msg[8] = {0xff\,0xff\,0xff\,0xff\,0xff\,0xff\,0xff[01;31m[K\[m[K,0xfc\};
      |                                                           [01;31m[K^[m[K
[01m[K/home/corey/ros2_ws/src/Cubemars_AK_Series_Driver/ak_series_driver/src/test_node.cpp:56:65:[m[K [01;31m[Kerror: [m[Kstray â€˜[01m[K\[m[Kâ€™ in program
   56 |     int msg[8] = {0xff\,0xff\,0xff\,0xff\,0xff\,0xff\,0xff\,0xfc[01;31m[K\[m[K};
      |                                                                 [01;31m[K^[m[K
[01m[K/home/corey/ros2_ws/src/Cubemars_AK_Series_Driver/ak_series_driver/src/test_node.cpp:[m[K In function â€˜[01m[Kint main(int, char**)[m[Kâ€™:
[01m[K/home/corey/ros2_ws/src/Cubemars_AK_Series_Driver/ak_series_driver/src/test_node.cpp:57:9:[m[K [01;31m[Kerror: [m[Kâ€˜[01m[Kclass CanCommunication[m[Kâ€™ has no member named â€˜[01m[Ksend_cmd[m[Kâ€™
   57 |     can.[01;31m[Ksend_cmd[m[K(0x01, 8, msg);
      |         [01;31m[K^~~~~~~~[m[K
make[2]: *** [CMakeFiles/ak_series_driver.dir/build.make:76: CMakeFiles/ak_series_driver.dir/src/test_node.cpp.o] Error 1
make[1]: *** [CMakeFiles/Makefile2:139: CMakeFiles/ak_series_driver.dir/all] Error 2
make: *** [Makefile:146: all] Error 2
