[35m[1mScanning dependencies of target ak_series_driver[0m
[ 16%] [32mBuilding CXX object CMakeFiles/ak_series_driver.dir/src/single_motor.cpp.o[0m
In file included from [01m[K/home/corey/Cubemars_AK_Series_Driver/src/ak_series_driver/src/single_motor.cpp:19[m[K:
[01m[K/home/corey/Cubemars_AK_Series_Driver/src/ak_series_driver/include/ak_series_driver/ak_driver.hpp:[m[K In member function â€˜[01m[Kvoid AKDriver::comm_can_set_rpm(uint8_t, float)[m[Kâ€™:
[01m[K/home/corey/Cubemars_AK_Series_Driver/src/ak_series_driver/include/ak_series_driver/ak_driver.hpp:106:49:[m[K [01;35m[Kwarning: [m[Kformat not a string literal and no format arguments [[01;35m[K-Wformat-security[m[K]
  106 |                 printf(std::to_string(i).c_str()[01;35m[K)[m[K;
      |                                                 [01;35m[K^[m[K
[01m[K/home/corey/Cubemars_AK_Series_Driver/src/ak_series_driver/include/ak_series_driver/ak_driver.hpp:109:26:[m[K [01;31m[Kerror: [m[Kâ€˜[01m[Ksend_index1[m[Kâ€™ was not declared in this scope; did you mean â€˜[01m[Ksend_index[m[Kâ€™?
  109 |             std::cout << [01;31m[Ksend_index1[m[K;
      |                          [01;31m[K^~~~~~~~~~~[m[K
      |                          [32m[Ksend_index[m[K
make[2]: *** [CMakeFiles/ak_series_driver.dir/build.make:63: CMakeFiles/ak_series_driver.dir/src/single_motor.cpp.o] Error 1
make[1]: *** [CMakeFiles/Makefile2:136: CMakeFiles/ak_series_driver.dir/all] Error 2
make: *** [Makefile:141: all] Error 2
