[01m[K/home/corey/ros2_ws/src/Cubemars_AK_Series_Driver/ak_series_driver/src/test_node.cpp:49:9:[m[K [01;31m[Kerror: [m[Kâ€˜[01m[Ksubscription_[m[Kâ€™ does not name a type; did you mean â€˜[01m[Krcl_subscription_t[m[Kâ€™?
   49 |         [01;31m[Ksubscription_[m[K = this->create_subscription<std_msgs::msg::String>(
      |         [01;31m[K^~~~~~~~~~~~~[m[K
      |         [32m[Krcl_subscription_t[m[K
[01m[K/home/corey/ros2_ws/src/Cubemars_AK_Series_Driver/ak_series_driver/src/test_node.cpp:[m[K In member function â€˜[01m[Kvoid TestNode::topic_callback(std_msgs::msg::String_<std::allocator<void> >::SharedPtr) const[m[Kâ€™:
[01m[K/home/corey/ros2_ws/src/Cubemars_AK_Series_Driver/ak_series_driver/src/test_node.cpp:74:23:[m[K [01;31m[Kerror: [m[Kpassing â€˜[01m[Kconst TestNode[m[Kâ€™ as â€˜[01m[Kthis[m[Kâ€™ argument discards qualifiers [[01;31m[K-fpermissive[m[K]
   74 |                 setup([01;31m[K)[m[K;
      |                       [01;31m[K^[m[K
[01m[K/home/corey/ros2_ws/src/Cubemars_AK_Series_Driver/ak_series_driver/src/test_node.cpp:52:14:[m[K [01;36m[Knote: [m[K  in call to â€˜[01m[Kvoid TestNode::setup()[m[Kâ€™
   52 |         void [01;36m[Ksetup[m[K()
      |              [01;36m[K^~~~~[m[K
[01m[K/home/corey/ros2_ws/src/Cubemars_AK_Series_Driver/ak_series_driver/src/test_node.cpp:91:113:[m[K [01;31m[Kerror: [m[Kpassing â€˜[01m[Kconst AKDriver[m[Kâ€™ as â€˜[01m[Kthis[m[Kâ€™ argument discards qualifiers [[01;31m[K-fpermissive[m[K]
   91 |                         std::atof(inputs[2].c_str()), std::atof(inputs[3].c_str()), std::atof(inputs[4].c_str())[01;31m[K)[m[K;
      |                                                                                                                 [01;31m[K^[m[K
In file included from [01m[K/home/corey/ros2_ws/src/Cubemars_AK_Series_Driver/ak_series_driver/src/test_node.cpp:17[m[K:
[01m[K/home/corey/ros2_ws/src/Cubemars_AK_Series_Driver/ak_series_driver/include/ak_series_driver/ak_driver.hpp:32:14:[m[K [01;36m[Knote: [m[K  in call to â€˜[01m[Kvoid AKDriver::set_motor_param(float, float, float, float, float)[m[Kâ€™
   32 |         void [01;36m[Kset_motor_param[m[K(float position, float velocity, float torque, float Kp, float Kd)
      |              [01;36m[K^~~~~~~~~~~~~~~[m[K
[01m[K/home/corey/ros2_ws/src/Cubemars_AK_Series_Driver/ak_series_driver/src/test_node.cpp:93:37:[m[K [01;31m[Kerror: [m[Kpassing â€˜[01m[Kconst AKDriver[m[Kâ€™ as â€˜[01m[Kthis[m[Kâ€™ argument discards qualifiers [[01;31m[K-fpermissive[m[K]
   93 |                 driver.get_data(data[01;31m[K)[m[K;
      |                                     [01;31m[K^[m[K
In file included from [01m[K/home/corey/ros2_ws/src/Cubemars_AK_Series_Driver/ak_series_driver/src/test_node.cpp:17[m[K:
[01m[K/home/corey/ros2_ws/src/Cubemars_AK_Series_Driver/ak_series_driver/include/ak_series_driver/ak_driver.hpp:50:14:[m[K [01;36m[Knote: [m[K  in call to â€˜[01m[Kvoid AKDriver::get_data(float*)[m[Kâ€™
   50 |         void [01;36m[Kget_data[m[K(float *data)
      |              [01;36m[K^~~~~~~~[m[K
[01m[K/home/corey/ros2_ws/src/Cubemars_AK_Series_Driver/ak_series_driver/src/test_node.cpp:93:33:[m[K [01;31m[Kerror: [m[Kinvalid conversion from â€˜[01m[Kconst float*[m[Kâ€™ to â€˜[01m[Kfloat*[m[Kâ€™ [[01;31m[K-fpermissive[m[K]
   93 |                 driver.get_data([01;31m[Kdata[m[K);
      |                                 [01;31m[K^~~~[m[K
      |                                 [01;31m[K|[m[K
      |                                 [01;31m[Kconst float*[m[K
In file included from [01m[K/home/corey/ros2_ws/src/Cubemars_AK_Series_Driver/ak_series_driver/src/test_node.cpp:17[m[K:
[01m[K/home/corey/ros2_ws/src/Cubemars_AK_Series_Driver/ak_series_driver/include/ak_series_driver/ak_driver.hpp:50:30:[m[K [01;36m[Knote: [m[K  initializing argument 1 of â€˜[01m[Kvoid AKDriver::get_data(float*)[m[Kâ€™
   50 |         void get_data([01;36m[Kfloat *data[m[K)
      |                       [01;36m[K~~~~~~~^~~~[m[K
make[2]: *** [CMakeFiles/ak_series_driver.dir/build.make:76: CMakeFiles/ak_series_driver.dir/src/test_node.cpp.o] Error 1
make[1]: *** [CMakeFiles/Makefile2:139: CMakeFiles/ak_series_driver.dir/all] Error 2
make: *** [Makefile:146: all] Error 2
