[ 25%] [32mBuilding CXX object CMakeFiles/ak_series_driver.dir/src/test_node.cpp.o[0m
In file included from [01m[K/home/corey/ros2_ws/src/Cubemars_AK_Series_Driver/ak_series_driver/src/test_node.cpp:14[m[K:
[01m[K/home/corey/ros2_ws/src/Cubemars_AK_Series_Driver/ak_series_driver/include/ak_series_driver/can_communication.hpp:[m[K In member function â€˜[01m[Kint CanCommunication::start(int, int)[m[Kâ€™:
[01m[K/home/corey/ros2_ws/src/Cubemars_AK_Series_Driver/ak_series_driver/include/ak_series_driver/can_communication.hpp:65:59:[m[K [01;31m[Kerror: [m[Ktoo few arguments to function â€˜[01m[Kint setsockopt(int, int, int, const void*, socklen_t)[m[Kâ€™
   65 |             setsockopt(s, SOL_CAN_RAW, CAN_RAW_LOOPBACK, 0[01;31m[K)[m[K;
      |                                                           [01;31m[K^[m[K
In file included from [01m[K/usr/include/net/if.h:26[m[K,
                 from [01m[K/home/corey/ros2_ws/src/Cubemars_AK_Series_Driver/ak_series_driver/src/test_node.cpp:5[m[K:
[01m[K/usr/include/x86_64-linux-gnu/sys/socket.h:215:12:[m[K [01;36m[Knote: [m[Kdeclared here
  215 | extern int [01;36m[Ksetsockopt[m[K (int __fd, int __level, int __optname,
      |            [01;36m[K^~~~~~~~~~[m[K
In file included from [01m[K/home/corey/ros2_ws/src/Cubemars_AK_Series_Driver/ak_series_driver/src/test_node.cpp:14[m[K:
[01m[K/home/corey/ros2_ws/src/Cubemars_AK_Series_Driver/ak_series_driver/include/ak_series_driver/can_communication.hpp:[m[K In member function â€˜[01m[Kvoid CanCommunication::send_cmd(int, int, int*)[m[Kâ€™:
[01m[K/home/corey/ros2_ws/src/Cubemars_AK_Series_Driver/ak_series_driver/include/ak_series_driver/can_communication.hpp:99:13:[m[K [01;31m[Kerror: [m[Kexpected â€˜[01m[K,[m[Kâ€™ or â€˜[01m[K;[m[Kâ€™ before â€˜[01m[Kwhile[m[Kâ€™
   99 |             [01;31m[Kwhile[m[K(k < 100000) {
      |             [01;31m[K^~~~~[m[K
[01m[K/home/corey/ros2_ws/src/Cubemars_AK_Series_Driver/ak_series_driver/include/ak_series_driver/can_communication.hpp:98:17:[m[K [01;35m[Kwarning: [m[Kunused variable â€˜[01m[Kk[m[Kâ€™ [[01;35m[K-Wunused-variable[m[K]
   98 |             int [01;35m[Kk[m[K = 0
      |                 [01;35m[K^[m[K
make[2]: *** [CMakeFiles/ak_series_driver.dir/build.make:76: CMakeFiles/ak_series_driver.dir/src/test_node.cpp.o] Error 1
make[1]: *** [CMakeFiles/Makefile2:139: CMakeFiles/ak_series_driver.dir/all] Error 2
make: *** [Makefile:146: all] Error 2
