[0.125s] Invoking command in '/home/corey/ros2_ws/build/ak_series_driver': CMAKE_PREFIX_PATH=/opt/ros/galactic /home/corey/.local/bin/cmake /home/corey/ros2_ws/src/Cubemars_AK_Series_Driver/ak_series_driver -DAMENT_CMAKE_SYMLINK_INSTALL=1 -DCMAKE_INSTALL_PREFIX=/home/corey/ros2_ws/install/ak_series_driver
[0.175s] -- The C compiler identification is GNU 9.4.0
[0.215s] -- The CXX compiler identification is GNU 9.4.0
[0.227s] -- Detecting C compiler ABI info
[0.268s] -- Detecting C compiler ABI info - done
[0.276s] -- Check for working C compiler: /usr/bin/cc - skipped
[0.277s] -- Detecting C compile features
[0.277s] -- Detecting C compile features - done
[0.284s] -- Detecting CXX compiler ABI info
[0.333s] -- Detecting CXX compiler ABI info - done
[0.342s] -- Check for working CXX compiler: /usr/bin/c++ - skipped
[0.342s] -- Detecting CXX compile features
[0.343s] -- Detecting CXX compile features - done
[0.345s] -- Found ament_cmake: 1.1.6 (/opt/ros/galactic/share/ament_cmake/cmake)
[0.347s] [33mCMake Warning (dev) at /opt/ros/galactic/share/ament_cmake_core/cmake/core/python.cmake:22 (find_package):
[0.347s]   Policy CMP0148 is not set: The FindPythonInterp and FindPythonLibs modules
[0.347s]   are removed.  Run "cmake --help-policy CMP0148" for policy details.  Use
[0.347s]   the cmake_policy command to set the policy and suppress this warning.
[0.347s] 
[0.347s] Call Stack (most recent call first):
[0.348s]   /opt/ros/galactic/share/ament_cmake_core/cmake/core/all.cmake:53 (include)
[0.348s]   /opt/ros/galactic/share/ament_cmake_core/cmake/ament_cmake_core-extras.cmake:17 (include)
[0.348s]   /opt/ros/galactic/share/ament_cmake_core/cmake/ament_cmake_coreConfig.cmake:41 (include)
[0.348s]   /opt/ros/galactic/share/ament_cmake/cmake/ament_cmake_export_dependencies-extras.cmake:15 (find_package)
[0.348s]   /opt/ros/galactic/share/ament_cmake/cmake/ament_cmakeConfig.cmake:41 (include)
[0.348s]   CMakeLists.txt:9 (find_package)
[0.348s] This warning is for project developers.  Use -Wno-dev to suppress it.
[0.348s] [0m
[0.361s] -- Found PythonInterp: /usr/bin/python3 (found suitable version "3.8.10", minimum required is "3") 
[0.361s] -- Using PYTHON_EXECUTABLE: /usr/bin/python3
[0.398s] -- Override CMake install command with custom implementation using symlinks instead of copying resources
[0.415s] -- Found rclcpp: 9.2.2 (/opt/ros/galactic/share/rclcpp/cmake)
[0.452s] -- Using all available rosidl_typesupport_c: rosidl_typesupport_fastrtps_c;rosidl_typesupport_introspection_c
[0.457s] -- Found rosidl_adapter: 2.2.3 (/opt/ros/galactic/share/rosidl_adapter/cmake)
[0.502s] -- Found OpenSSL: /usr/lib/x86_64-linux-gnu/libcrypto.so (found version "1.1.1f")  
[0.526s] -- Found FastRTPS: /opt/ros/galactic/include  
[0.584s] -- Using all available rosidl_typesupport_cpp: rosidl_typesupport_fastrtps_cpp;rosidl_typesupport_introspection_cpp
[0.631s] -- Found rmw_implementation_cmake: 3.3.1 (/opt/ros/galactic/share/rmw_implementation_cmake/cmake)
[0.633s] -- Found rmw_cyclonedds_cpp: 0.22.6 (/opt/ros/galactic/share/rmw_cyclonedds_cpp/cmake)
[0.647s] -- Using RMW implementation 'rmw_cyclonedds_cpp' as default
[0.648s] -- Performing Test CMAKE_HAVE_LIBC_PTHREAD
[0.694s] -- Performing Test CMAKE_HAVE_LIBC_PTHREAD - Failed
[0.694s] -- Looking for pthread_create in pthreads
[0.728s] -- Looking for pthread_create in pthreads - not found
[0.728s] -- Looking for pthread_create in pthread
[0.770s] -- Looking for pthread_create in pthread - found
[0.771s] -- Found Threads: TRUE  
[0.934s] -- Configuring done (0.8s)
[0.945s] -- Generating done (0.0s)
[0.946s] -- Build files have been written to: /home/corey/ros2_ws/build/ak_series_driver
[0.955s] Invoked command in '/home/corey/ros2_ws/build/ak_series_driver' returned '0': CMAKE_PREFIX_PATH=/opt/ros/galactic /home/corey/.local/bin/cmake /home/corey/ros2_ws/src/Cubemars_AK_Series_Driver/ak_series_driver -DAMENT_CMAKE_SYMLINK_INSTALL=1 -DCMAKE_INSTALL_PREFIX=/home/corey/ros2_ws/install/ak_series_driver
[0.957s] Invoking command in '/home/corey/ros2_ws/build/ak_series_driver': CMAKE_PREFIX_PATH=/opt/ros/galactic /home/corey/.local/bin/cmake --build /home/corey/ros2_ws/build/ak_series_driver -- -j16 -l16
[0.988s] [ 12%] [32mBuilding CXX object CMakeFiles/ak_series_driver.dir/src/test_node.cpp.o[0m
[0.988s] [ 25%] [32mBuilding CXX object CMakeFiles/ak_series_driver.dir/src/tmotor_ak_actuators.cpp.o[0m
[0.988s] [ 37%] [32mBuilding CXX object CMakeFiles/ak_series_driver.dir/src/mcp2515.cpp.o[0m
[0.996s] In file included from [01m[K/home/corey/ros2_ws/src/Cubemars_AK_Series_Driver/ak_series_driver/src/mcp2515.cpp:11[m[K:
[0.996s] [01m[K/home/corey/ros2_ws/src/Cubemars_AK_Series_Driver/ak_series_driver/include/ak_series_driver/mcp2515.h:57:20:[m[K [01;31m[Kerror: [m[Kexpected identifier before â€˜[01m[K*[m[Kâ€™ token
[0.997s]    57 |   typedef uint8_t ([01;31m[K*[m[KspiTransfer_t)(uint8_t data);
[0.997s]       |                    [01;31m[K^[m[K
[0.997s] [01m[K/home/corey/ros2_ws/src/Cubemars_AK_Series_Driver/ak_series_driver/include/ak_series_driver/mcp2515.h:57:36:[m[K [01;31m[Kerror: [m[Kâ€˜[01m[Kuint8_t[m[Kâ€™ has not been declared
[0.997s]    57 |   typedef uint8_t (*spiTransfer_t)([01;31m[Kuint8_t[m[K data);
[0.997s]       |                                    [01;31m[K^~~~~~~[m[K
[0.997s] [01m[K/home/corey/ros2_ws/src/Cubemars_AK_Series_Driver/ak_series_driver/include/ak_series_driver/mcp2515.h:57:48:[m[K [01;31m[Kerror: [m[KISO C++ forbids declaration of â€˜[01m[Kuint8_t[m[Kâ€™ with no type [[01;31m[K-fpermissive[m[K]
[0.997s]    57 |   typedef uint8_t (*spiTransfer_t)(uint8_t data[01;31m[K)[m[K;
[0.997s]       |                                                [01;31m[K^[m[K
[0.997s] [01m[K/home/corey/ros2_ws/src/Cubemars_AK_Series_Driver/ak_series_driver/include/ak_series_driver/mcp2515.h:57:48:[m[K [01;31m[Kerror: [m[Kâ€˜[01m[Kuint8_t[m[Kâ€™ declared as function returning a function
[0.997s] [01m[K/home/corey/ros2_ws/src/Cubemars_AK_Series_Driver/ak_series_driver/include/ak_series_driver/mcp2515.h:58:27:[m[K [01;31m[Kerror: [m[Kâ€˜[01m[Kuint32_t[m[Kâ€™ has not been declared
[0.997s]    58 |   typedef void (*delay_t)([01;31m[Kuint32_t[m[K ms);
[0.997s]       |                           [01;31m[K^~~~~~~~[m[K
[0.997s] [01m[K/home/corey/ros2_ws/src/Cubemars_AK_Series_Driver/ak_series_driver/include/ak_series_driver/mcp2515.h:99:18:[m[K [01;31m[Kerror: [m[Kuse of enum â€˜[01m[KCANINTF[m[Kâ€™ without previous declaration
[0.998s]    99 |   enum /*class*/ [01;31m[KCANINTF[m[K : uint8_t
[0.998s]       |                  [01;31m[K^~~~~~~[m[K
[0.998s] [01m[K/home/corey/ros2_ws/src/Cubemars_AK_Series_Driver/ak_series_driver/include/ak_series_driver/mcp2515.h:99:28:[m[K [01;31m[Kerror: [m[Kâ€˜[01m[Kuint8_t[m[Kâ€™ was not declared in this scope
[0.998s]    99 |   enum /*class*/ CANINTF : [01;31m[Kuint8_t[m[K
[0.998s]       |                            [01;31m[K^~~~~~~[m[K
[0.998s] [01m[K/home/corey/ros2_ws/src/Cubemars_AK_Series_Driver/ak_series_driver/include/ak_series_driver/mcp2515.h:100:3:[m[K [01;31m[Kerror: [m[Kdefault member initializer for unnamed bit-field
[0.998s]   100 |   [01;31m[K{[m[K
[0.998s]       |   [01;31m[K^[m[K
[0.998s] [01m[K/home/corey/ros2_ws/src/Cubemars_AK_Series_Driver/ak_series_driver/include/ak_series_driver/mcp2515.h:111:18:[m[K [01;31m[Kerror: [m[Kuse of enum â€˜[01m[KEFLG[m[Kâ€™ without previous declaration
[0.998s]   111 |   enum /*class*/ [01;31m[KEFLG[m[K : uint8_t
[0.998s]       |                  [01;31m[K^~~~[m[K
[0.998s] [01m[K/home/corey/ros2_ws/src/Cubemars_AK_Series_Driver/ak_series_driver/include/ak_series_driver/mcp2515.h:111:25:[m[K [01;31m[Kerror: [m[Kâ€˜[01m[Kuint8_t[m[Kâ€™ was not declared in this scope
[0.998s]   111 |   enum /*class*/ EFLG : [01;31m[Kuint8_t[m[K
[0.999s]       |                         [01;31m[K^~~~~~~[m[K
[0.999s] [01m[K/home/corey/ros2_ws/src/Cubemars_AK_Series_Driver/ak_series_driver/include/ak_series_driver/mcp2515.h:112:3:[m[K [01;31m[Kerror: [m[Kdefault member initializer for unnamed bit-field
[0.999s]   112 |   [01;31m[K{[m[K
[0.999s]       |   [01;31m[K^[m[K
[0.999s] [01m[K/home/corey/ros2_ws/src/Cubemars_AK_Series_Driver/ak_series_driver/include/ak_series_driver/mcp2515.h:124:16:[m[K [01;31m[Kerror: [m[Kâ€˜[01m[Kuint8_t[m[Kâ€™ does not name a type
[0.999s]   124 |   static const [01;31m[Kuint8_t[m[K CANCTRL_REQOP = 0xE0;
[0.999s]       |                [01;31m[K^~~~~~~[m[K
[0.999s] [01m[K/home/corey/ros2_ws/src/Cubemars_AK_Series_Driver/ak_series_driver/include/ak_series_driver/mcp2515.h:125:16:[m[K [01;31m[Kerror: [m[Kâ€˜[01m[Kuint8_t[m[Kâ€™ does not name a type
[0.999s]   125 |   static const [01;31m[Kuint8_t[m[K CANCTRL_ABAT = 0x10;
[0.999s]       |                [01;31m[K^~~~~~~[m[K
[0.999s] [01m[K/home/corey/ros2_ws/src/Cubemars_AK_Series_Driver/ak_series_driver/include/ak_series_driver/mcp2515.h:126:16:[m[K [01;31m[Kerror: [m[Kâ€˜[01m[Kuint8_t[m[Kâ€™ does not name a type
[0.999s]   126 |   static const [01;31m[Kuint8_t[m[K CANCTRL_OSM = 0x08;
[0.999s]       |                [01;31m[K^~~~~~~[m[K
[0.999s] [01m[K/home/corey/ros2_ws/src/Cubemars_AK_Series_Driver/ak_series_driver/include/ak_series_driver/mcp2515.h:127:16:[m[K [01;31m[Kerror: [m[Kâ€˜[01m[Kuint8_t[m[Kâ€™ does not name a type
[1.000s]   127 |   static const [01;31m[Kuint8_t[m[K CANCTRL_CLKEN = 0x04;
[1.000s]       |                [01;31m[K^~~~~~~[m[K
[1.000s] [01m[K/home/corey/ros2_ws/src/Cubemars_AK_Series_Driver/ak_series_driver/include/ak_series_driver/mcp2515.h:128:16:[m[K [01;31m[Kerror: [m[Kâ€˜[01m[Kuint8_t[m[Kâ€™ does not name a type
[1.000s]   128 |   static const [01;31m[Kuint8_t[m[K CANCTRL_CLKPRE = 0x03;
[1.000s]       |                [01;31m[K^~~~~~~[m[K
[1.000s] [01m[K/home/corey/ros2_ws/src/Cubemars_AK_Series_Driver/ak_series_driver/include/ak_series_driver/mcp2515.h:130:18:[m[K [01;31m[Kerror: [m[Kuse of enum â€˜[01m[KCANCTRL_REQOP_MODE[m[Kâ€™ without previous declaration
[1.000s]   130 |   enum /*class*/ [01;31m[KCANCTRL_REQOP_MODE[m[K : uint8_t
[1.000s]       |                  [01;31m[K^~~~~~~~~~~~~~~~~~[m[K
[1.000s] [01m[K/home/corey/ros2_ws/src/Cubemars_AK_Series_Driver/ak_series_driver/include/ak_series_driver/mcp2515.h:130:39:[m[K [01;31m[Kerror: [m[Kâ€˜[01m[Kuint8_t[m[Kâ€™ was not declared in this scope
[1.000s]   130 |   enum /*class*/ CANCTRL_REQOP_MODE : [01;31m[Kuint8_t[m[K
[1.000s]       |                                       [01;31m[K^~~~~~~[m[K
[1.000s] [01m[K/home/corey/ros2_ws/src/Cubemars_AK_Series_Driver/ak_series_driver/include/ak_series_driver/mcp2515.h:131:3:[m[K [01;31m[Kerror: [m[Kdefault member initializer for unnamed bit-field
[1.000s]   131 |   [01;31m[K{[m[K
[1.001s]       |   [01;31m[K^[m[K
[1.001s] [01m[K/home/corey/ros2_ws/src/Cubemars_AK_Series_Driver/ak_series_driver/include/ak_series_driver/mcp2515.h:140:16:[m[K [01;31m[Kerror: [m[Kâ€˜[01m[Kuint8_t[m[Kâ€™ does not name a type
[1.001s]   140 |   static const [01;31m[Kuint8_t[m[K CANSTAT_OPMOD = 0xE0;
[1.001s]       |                [01;31m[K^~~~~~~[m[K
[1.001s] [01m[K/home/corey/ros2_ws/src/Cubemars_AK_Series_Driver/ak_series_driver/include/ak_series_driver/mcp2515.h:141:16:[m[K [01;31m[Kerror: [m[Kâ€˜[01m[Kuint8_t[m[Kâ€™ does not name a type
[1.001s]   141 |   static const [01;31m[Kuint8_t[m[K CANSTAT_ICOD = 0x0E;
[1.001s]       |                [01;31m[K^~~~~~~[m[K
[1.001s] [01m[K/home/corey/ros2_ws/src/Cubemars_AK_Series_Driver/ak_series_driver/include/ak_series_driver/mcp2515.h:143:16:[m[K [01;31m[Kerror: [m[Kâ€˜[01m[Kuint8_t[m[Kâ€™ does not name a type
[1.001s]   143 |   static const [01;31m[Kuint8_t[m[K CNF3_SOF = 0x80;
[1.001s]       |                [01;31m[K^~~~~~~[m[K
[1.001s] [01m[K/home/corey/ros2_ws/src/Cubemars_AK_Series_Driver/ak_series_driver/include/ak_series_driver/mcp2515.h:145:16:[m[K [01;31m[Kerror: [m[Kâ€˜[01m[Kuint8_t[m[Kâ€™ does not name a type
[1.001s]   145 |   static const [01;31m[Kuint8_t[m[K TXB_EXIDE_MASK = 0x08;
[1.002s]       |                [01;31m[K^~~~~~~[m[K
[1.002s] [01m[K/home/corey/ros2_ws/src/Cubemars_AK_Series_Driver/ak_series_driver/include/ak_series_driver/mcp2515.h:146:16:[m[K [01;31m[Kerror: [m[Kâ€˜[01m[Kuint8_t[m[Kâ€™ does not name a type
[1.002s]   146 |   static const [01;31m[Kuint8_t[m[K DLC_MASK = 0x0F;
[1.002s]       |                [01;31m[K^~~~~~~[m[K
[1.002s] [01m[K/home/corey/ros2_ws/src/Cubemars_AK_Series_Driver/ak_series_driver/include/ak_series_driver/mcp2515.h:147:16:[m[K [01;31m[Kerror: [m[Kâ€˜[01m[Kuint8_t[m[Kâ€™ does not name a type
[1.002s]   147 |   static const [01;31m[Kuint8_t[m[K RTR_MASK = 0x40;
[1.002s]       |                [01;31m[K^~~~~~~[m[K
[1.002s] [01m[K/home/corey/ros2_ws/src/Cubemars_AK_Series_Driver/ak_series_driver/include/ak_series_driver/mcp2515.h:149:16:[m[K [01;31m[Kerror: [m[Kâ€˜[01m[Kuint8_t[m[Kâ€™ does not name a type
[1.002s]   149 |   static const [01;31m[Kuint8_t[m[K RXBnCTRL_RXM_STD = 0x20;
[1.002s]       |                [01;31m[K^~~~~~~[m[K
[1.002s] [01m[K/home/corey/ros2_ws/src/Cubemars_AK_Series_Driver/ak_series_driver/include/ak_series_driver/mcp2515.h:150:16:[m[K [01;31m[Kerror: [m[Kâ€˜[01m[Kuint8_t[m[Kâ€™ does not name a type
[1.002s]   150 |   static const [01;31m[Kuint8_t[m[K RXBnCTRL_RXM_EXT = 0x40;
[1.002s]       |                [01;31m[K^~~~~~~[m[K
[1.002s] [01m[K/home/corey/ros2_ws/src/Cubemars_AK_Series_Driver/ak_series_driver/include/ak_series_driver/mcp2515.h:151:16:[m[K [01;31m[Kerror: [m[Kâ€˜[01m[Kuint8_t[m[Kâ€™ does not name a type
[1.002s]   151 |   static const [01;31m[Kuint8_t[m[K RXBnCTRL_RXM_STDEXT = 0x00;
[1.002s]       |                [01;31m[K^~~~~~~[m[K
[1.002s] [01m[K/home/corey/ros2_ws/src/Cubemars_AK_Series_Driver/ak_series_driver/include/ak_series_driver/mcp2515.h:152:16:[m[K [01;31m[Kerror: [m[Kâ€˜[01m[Kuint8_t[m[Kâ€™ does not name a type
[1.003s]   152 |   static const [01;31m[Kuint8_t[m[K RXBnCTRL_RXM_MASK = 0x60;
[1.003s]       |                [01;31m[K^~~~~~~[m[K
[1.003s] [01m[K/home/corey/ros2_ws/src/Cubemars_AK_Series_Driver/ak_series_driver/include/ak_series_driver/mcp2515.h:153:16:[m[K [01;31m[Kerror: [m[Kâ€˜[01m[Kuint8_t[m[Kâ€™ does not name a type
[1.003s]   153 |   static const [01;31m[Kuint8_t[m[K RXBnCTRL_RTR = 0x08;
[1.003s]       |                [01;31m[K^~~~~~~[m[K
[1.003s] [01m[K/home/corey/ros2_ws/src/Cubemars_AK_Series_Driver/ak_series_driver/include/ak_series_driver/mcp2515.h:154:16:[m[K [01;31m[Kerror: [m[Kâ€˜[01m[Kuint8_t[m[Kâ€™ does not name a type
[1.003s]   154 |   static const [01;31m[Kuint8_t[m[K RXB0CTRL_BUKT = 0x04;
[1.003s]       |                [01;31m[K^~~~~~~[m[K
[1.003s] [01m[K/home/corey/ros2_ws/src/Cubemars_AK_Series_Driver/ak_series_driver/include/ak_series_driver/mcp2515.h:155:16:[m[K [01;31m[Kerror: [m[Kâ€˜[01m[Kuint8_t[m[Kâ€™ does not name a type
[1.003s]   155 |   static const [01;31m[Kuint8_t[m[K RXB0CTRL_FILHIT_MASK = 0x03;
[1.003s]       |                [01;31m[K^~~~~~~[m[K
[1.003s] [01m[K/home/corey/ros2_ws/src/Cubemars_AK_Series_Driver/ak_series_driver/include/ak_series_driver/mcp2515.h:156:16:[m[K [01;31m[Kerror: [m[Kâ€˜[01m[Kuint8_t[m[Kâ€™ does not name a type
[1.003s]   156 |   static const [01;31m[Kuint8_t[m[K RXB1CTRL_FILHIT_MASK = 0x07;
[1.003s]       |                [01;31m[K^~~~~~~[m[K
[1.003s] [01m[K/home/corey/ros2_ws/src/Cubemars_AK_Series_Driver/ak_series_driver/include/ak_series_driver/mcp2515.h:157:16:[m[K [01;31m[Kerror: [m[Kâ€˜[01m[Kuint8_t[m[Kâ€™ does not name a type
[1.003s]   157 |   static const [01;31m[Kuint8_t[m[K RXB0CTRL_FILHIT = 0x00;
[1.003s]       |                [01;31m[K^~~~~~~[m[K
[1.004s] [01m[K/home/corey/ros2_ws/src/Cubemars_AK_Series_Driver/ak_series_driver/include/ak_series_driver/mcp2515.h:158:16:[m[K [01;31m[Kerror: [m[Kâ€˜[01m[Kuint8_t[m[Kâ€™ does not name a type
[1.004s]   158 |   static const [01;31m[Kuint8_t[m[K RXB1CTRL_FILHIT = 0x01;
[1.004s]       |                [01;31m[K^~~~~~~[m[K
[1.004s] [01m[K/home/corey/ros2_ws/src/Cubemars_AK_Series_Driver/ak_series_driver/include/ak_series_driver/mcp2515.h:160:16:[m[K [01;31m[Kerror: [m[Kâ€˜[01m[Kuint8_t[m[Kâ€™ does not name a type
[1.004s]   160 |   static const [01;31m[Kuint8_t[m[K MCP_SIDH = 0;
[1.004s]       |                [01;31m[K^~~~~~~[m[K
[1.004s] [01m[K/home/corey/ros2_ws/src/Cubemars_AK_Series_Driver/ak_series_driver/include/ak_series_driver/mcp2515.h:161:16:[m[K [01;31m[Kerror: [m[Kâ€˜[01m[Kuint8_t[m[Kâ€™ does not name a type
[1.004s]   161 |   static const [01;31m[Kuint8_t[m[K MCP_SIDL = 1;
[1.004s]       |                [01;31m[K^~~~~~~[m[K
[1.004s] [01m[K/home/corey/ros2_ws/src/Cubemars_AK_Series_Driver/ak_series_driver/include/ak_series_driver/mcp2515.h:162:16:[m[K [01;31m[Kerror: [m[Kâ€˜[01m[Kuint8_t[m[Kâ€™ does not name a type
[1.004s]   162 |   static const [01;31m[Kuint8_t[m[K MCP_EID8 = 2;
[1.004s]       |                [01;31m[K^~~~~~~[m[K
[1.004s] [01m[K/home/corey/ros2_ws/src/Cubemars_AK_Series_Driver/ak_series_driver/include/ak_series_driver/mcp2515.h:163:16:[m[K [01;31m[Kerror: [m[Kâ€˜[01m[Kuint8_t[m[Kâ€™ does not name a type
[1.004s]   163 |   static const [01;31m[Kuint8_t[m[K MCP_EID0 = 3;
[1.004s]       |                [01;31m[K^~~~~~~[m[K
[1.004s] [01m[K/home/corey/ros2_ws/src/Cubemars_AK_Series_Driver/ak_series_driver/include/ak_series_driver/mcp2515.h:164:16:[m[K [01;31m[Kerror: [m[Kâ€˜[01m[Kuint8_t[m[Kâ€™ does not name a type
[1.004s]   164 |   static const [01;31m[Kuint8_t[m[K MCP_DLC = 4;
[1.005s]       |                [01;31m[K^~~~~~~[m[K
[1.005s] [01m[K/home/corey/ros2_ws/src/Cubemars_AK_Series_Driver/ak_series_driver/include/ak_series_driver/mcp2515.h:165:16:[m[K [01;31m[Kerror: [m[Kâ€˜[01m[Kuint8_t[m[Kâ€™ does not name a type
[1.005s]   165 |   static const [01;31m[Kuint8_t[m[K MCP_DATA = 5;
[1.005s]       |                [01;31m[K^~~~~~~[m[K
[1.005s] [01m[K/home/corey/ros2_ws/src/Cubemars_AK_Series_Driver/ak_series_driver/include/ak_series_driver/mcp2515.h:167:18:[m[K [01;31m[Kerror: [m[Kuse of enum â€˜[01m[KSTAT[m[Kâ€™ without previous declaration
[1.005s]   167 |   enum /*class*/ [01;31m[KSTAT[m[K : uint8_t
[1.005s]       |                  [01;31m[K^~~~[m[K
[1.005s] [01m[K/home/corey/ros2_ws/src/Cubemars_AK_Series_Driver/ak_series_driver/include/ak_series_driver/mcp2515.h:167:25:[m[K [01;31m[Kerror: [m[Kâ€˜[01m[Kuint8_t[m[Kâ€™ was not declared in this scope
[1.005s]   167 |   enum /*class*/ STAT : [01;31m[Kuint8_t[m[K
[1.005s]       |                         [01;31m[K^~~~~~~[m[K
[1.005s] [01m[K/home/corey/ros2_ws/src/Cubemars_AK_Series_Driver/ak_series_driver/include/ak_series_driver/mcp2515.h:168:3:[m[K [01;31m[Kerror: [m[Kdefault member initializer for unnamed bit-field
[1.005s]   168 |   [01;31m[K{[m[K
[1.006s]       |   [01;31m[K^[m[K
[1.006s] [01m[K/home/corey/ros2_ws/src/Cubemars_AK_Series_Driver/ak_series_driver/include/ak_series_driver/mcp2515.h:173:16:[m[K [01;31m[Kerror: [m[Kâ€˜[01m[Kuint8_t[m[Kâ€™ does not name a type
[1.006s]   173 |   static const [01;31m[Kuint8_t[m[K STAT_RXIF_MASK = STAT_RX0IF | STAT_RX1IF;
[1.006s]       |                [01;31m[K^~~~~~~[m[K
[1.006s] [01m[K/home/corey/ros2_ws/src/Cubemars_AK_Series_Driver/ak_series_driver/include/ak_series_driver/mcp2515.h:175:18:[m[K [01;31m[Kerror: [m[Kuse of enum â€˜[01m[KTXBnCTRL[m[Kâ€™ without previous declaration
[1.006s]   175 |   enum /*class*/ [01;31m[KTXBnCTRL[m[K : uint8_t
[1.006s]       |                  [01;31m[K^~~~~~~~[m[K
[1.006s] [01m[K/home/corey/ros2_ws/src/Cubemars_AK_Series_Driver/ak_series_driver/include/ak_series_driver/mcp2515.h:175:29:[m[K [01;31m[Kerror: [m[Kâ€˜[01m[Kuint8_t[m[Kâ€™ was not declared in this scope
[1.006s]   175 |   enum /*class*/ TXBnCTRL : [01;31m[Kuint8_t[m[K
[1.006s]       |                             [01;31m[K^~~~~~~[m[K
[1.006s] [01m[K/home/corey/ros2_ws/src/Cubemars_AK_Series_Driver/ak_series_driver/include/ak_series_driver/mcp2515.h:176:3:[m[K [01;31m[Kerror: [m[Kdefault member initializer for unnamed bit-field
[1.006s]   176 |   [01;31m[K{[m[K
[1.007s]       |   [01;31m[K^[m[K
[1.007s] [01m[K/home/corey/ros2_ws/src/Cubemars_AK_Series_Driver/ak_series_driver/include/ak_series_driver/mcp2515.h:185:16:[m[K [01;31m[Kerror: [m[Kâ€˜[01m[Kuint8_t[m[Kâ€™ does not name a type
[1.007s]   185 |   static const [01;31m[Kuint8_t[m[K EFLG_ERRORMASK = EFLG_RX1OVR | EFLG_RX0OVR | EFLG_TXBO | EFLG_TXEP | EFLG_RXEP;
[1.007s]       |                [01;31m[K^~~~~~~[m[K
[1.007s] [01m[K/home/corey/ros2_ws/src/Cubemars_AK_Series_Driver/ak_series_driver/include/ak_series_driver/mcp2515.h:187:18:[m[K [01;31m[Kerror: [m[Kuse of enum â€˜[01m[KINSTRUCTION[m[Kâ€™ without previous declaration
[1.007s]   187 |   enum /*class*/ [01;31m[KINSTRUCTION[m[K : uint8_t
[1.007s]       |                  [01;31m[K^~~~~~~~~~~[m[K
[1.007s] [01m[K/home/corey/ros2_ws/src/Cubemars_AK_Series_Driver/ak_series_driver/include/ak_series_driver/mcp2515.h:187:32:[m[K [01;31m[Kerror: [m[Kâ€˜[01m[Kuint8_t[m[Kâ€™ was not declared in this scope
[1.007s]   187 |   enum /*class*/ INSTRUCTION : [01;31m[Kuint8_t[m[K
[1.007s]       |                                [01;31m[K^~~~~~~[m[K
[1.007s] [01m[K/home/corey/ros2_ws/src/Cubemars_AK_Series_Driver/ak_series_driver/include/ak_series_driver/mcp2515.h:188:3:[m[K [01;31m[Kerror: [m[Kdefault member initializer for unnamed bit-field
[1.007s]   188 |   [01;31m[K{[m[K
[1.007s]       |   [01;31m[K^[m[K
[1.007s] [01m[K/home/corey/ros2_ws/src/Cubemars_AK_Series_Driver/ak_series_driver/include/ak_series_driver/mcp2515.h:206:18:[m[K [01;31m[Kerror: [m[Kuse of enum â€˜[01m[KREGISTER[m[Kâ€™ without previous declaration
[1.007s]   206 |   enum /*class*/ [01;31m[KREGISTER[m[K : uint8_t
[1.007s]       |                  [01;31m[K^~~~~~~~[m[K
[1.008s] [01m[K/home/corey/ros2_ws/src/Cubemars_AK_Series_Driver/ak_series_driver/include/ak_series_driver/mcp2515.h:206:29:[m[K [01;31m[Kerror: [m[Kâ€˜[01m[Kuint8_t[m[Kâ€™ was not declared in this scope
[1.008s]   206 |   enum /*class*/ REGISTER : [01;31m[Kuint8_t[m[K
[1.008s]       |                             [01;31m[K^~~~~~~[m[K
[1.008s] [01m[K/home/corey/ros2_ws/src/Cubemars_AK_Series_Driver/ak_series_driver/include/ak_series_driver/mcp2515.h:207:3:[m[K [01;31m[Kerror: [m[Kdefault member initializer for unnamed bit-field
[1.008s]   207 |   [01;31m[K{[m[K
[1.008s]       |   [01;31m[K^[m[K
[1.008s] [01m[K/home/corey/ros2_ws/src/Cubemars_AK_Series_Driver/ak_series_driver/include/ak_series_driver/mcp2515.h:287:16:[m[K [01;31m[Kerror: [m[Kâ€˜[01m[Kuint32_t[m[Kâ€™ does not name a type
[1.008s]   287 |   static const [01;31m[Kuint32_t[m[K DEFAULT_SPI_CLOCK = 10000000; // 10MHz
[1.008s]       |                [01;31m[K^~~~~~~~[m[K
[1.008s] [01m[K/home/corey/ros2_ws/src/Cubemars_AK_Series_Driver/ak_series_driver/include/ak_series_driver/mcp2515.h:294:5:[m[K [01;31m[Kerror: [m[Kâ€˜[01m[KREGISTER[m[Kâ€™ does not name a type
[1.008s]   294 |     [01;31m[KREGISTER[m[K CTRL;
[1.008s]       |     [01;31m[K^~~~~~~~[m[K
[1.008s] [01m[K/home/corey/ros2_ws/src/Cubemars_AK_Series_Driver/ak_series_driver/include/ak_series_driver/mcp2515.h:295:5:[m[K [01;31m[Kerror: [m[Kâ€˜[01m[KREGISTER[m[Kâ€™ does not name a type
[1.008s]   295 |     [01;31m[KREGISTER[m[K SIDH;
[1.008s]       |     [01;31m[K^~~~~~~~[m[K
[1.008s] [01m[K/home/corey/ros2_ws/src/Cubemars_AK_Series_Driver/ak_series_driver/include/ak_series_driver/mcp2515.h:296:5:[m[K [01;31m[Kerror: [m[Kâ€˜[01m[KREGISTER[m[Kâ€™ does not name a type
[1.008s]   296 |     [01;31m[KREGISTER[m[K DATA;
[1.009s]       |     [01;31m[K^~~~~~~~[m[K
[1.009s] [01m[K/home/corey/ros2_ws/src/Cubemars_AK_Series_Driver/ak_series_driver/include/ak_series_driver/mcp2515.h:301:5:[m[K [01;31m[Kerror: [m[Kâ€˜[01m[KREGISTER[m[Kâ€™ does not name a type
[1.009s]   301 |     [01;31m[KREGISTER[m[K CTRL;
[1.009s]       |     [01;31m[K^~~~~~~~[m[K
[1.009s] [01m[K/home/corey/ros2_ws/src/Cubemars_AK_Series_Driver/ak_series_driver/include/ak_series_driver/mcp2515.h:302:5:[m[K [01;31m[Kerror: [m[Kâ€˜[01m[KREGISTER[m[Kâ€™ does not name a type
[1.009s]   302 |     [01;31m[KREGISTER[m[K SIDH;
[1.009s]       |     [01;31m[K^~~~~~~~[m[K
[1.009s] [01m[K/home/corey/ros2_ws/src/Cubemars_AK_Series_Driver/ak_series_driver/include/ak_series_driver/mcp2515.h:303:5:[m[K [01;31m[Kerror: [m[Kâ€˜[01m[KREGISTER[m[Kâ€™ does not name a type
[1.009s]   303 |     [01;31m[KREGISTER[m[K DATA;
[1.009s]       |     [01;31m[K^~~~~~~~[m[K
[1.009s] [01m[K/home/corey/ros2_ws/src/Cubemars_AK_Series_Driver/ak_series_driver/include/ak_series_driver/mcp2515.h:304:5:[m[K [01;31m[Kerror: [m[Kâ€˜[01m[KCANINTF[m[Kâ€™ does not name a type
[1.009s]   304 |     [01;31m[KCANINTF[m[K CANINTF_RXnIF;
[1.009s]       |     [01;31m[K^~~~~~~[m[K
[1.009s] [01m[K/home/corey/ros2_ws/src/Cubemars_AK_Series_Driver/ak_series_driver/include/ak_series_driver/mcp2515.h:307:3:[m[K [01;31m[Kerror: [m[Kâ€˜[01m[Kuint8_t[m[Kâ€™ does not name a type
[1.010s]   307 |   [01;31m[Kuint8_t[m[K SPICS;
[1.010s]       |   [01;31m[K^~~~~~~[m[K
[1.010s] [01m[K/home/corey/ros2_ws/src/Cubemars_AK_Series_Driver/ak_series_driver/include/ak_series_driver/mcp2515.h:308:3:[m[K [01;31m[Kerror: [m[Kâ€˜[01m[Kuint32_t[m[Kâ€™ does not name a type
[1.010s]   308 |   [01;31m[Kuint32_t[m[K SPI_CLOCK;
[1.010s]       |   [01;31m[K^~~~~~~~[m[K
[1.010s] [01m[K/home/corey/ros2_ws/src/Cubemars_AK_Series_Driver/ak_series_driver/include/ak_series_driver/mcp2515.h:313:3:[m[K [01;31m[Kerror: [m[Kâ€˜[01m[KspiTransfer_t[m[Kâ€™ does not name a type
[1.010s]   313 |   [01;31m[KspiTransfer_t[m[K spiTransfer;
[1.010s]       |   [01;31m[K^~~~~~~~~~~~~[m[K
[1.010s] [01m[K/home/corey/ros2_ws/src/Cubemars_AK_Series_Driver/ak_series_driver/include/ak_series_driver/mcp2515.h:316:23:[m[K [01;31m[Kerror: [m[Kâ€˜[01m[KCANCTRL_REQOP_MODE[m[Kâ€™ does not name a type
[1.010s]   316 |   ERROR setMode(const [01;31m[KCANCTRL_REQOP_MODE[m[K mode);
[1.010s]       |                       [01;31m[K^~~~~~~~~~~~~~~~~~[m[K
[1.010s] [01m[K/home/corey/ros2_ws/src/Cubemars_AK_Series_Driver/ak_series_driver/include/ak_series_driver/mcp2515.h:318:3:[m[K [01;31m[Kerror: [m[Kâ€˜[01m[Kuint8_t[m[Kâ€™ does not name a type
[1.010s]   318 |   [01;31m[Kuint8_t[m[K readRegister(const REGISTER reg);
[1.010s]       |   [01;31m[K^~~~~~~[m[K
[1.010s] [01m[K/home/corey/ros2_ws/src/Cubemars_AK_Series_Driver/ak_series_driver/include/ak_series_driver/mcp2515.h:319:28:[m[K [01;31m[Kerror: [m[Kâ€˜[01m[KREGISTER[m[Kâ€™ does not name a type
[1.010s]   319 |   void readRegisters(const [01;31m[KREGISTER[m[K reg, uint8_t values[], const uint8_t n);
[1.010s]       |                            [01;31m[K^~~~~~~~[m[K
[1.011s] [01m[K/home/corey/ros2_ws/src/Cubemars_AK_Series_Driver/ak_series_driver/include/ak_series_driver/mcp2515.h:319:42:[m[K [01;31m[Kerror: [m[Kâ€˜[01m[Kuint8_t[m[Kâ€™ has not been declared
[1.011s]   319 |   void readRegisters(const REGISTER reg, [01;31m[Kuint8_t[m[K values[], const uint8_t n);
[1.011s]       |                                          [01;31m[K^~~~~~~[m[K
[1.011s] [01m[K/home/corey/ros2_ws/src/Cubemars_AK_Series_Driver/ak_series_driver/include/ak_series_driver/mcp2515.h:319:66:[m[K [01;31m[Kerror: [m[Kâ€˜[01m[Kuint8_t[m[Kâ€™ does not name a type
[1.011s]   319 |   void readRegisters(const REGISTER reg, uint8_t values[], const [01;31m[Kuint8_t[m[K n);
[1.011s]       |                                                                  [01;31m[K^~~~~~~[m[K
[1.011s] [01m[K/home/corey/ros2_ws/src/Cubemars_AK_Series_Driver/ak_series_driver/include/ak_series_driver/mcp2515.h:320:26:[m[K [01;31m[Kerror: [m[Kâ€˜[01m[KREGISTER[m[Kâ€™ does not name a type
[1.011s]   320 |   void setRegister(const [01;31m[KREGISTER[m[K reg, const uint8_t value);
[1.011s]       |                          [01;31m[K^~~~~~~~[m[K
[1.011s] [01m[K/home/corey/ros2_ws/src/Cubemars_AK_Series_Driver/ak_series_driver/include/ak_series_driver/mcp2515.h:320:46:[m[K [01;31m[Kerror: [m[Kâ€˜[01m[Kuint8_t[m[Kâ€™ does not name a type
[1.011s]   320 |   void setRegister(const REGISTER reg, const [01;31m[Kuint8_t[m[K value);
[1.011s]       |                                              [01;31m[K^~~~~~~[m[K
[1.011s] [01m[K/home/corey/ros2_ws/src/Cubemars_AK_Series_Driver/ak_series_driver/include/ak_series_driver/mcp2515.h:321:27:[m[K [01;31m[Kerror: [m[Kâ€˜[01m[KREGISTER[m[Kâ€™ does not name a type
[1.011s]   321 |   void setRegisters(const [01;31m[KREGISTER[m[K reg, const uint8_t values[], const uint8_t n);
[1.011s]       |                           [01;31m[K^~~~~~~~[m[K
[1.011s] [01m[K/home/corey/ros2_ws/src/Cubemars_AK_Series_Driver/ak_series_driver/include/ak_series_driver/mcp2515.h:321:47:[m[K [01;31m[Kerror: [m[Kâ€˜[01m[Kuint8_t[m[Kâ€™ does not name a type
[1.011s]   321 |   void setRegisters(const REGISTER reg, const [01;31m[Kuint8_t[m[K values[], const uint8_t n);
[1.011s]       |                                               [01;31m[K^~~~~~~[m[K
[1.012s] [01m[K/home/corey/ros2_ws/src/Cubemars_AK_Series_Driver/ak_series_driver/include/ak_series_driver/mcp2515.h:321:71:[m[K [01;31m[Kerror: [m[Kâ€˜[01m[Kuint8_t[m[Kâ€™ does not name a type
[1.012s]   321 |   void setRegisters(const REGISTER reg, const uint8_t values[], const [01;31m[Kuint8_t[m[K n);
[1.012s]       |                                                                       [01;31m[K^~~~~~~[m[K
[1.012s] [01m[K/home/corey/ros2_ws/src/Cubemars_AK_Series_Driver/ak_series_driver/include/ak_series_driver/mcp2515.h:322:29:[m[K [01;31m[Kerror: [m[Kâ€˜[01m[KREGISTER[m[Kâ€™ does not name a type
[1.012s]   322 |   void modifyRegister(const [01;31m[KREGISTER[m[K reg, const uint8_t mask, const uint8_t data);
[1.012s]       |                             [01;31m[K^~~~~~~~[m[K
[1.012s] [01m[K/home/corey/ros2_ws/src/Cubemars_AK_Series_Driver/ak_series_driver/include/ak_series_driver/mcp2515.h:322:49:[m[K [01;31m[Kerror: [m[Kâ€˜[01m[Kuint8_t[m[Kâ€™ does not name a type
[1.012s]   322 |   void modifyRegister(const REGISTER reg, const [01;31m[Kuint8_t[m[K mask, const uint8_t data);
[1.012s]       |                                                 [01;31m[K^~~~~~~[m[K
[1.012s] [01m[K/home/corey/ros2_ws/src/Cubemars_AK_Series_Driver/ak_series_driver/include/ak_series_driver/mcp2515.h:322:69:[m[K [01;31m[Kerror: [m[Kâ€˜[01m[Kuint8_t[m[Kâ€™ does not name a type
[1.012s]   322 |   void modifyRegister(const REGISTER reg, const uint8_t mask, const [01;31m[Kuint8_t[m[K data);
[1.012s]       |                                                                     [01;31m[K^~~~~~~[m[K
[1.012s] [01m[K/home/corey/ros2_ws/src/Cubemars_AK_Series_Driver/ak_series_driver/include/ak_series_driver/mcp2515.h:324:18:[m[K [01;31m[Kerror: [m[Kâ€˜[01m[Kuint8_t[m[Kâ€™ has not been declared
[1.012s]   324 |   void prepareId([01;31m[Kuint8_t[m[K *buffer, const bool ext, const uint32_t id);
[1.012s]       |                  [01;31m[K^~~~~~~[m[K
[1.013s] [01m[K/home/corey/ros2_ws/src/Cubemars_AK_Series_Driver/ak_series_driver/include/ak_series_driver/mcp2515.h:324:57:[m[K [01;31m[Kerror: [m[Kâ€˜[01m[Kuint32_t[m[Kâ€™ does not name a type
[1.013s]   324 |   void prepareId(uint8_t *buffer, const bool ext, const [01;31m[Kuint32_t[m[K id);
[1.013s]       |                                                         [01;31m[K^~~~~~~~[m[K
[1.013s] [01m[K/home/corey/ros2_ws/src/Cubemars_AK_Series_Driver/ak_series_driver/include/ak_series_driver/mcp2515.h:329:11:[m[K [01;31m[Kerror: [m[Kâ€˜[01m[KspiTransfer_t[m[Kâ€™ has not been declared
[1.013s]   329 |           [01;31m[KspiTransfer_t[m[K spiTransferFun,
[1.013s]       |           [01;31m[K^~~~~~~~~~~~~[m[K
[1.013s] [01m[K/home/corey/ros2_ws/src/Cubemars_AK_Series_Driver/ak_series_driver/include/ak_series_driver/mcp2515.h:340:61:[m[K [01;31m[Kerror: [m[Kâ€˜[01m[Kuint32_t[m[Kâ€™ does not name a type
[1.013s]   340 |   ERROR setFilterMask(const MASK num, const bool ext, const [01;31m[Kuint32_t[m[K ulData);
[1.013s]       |                                                             [01;31m[K^~~~~~~~[m[K
[1.013s] [01m[K/home/corey/ros2_ws/src/Cubemars_AK_Series_Driver/ak_series_driver/include/ak_series_driver/mcp2515.h:341:56:[m[K [01;31m[Kerror: [m[Kâ€˜[01m[Kuint32_t[m[Kâ€™ does not name a type
[1.013s]   341 |   ERROR setFilter(const RXF num, const bool ext, const [01;31m[Kuint32_t[m[K ulData);
[1.013s]       |                                                        [01;31m[K^~~~~~~~[m[K
[1.013s] [01m[K/home/corey/ros2_ws/src/Cubemars_AK_Series_Driver/ak_series_driver/include/ak_series_driver/mcp2515.h:348:3:[m[K [01;31m[Kerror: [m[Kâ€˜[01m[Kuint8_t[m[Kâ€™ does not name a type
[1.013s]   348 |   [01;31m[Kuint8_t[m[K getErrorFlags(void);
[1.013s]       |   [01;31m[K^~~~~~~[m[K
[1.013s] [01m[K/home/corey/ros2_ws/src/Cubemars_AK_Series_Driver/ak_series_driver/include/ak_series_driver/mcp2515.h:350:3:[m[K [01;31m[Kerror: [m[Kâ€˜[01m[Kuint8_t[m[Kâ€™ does not name a type
[1.014s]   350 |   [01;31m[Kuint8_t[m[K getInterrupts(void);
[1.014s]       |   [01;31m[K^~~~~~~[m[K
[1.014s] [01m[K/home/corey/ros2_ws/src/Cubemars_AK_Series_Driver/ak_series_driver/include/ak_series_driver/mcp2515.h:351:3:[m[K [01;31m[Kerror: [m[Kâ€˜[01m[Kuint8_t[m[Kâ€™ does not name a type
[1.014s]   351 |   [01;31m[Kuint8_t[m[K getInterruptMask(void);
[1.014s]       |   [01;31m[K^~~~~~~[m[K
[1.014s] [01m[K/home/corey/ros2_ws/src/Cubemars_AK_Series_Driver/ak_series_driver/include/ak_series_driver/mcp2515.h:354:3:[m[K [01;31m[Kerror: [m[Kâ€˜[01m[Kuint8_t[m[Kâ€™ does not name a type
[1.014s]   354 |   [01;31m[Kuint8_t[m[K getStatus(void);
[1.014s]       |   [01;31m[K^~~~~~~[m[K
[1.014s] [01m[K/home/corey/ros2_ws/src/Cubemars_AK_Series_Driver/ak_series_driver/include/ak_series_driver/mcp2515.h:358:3:[m[K [01;31m[Kerror: [m[Kâ€˜[01m[Kuint8_t[m[Kâ€™ does not name a type
[1.014s]   358 |   [01;31m[Kuint8_t[m[K errorCountRX(void);
[1.014s]       |   [01;31m[K^~~~~~~[m[K
[1.014s] [01m[K/home/corey/ros2_ws/src/Cubemars_AK_Series_Driver/ak_series_driver/include/ak_series_driver/mcp2515.h:359:3:[m[K [01;31m[Kerror: [m[Kâ€˜[01m[Kuint8_t[m[Kâ€™ does not name a type
[1.014s]   359 |   [01;31m[Kuint8_t[m[K errorCountTX(void);
[1.014s]       |   [01;31m[K^~~~~~~[m[K
[1.014s] [01m[K/home/corey/ros2_ws/src/Cubemars_AK_Series_Driver/ak_series_driver/src/mcp2515.cpp:16:6:[m[K [01;31m[Kerror: [m[Kâ€˜[01m[KMCP_TXB0CTRL[m[Kâ€™ was not declared in this scope
[1.015s]    16 |     {[01;31m[KMCP_TXB0CTRL[m[K, MCP_TXB0SIDH, MCP_TXB0DATA},
[1.015s]       |      [01;31m[K^~~~~~~~~~~~[m[K
[1.015s] [01m[K/home/corey/ros2_ws/src/Cubemars_AK_Series_Driver/ak_series_driver/src/mcp2515.cpp:16:20:[m[K [01;31m[Kerror: [m[Kâ€˜[01m[KMCP_TXB0SIDH[m[Kâ€™ was not declared in this scope
[1.015s]    16 |     {MCP_TXB0CTRL, [01;31m[KMCP_TXB0SIDH[m[K, MCP_TXB0DATA},
[1.015s]       |                    [01;31m[K^~~~~~~~~~~~[m[K
[1.015s] [01m[K/home/corey/ros2_ws/src/Cubemars_AK_Series_Driver/ak_series_driver/src/mcp2515.cpp:16:34:[m[K [01;31m[Kerror: [m[Kâ€˜[01m[KMCP_TXB0DATA[m[Kâ€™ was not declared in this scope
[1.015s]    16 |     {MCP_TXB0CTRL, MCP_TXB0SIDH, [01;31m[KMCP_TXB0DATA[m[K},
[1.015s]       |                                  [01;31m[K^~~~~~~~~~~~[m[K
[1.015s] [01m[K/home/corey/ros2_ws/src/Cubemars_AK_Series_Driver/ak_series_driver/src/mcp2515.cpp:17:6:[m[K [01;31m[Kerror: [m[Kâ€˜[01m[KMCP_TXB1CTRL[m[Kâ€™ was not declared in this scope
[1.015s]    17 |     {[01;31m[KMCP_TXB1CTRL[m[K, MCP_TXB1SIDH, MCP_TXB1DATA},
[1.015s]       |      [01;31m[K^~~~~~~~~~~~[m[K
[1.015s] [01m[K/home/corey/ros2_ws/src/Cubemars_AK_Series_Driver/ak_series_driver/src/mcp2515.cpp:17:20:[m[K [01;31m[Kerror: [m[Kâ€˜[01m[KMCP_TXB1SIDH[m[Kâ€™ was not declared in this scope
[1.015s]    17 |     {MCP_TXB1CTRL, [01;31m[KMCP_TXB1SIDH[m[K, MCP_TXB1DATA},
[1.015s]       |                    [01;31m[K^~~~~~~~~~~~[m[K
[1.015s] [01m[K/home/corey/ros2_ws/src/Cubemars_AK_Series_Driver/ak_series_driver/src/mcp2515.cpp:17:34:[m[K [01;31m[Kerror: [m[Kâ€˜[01m[KMCP_TXB1DATA[m[Kâ€™ was not declared in this scope
[1.015s]    17 |     {MCP_TXB1CTRL, MCP_TXB1SIDH, [01;31m[KMCP_TXB1DATA[m[K},
[1.015s]       |                                  [01;31m[K^~~~~~~~~~~~[m[K
[1.016s] [01m[K/home/corey/ros2_ws/src/Cubemars_AK_Series_Driver/ak_series_driver/src/mcp2515.cpp:18:6:[m[K [01;31m[Kerror: [m[Kâ€˜[01m[KMCP_TXB2CTRL[m[Kâ€™ was not declared in this scope
[1.016s]    18 |     {[01;31m[KMCP_TXB2CTRL[m[K, MCP_TXB2SIDH, MCP_TXB2DATA}};
[1.016s]       |      [01;31m[K^~~~~~~~~~~~[m[K
[1.016s] [01m[K/home/corey/ros2_ws/src/Cubemars_AK_Series_Driver/ak_series_driver/src/mcp2515.cpp:18:20:[m[K [01;31m[Kerror: [m[Kâ€˜[01m[KMCP_TXB2SIDH[m[Kâ€™ was not declared in this scope
[1.016s]    18 |     {MCP_TXB2CTRL, [01;31m[KMCP_TXB2SIDH[m[K, MCP_TXB2DATA}};
[1.016s]       |                    [01;31m[K^~~~~~~~~~~~[m[K
[1.016s] [01m[K/home/corey/ros2_ws/src/Cubemars_AK_Series_Driver/ak_series_driver/src/mcp2515.cpp:18:34:[m[K [01;31m[Kerror: [m[Kâ€˜[01m[KMCP_TXB2DATA[m[Kâ€™ was not declared in this scope
[1.016s]    18 |     {MCP_TXB2CTRL, MCP_TXB2SIDH, [01;31m[KMCP_TXB2DATA[m[K}};
[1.016s]       |                                  [01;31m[K^~~~~~~~~~~~[m[K
[1.016s] [01m[K/home/corey/ros2_ws/src/Cubemars_AK_Series_Driver/ak_series_driver/src/mcp2515.cpp:21:6:[m[K [01;31m[Kerror: [m[Kâ€˜[01m[KMCP_RXB0CTRL[m[Kâ€™ was not declared in this scope
[1.016s]    21 |     {[01;31m[KMCP_RXB0CTRL[m[K, MCP_RXB0SIDH, MCP_RXB0DATA, CANINTF_RX0IF},
[1.016s]       |      [01;31m[K^~~~~~~~~~~~[m[K
[1.016s] [01m[K/home/corey/ros2_ws/src/Cubemars_AK_Series_Driver/ak_series_driver/src/mcp2515.cpp:21:20:[m[K [01;31m[Kerror: [m[Kâ€˜[01m[KMCP_RXB0SIDH[m[Kâ€™ was not declared in this scope
[1.016s]    21 |     {MCP_RXB0CTRL, [01;31m[KMCP_RXB0SIDH[m[K, MCP_RXB0DATA, CANINTF_RX0IF},
[1.016s]       |                    [01;31m[K^~~~~~~~~~~~[m[K
[1.016s] [01m[K/home/corey/ros2_ws/src/Cubemars_AK_Series_Driver/ak_series_driver/src/mcp2515.cpp:21:34:[m[K [01;31m[Kerror: [m[Kâ€˜[01m[KMCP_RXB0DATA[m[Kâ€™ was not declared in this scope
[1.016s]    21 |     {MCP_RXB0CTRL, MCP_RXB0SIDH, [01;31m[KMCP_RXB0DATA[m[K, CANINTF_RX0IF},
[1.017s]       |                                  [01;31m[K^~~~~~~~~~~~[m[K
[1.017s] [01m[K/home/corey/ros2_ws/src/Cubemars_AK_Series_Driver/ak_series_driver/src/mcp2515.cpp:21:48:[m[K [01;31m[Kerror: [m[Kâ€˜[01m[KCANINTF_RX0IF[m[Kâ€™ was not declared in this scope
[1.017s]    21 |     {MCP_RXB0CTRL, MCP_RXB0SIDH, MCP_RXB0DATA, [01;31m[KCANINTF_RX0IF[m[K},
[1.017s]       |                                                [01;31m[K^~~~~~~~~~~~~[m[K
[1.017s] [01m[K/home/corey/ros2_ws/src/Cubemars_AK_Series_Driver/ak_series_driver/src/mcp2515.cpp:22:6:[m[K [01;31m[Kerror: [m[Kâ€˜[01m[KMCP_RXB1CTRL[m[Kâ€™ was not declared in this scope
[1.017s]    22 |     {[01;31m[KMCP_RXB1CTRL[m[K, MCP_RXB1SIDH, MCP_RXB1DATA, CANINTF_RX1IF}};
[1.017s]       |      [01;31m[K^~~~~~~~~~~~[m[K
[1.017s] [01m[K/home/corey/ros2_ws/src/Cubemars_AK_Series_Driver/ak_series_driver/src/mcp2515.cpp:22:20:[m[K [01;31m[Kerror: [m[Kâ€˜[01m[KMCP_RXB1SIDH[m[Kâ€™ was not declared in this scope
[1.017s]    22 |     {MCP_RXB1CTRL, [01;31m[KMCP_RXB1SIDH[m[K, MCP_RXB1DATA, CANINTF_RX1IF}};
[1.017s]       |                    [01;31m[K^~~~~~~~~~~~[m[K
[1.017s] [01m[K/home/corey/ros2_ws/src/Cubemars_AK_Series_Driver/ak_series_driver/src/mcp2515.cpp:22:34:[m[K [01;31m[Kerror: [m[Kâ€˜[01m[KMCP_RXB1DATA[m[Kâ€™ was not declared in this scope
[1.017s]    22 |     {MCP_RXB1CTRL, MCP_RXB1SIDH, [01;31m[KMCP_RXB1DATA[m[K, CANINTF_RX1IF}};
[1.017s]       |                                  [01;31m[K^~~~~~~~~~~~[m[K
[1.017s] [01m[K/home/corey/ros2_ws/src/Cubemars_AK_Series_Driver/ak_series_driver/src/mcp2515.cpp:22:48:[m[K [01;31m[Kerror: [m[Kâ€˜[01m[KCANINTF_RX1IF[m[Kâ€™ was not declared in this scope
[1.017s]    22 |     {MCP_RXB1CTRL, MCP_RXB1SIDH, MCP_RXB1DATA, [01;31m[KCANINTF_RX1IF[m[K}};
[1.017s]       |                                                [01;31m[K^~~~~~~~~~~~~[m[K
[1.017s] [01m[K/home/corey/ros2_ws/src/Cubemars_AK_Series_Driver/ak_series_driver/src/mcp2515.cpp:26:18:[m[K [01;31m[Kerror: [m[Kâ€˜[01m[KspiTransfer_t[m[Kâ€™ has not been declared
[1.017s]    26 |                  [01;31m[KspiTransfer_t[m[K spiTransferFun,
[1.018s]       |                  [01;31m[K^~~~~~~~~~~~~[m[K
[1.018s] [01m[K/home/corey/ros2_ws/src/Cubemars_AK_Series_Driver/ak_series_driver/src/mcp2515.cpp:[m[K In constructor â€˜[01m[KMCP2515::MCP2515(MCP2515::spiSelect_t, MCP2515::spiDeselect_t, int, MCP2515::delay_t)[m[Kâ€™:
[1.018s] [01m[K/home/corey/ros2_ws/src/Cubemars_AK_Series_Driver/ak_series_driver/src/mcp2515.cpp:31:9:[m[K [01;31m[Kerror: [m[Kâ€˜[01m[Kclass MCP2515[m[Kâ€™ has no member named â€˜[01m[KspiTransfer[m[Kâ€™
[1.018s]    31 |   this->[01;31m[KspiTransfer[m[K = spiTransferFun;
[1.018s]       |         [01;31m[K^~~~~~~~~~~[m[K
[1.018s] [01m[K/home/corey/ros2_ws/src/Cubemars_AK_Series_Driver/ak_series_driver/src/mcp2515.cpp:35:22:[m[K [01;31m[Kerror: [m[Kâ€˜[01m[Kuint32_t[m[Kâ€™ has not been declared
[1.018s]    35 |     this->delay = []([01;31m[Kuint32_t[m[K ms)
[1.018s]       |                      [01;31m[K^~~~~~~~[m[K
[1.018s] [01m[K/home/corey/ros2_ws/src/Cubemars_AK_Series_Driver/ak_series_driver/src/mcp2515.cpp:[m[K In lambda function:
[1.018s] [01m[K/home/corey/ros2_ws/src/Cubemars_AK_Series_Driver/ak_series_driver/src/mcp2515.cpp:38:12:[m[K [01;31m[Kerror: [m[Kâ€˜[01m[Kuint32_t[m[Kâ€™ was not declared in this scope
[1.018s]    38 |       for ([01;31m[Kuint32_t[m[K i = 0; i < ms; i++)
[1.018s]       |            [01;31m[K^~~~~~~~[m[K
[1.018s] [01m[K/home/corey/ros2_ws/src/Cubemars_AK_Series_Driver/ak_series_driver/src/mcp2515.cpp:38:28:[m[K [01;31m[Kerror: [m[Kâ€˜[01m[Ki[m[Kâ€™ was not declared in this scope
[1.018s]    38 |       for (uint32_t i = 0; [01;31m[Ki[m[K < ms; i++)
[1.018s]       |                            [01;31m[K^[m[K
[1.018s] [01m[K/home/corey/ros2_ws/src/Cubemars_AK_Series_Driver/ak_series_driver/src/mcp2515.cpp:[m[K In member function â€˜[01m[KMCP2515::ERROR MCP2515::reset()[m[Kâ€™:
[1.018s] [01m[K/home/corey/ros2_ws/src/Cubemars_AK_Series_Driver/ak_series_driver/src/mcp2515.cpp:54:15:[m[K [01;31m[Kerror: [m[Kâ€˜[01m[KINSTRUCTION_RESET[m[Kâ€™ was not declared in this scope
[1.018s]    54 |   spiTransfer([01;31m[KINSTRUCTION_RESET[m[K);
[1.018s]       |               [01;31m[K^~~~~~~~~~~~~~~~~[m[K
[1.019s] [01m[K/home/corey/ros2_ws/src/Cubemars_AK_Series_Driver/ak_series_driver/src/mcp2515.cpp:54:3:[m[K [01;31m[Kerror: [m[Kâ€˜[01m[KspiTransfer[m[Kâ€™ was not declared in this scope
[1.019s]    54 |   [01;31m[KspiTransfer[m[K(INSTRUCTION_RESET);
[1.019s]       |   [01;31m[K^~~~~~~~~~~[m[K
[1.019s] [01m[K/home/corey/ros2_ws/src/Cubemars_AK_Series_Driver/ak_series_driver/src/mcp2515.cpp:59:3:[m[K [01;31m[Kerror: [m[Kâ€˜[01m[Kuint8_t[m[Kâ€™ was not declared in this scope
[1.019s]    59 |   [01;31m[Kuint8_t[m[K zeros[14];
[1.019s]       |   [01;31m[K^~~~~~~[m[K
[1.019s] [01m[K/home/corey/ros2_ws/src/Cubemars_AK_Series_Driver/ak_series_driver/src/mcp2515.cpp:60:10:[m[K [01;31m[Kerror: [m[Kâ€˜[01m[Kzeros[m[Kâ€™ was not declared in this scope
[1.019s]    60 |   memset([01;31m[Kzeros[m[K, 0, sizeof(zeros));
[1.019s]       |          [01;31m[K^~~~~[m[K
[1.019s] [01m[K/home/corey/ros2_ws/src/Cubemars_AK_Series_Driver/ak_series_driver/src/mcp2515.cpp:61:16:[m[K [01;31m[Kerror: [m[Kâ€˜[01m[KMCP_TXB0CTRL[m[Kâ€™ was not declared in this scope
[1.019s]    61 |   setRegisters([01;31m[KMCP_TXB0CTRL[m[K, zeros, 14);
[1.019s]       |                [01;31m[K^~~~~~~~~~~~[m[K
[1.019s] [01m[K/home/corey/ros2_ws/src/Cubemars_AK_Series_Driver/ak_series_driver/src/mcp2515.cpp:62:16:[m[K [01;31m[Kerror: [m[Kâ€˜[01m[KMCP_TXB1CTRL[m[Kâ€™ was not declared in this scope
[1.019s]    62 |   setRegisters([01;31m[KMCP_TXB1CTRL[m[K, zeros, 14);
[1.019s]       |                [01;31m[K^~~~~~~~~~~~[m[K
[1.019s] [01m[K/home/corey/ros2_ws/src/Cubemars_AK_Series_Driver/ak_series_driver/src/mcp2515.cpp:63:16:[m[K [01;31m[Kerror: [m[Kâ€˜[01m[KMCP_TXB2CTRL[m[Kâ€™ was not declared in this scope
[1.020s]    63 |   setRegisters([01;31m[KMCP_TXB2CTRL[m[K, zeros, 14);
[1.020s]       |                [01;31m[K^~~~~~~~~~~~[m[K
[1.020s] [01m[K/home/corey/ros2_ws/src/Cubemars_AK_Series_Driver/ak_series_driver/src/mcp2515.cpp:65:15:[m[K [01;31m[Kerror: [m[Kâ€˜[01m[KMCP_RXB0CTRL[m[Kâ€™ was not declared in this scope
[1.020s]    65 |   setRegister([01;31m[KMCP_RXB0CTRL[m[K, 0);
[1.020s]       |               [01;31m[K^~~~~~~~~~~~[m[K
[1.020s] [01m[K/home/corey/ros2_ws/src/Cubemars_AK_Series_Driver/ak_series_driver/src/mcp2515.cpp:66:15:[m[K [01;31m[Kerror: [m[Kâ€˜[01m[KMCP_RXB1CTRL[m[Kâ€™ was not declared in this scope
[1.020s]    66 |   setRegister([01;31m[KMCP_RXB1CTRL[m[K, 0);
[1.020s]       |               [01;31m[K^~~~~~~~~~~~[m[K
[1.020s] [01m[K/home/corey/ros2_ws/src/Cubemars_AK_Series_Driver/ak_series_driver/src/mcp2515.cpp:68:15:[m[K [01;31m[Kerror: [m[Kâ€˜[01m[KMCP_CANINTE[m[Kâ€™ was not declared in this scope
[1.020s]    68 |   setRegister([01;31m[KMCP_CANINTE[m[K, CANINTF_RX0IF | CANINTF_RX1IF | CANINTF_ERRIF | CANINTF_MERRF);
[1.020s]       |               [01;31m[K^~~~~~~~~~~[m[K
[1.020s] [01m[K/home/corey/ros2_ws/src/Cubemars_AK_Series_Driver/ak_series_driver/src/mcp2515.cpp:68:28:[m[K [01;31m[Kerror: [m[Kâ€˜[01m[KCANINTF_RX0IF[m[Kâ€™ was not declared in this scope
[1.020s]    68 |   setRegister(MCP_CANINTE, [01;31m[KCANINTF_RX0IF[m[K | CANINTF_RX1IF | CANINTF_ERRIF | CANINTF_MERRF);
[1.020s]       |                            [01;31m[K^~~~~~~~~~~~~[m[K
[1.020s] [01m[K/home/corey/ros2_ws/src/Cubemars_AK_Series_Driver/ak_series_driver/src/mcp2515.cpp:68:44:[m[K [01;31m[Kerror: [m[Kâ€˜[01m[KCANINTF_RX1IF[m[Kâ€™ was not declared in this scope
[1.020s]    68 |   setRegister(MCP_CANINTE, CANINTF_RX0IF | [01;31m[KCANINTF_RX1IF[m[K | CANINTF_ERRIF | CANINTF_MERRF);
[1.020s]       |                                            [01;31m[K^~~~~~~~~~~~~[m[K
[1.021s] [01m[K/home/corey/ros2_ws/src/Cubemars_AK_Series_Driver/ak_series_driver/src/mcp2515.cpp:68:60:[m[K [01;31m[Kerror: [m[Kâ€˜[01m[KCANINTF_ERRIF[m[Kâ€™ was not declared in this scope
[1.021s]    68 |   setRegister(MCP_CANINTE, CANINTF_RX0IF | CANINTF_RX1IF | [01;31m[KCANINTF_ERRIF[m[K | CANINTF_MERRF);
[1.021s]       |                                                            [01;31m[K^~~~~~~~~~~~~[m[K
[1.021s] [01m[K/home/corey/ros2_ws/src/Cubemars_AK_Series_Driver/ak_series_driver/src/mcp2515.cpp:68:76:[m[K [01;31m[Kerror: [m[Kâ€˜[01m[KCANINTF_MERRF[m[Kâ€™ was not declared in this scope
[1.021s]    68 |   setRegister(MCP_CANINTE, CANINTF_RX0IF | CANINTF_RX1IF | CANINTF_ERRIF | [01;31m[KCANINTF_MERRF[m[K);
[1.021s]       |                                                                            [01;31m[K^~~~~~~~~~~~~[m[K
[1.021s] [01m[K/home/corey/ros2_ws/src/Cubemars_AK_Series_Driver/ak_series_driver/src/mcp2515.cpp:73:18:[m[K [01;31m[Kerror: [m[Kâ€˜[01m[KRXBnCTRL_RXM_MASK[m[Kâ€™ was not declared in this scope
[1.021s]    73 |                  [01;31m[KRXBnCTRL_RXM_MASK[m[K | RXB0CTRL_BUKT | RXB0CTRL_FILHIT_MASK,
[1.021s]       |                  [01;31m[K^~~~~~~~~~~~~~~~~[m[K
[1.021s] [01m[K/home/corey/ros2_ws/src/Cubemars_AK_Series_Driver/ak_series_driver/src/mcp2515.cpp:73:38:[m[K [01;31m[Kerror: [m[Kâ€˜[01m[KRXB0CTRL_BUKT[m[Kâ€™ was not declared in this scope
[1.021s]    73 |                  RXBnCTRL_RXM_MASK | [01;31m[KRXB0CTRL_BUKT[m[K | RXB0CTRL_FILHIT_MASK,
[1.021s]       |                                      [01;31m[K^~~~~~~~~~~~~[m[K
[1.021s] [01m[K/home/corey/ros2_ws/src/Cubemars_AK_Series_Driver/ak_series_driver/src/mcp2515.cpp:73:54:[m[K [01;31m[Kerror: [m[Kâ€˜[01m[KRXB0CTRL_FILHIT_MASK[m[Kâ€™ was not declared in this scope
[1.021s]    73 |                  RXBnCTRL_RXM_MASK | RXB0CTRL_BUKT | [01;31m[KRXB0CTRL_FILHIT_MASK[m[K,
[1.021s]       |                                                      [01;31m[K^~~~~~~~~~~~~~~~~~~~[m[K
[1.021s] [01m[K/home/corey/ros2_ws/src/Cubemars_AK_Series_Driver/ak_series_driver/src/mcp2515.cpp:74:18:[m[K [01;31m[Kerror: [m[Kâ€˜[01m[KRXBnCTRL_RXM_STDEXT[m[Kâ€™ was not declared in this scope
[1.021s]    74 |                  [01;31m[KRXBnCTRL_RXM_STDEXT[m[K | RXB0CTRL_BUKT | RXB0CTRL_FILHIT);
[1.021s]       |                  [01;31m[K^~~~~~~~~~~~~~~~~~~[m[K
[1.021s] [01m[K/home/corey/ros2_ws/src/Cubemars_AK_Series_Driver/ak_series_driver/src/mcp2515.cpp:74:56:[m[K [01;31m[Kerror: [m[Kâ€˜[01m[KRXB0CTRL_FILHIT[m[Kâ€™ was not declared in this scope
[1.022s]    74 |                  RXBnCTRL_RXM_STDEXT | RXB0CTRL_BUKT | [01;31m[KRXB0CTRL_FILHIT[m[K);
[1.022s]       |                                                        [01;31m[K^~~~~~~~~~~~~~~[m[K
[1.022s] [01m[K/home/corey/ros2_ws/src/Cubemars_AK_Series_Driver/ak_series_driver/src/mcp2515.cpp:76:38:[m[K [01;31m[Kerror: [m[Kâ€˜[01m[KRXB1CTRL_FILHIT_MASK[m[Kâ€™ was not declared in this scope
[1.022s]    76 |                  RXBnCTRL_RXM_MASK | [01;31m[KRXB1CTRL_FILHIT_MASK[m[K,
[1.022s]       |                                      [01;31m[K^~~~~~~~~~~~~~~~~~~~[m[K
[1.022s] [01m[K/home/corey/ros2_ws/src/Cubemars_AK_Series_Driver/ak_series_driver/src/mcp2515.cpp:77:40:[m[K [01;31m[Kerror: [m[Kâ€˜[01m[KRXB1CTRL_FILHIT[m[Kâ€™ was not declared in this scope
[1.022s]    77 |                  RXBnCTRL_RXM_STDEXT | [01;31m[KRXB1CTRL_FILHIT[m[K);
[1.022s]       |                                        [01;31m[K^~~~~~~~~~~~~~~[m[K
[1.022s] [01m[K/home/corey/ros2_ws/src/Cubemars_AK_Series_Driver/ak_series_driver/src/mcp2515.cpp:[m[K At global scope:
[1.022s] [01m[K/home/corey/ros2_ws/src/Cubemars_AK_Series_Driver/ak_series_driver/src/mcp2515.cpp:106:1:[m[K [01;31m[Kerror: [m[Kâ€˜[01m[Kuint8_t[m[Kâ€™ does not name a type
[1.022s]   106 | [01;31m[Kuint8_t[m[K MCP2515::readRegister(const REGISTER reg)
[1.022s]       | [01;31m[K^~~~~~~[m[K
[1.022s] [01m[K/home/corey/ros2_ws/src/Cubemars_AK_Series_Driver/ak_series_driver/src/mcp2515.cpp:117:35:[m[K [01;31m[Kerror: [m[Kâ€˜[01m[KREGISTER[m[Kâ€™ does not name a type
[1.022s]   117 | void MCP2515::readRegisters(const [01;31m[KREGISTER[m[K reg, uint8_t values[], const uint8_t n)
[1.022s]       |                                   [01;31m[K^~~~~~~~[m[K
[1.022s] [01m[K/home/corey/ros2_ws/src/Cubemars_AK_Series_Driver/ak_series_driver/src/mcp2515.cpp:117:49:[m[K [01;31m[Kerror: [m[Kâ€˜[01m[Kuint8_t[m[Kâ€™ has not been declared
[1.022s]   117 | void MCP2515::readRegisters(const REGISTER reg, [01;31m[Kuint8_t[m[K values[], const uint8_t n)
[1.022s]       |                                                 [01;31m[K^~~~~~~[m[K
[1.022s] [01m[K/home/corey/ros2_ws/src/Cubemars_AK_Series_Driver/ak_series_driver/src/mcp2515.cpp:117:73:[m[K [01;31m[Kerror: [m[Kâ€˜[01m[Kuint8_t[m[Kâ€™ does not name a type
[1.023s]   117 | void MCP2515::readRegisters(const REGISTER reg, uint8_t values[], const [01;31m[Kuint8_t[m[K n)
[1.023s]       |                                                                         [01;31m[K^~~~~~~[m[K
[1.023s] [01m[K/home/corey/ros2_ws/src/Cubemars_AK_Series_Driver/ak_series_driver/src/mcp2515.cpp:[m[K In member function â€˜[01m[Kvoid MCP2515::readRegisters(int, int*, int)[m[Kâ€™:
[1.023s] [01m[K/home/corey/ros2_ws/src/Cubemars_AK_Series_Driver/ak_series_driver/src/mcp2515.cpp:120:15:[m[K [01;31m[Kerror: [m[Kâ€˜[01m[KINSTRUCTION_READ[m[Kâ€™ was not declared in this scope
[1.023s]   120 |   spiTransfer([01;31m[KINSTRUCTION_READ[m[K);
[1.023s]       |               [01;31m[K^~~~~~~~~~~~~~~~[m[K
[1.023s] [01m[K/home/corey/ros2_ws/src/Cubemars_AK_Series_Driver/ak_series_driver/src/mcp2515.cpp:120:3:[m[K [01;31m[Kerror: [m[Kâ€˜[01m[KspiTransfer[m[Kâ€™ was not declared in this scope
[1.023s]   120 |   [01;31m[KspiTransfer[m[K(INSTRUCTION_READ);
[1.023s]       |   [01;31m[K^~~~~~~~~~~[m[K
[1.023s] [01m[K/home/corey/ros2_ws/src/Cubemars_AK_Series_Driver/ak_series_driver/src/mcp2515.cpp:123:8:[m[K [01;31m[Kerror: [m[Kâ€˜[01m[Kuint8_t[m[Kâ€™ was not declared in this scope
[1.023s]   123 |   for ([01;31m[Kuint8_t[m[K i = 0; i < n; i++)
[1.023s]       |        [01;31m[K^~~~~~~[m[K
[1.023s] [01m[K/home/corey/ros2_ws/src/Cubemars_AK_Series_Driver/ak_series_driver/src/mcp2515.cpp:123:23:[m[K [01;31m[Kerror: [m[Kâ€˜[01m[Ki[m[Kâ€™ was not declared in this scope
[1.023s]   123 |   for (uint8_t i = 0; [01;31m[Ki[m[K < n; i++)
[1.023s]       |                       [01;31m[K^[m[K
[1.023s] [01m[K/home/corey/ros2_ws/src/Cubemars_AK_Series_Driver/ak_series_driver/src/mcp2515.cpp:[m[K At global scope:
[1.023s] [01m[K/home/corey/ros2_ws/src/Cubemars_AK_Series_Driver/ak_series_driver/src/mcp2515.cpp:130:33:[m[K [01;31m[Kerror: [m[Kâ€˜[01m[KREGISTER[m[Kâ€™ does not name a type
[1.023s]   130 | void MCP2515::setRegister(const [01;31m[KREGISTER[m[K reg, const uint8_t value)
[1.024s]       |                                 [01;31m[K^~~~~~~~[m[K
[1.024s] [01m[K/home/corey/ros2_ws/src/Cubemars_AK_Series_Driver/ak_series_driver/src/mcp2515.cpp:130:53:[m[K [01;31m[Kerror: [m[Kâ€˜[01m[Kuint8_t[m[Kâ€™ does not name a type
[1.024s]   130 | void MCP2515::setRegister(const REGISTER reg, const [01;31m[Kuint8_t[m[K value)
[1.024s]       |                                                     [01;31m[K^~~~~~~[m[K
[1.024s] [01m[K/home/corey/ros2_ws/src/Cubemars_AK_Series_Driver/ak_series_driver/src/mcp2515.cpp:[m[K In member function â€˜[01m[Kvoid MCP2515::setRegister(int, int)[m[Kâ€™:
[1.024s] [01m[K/home/corey/ros2_ws/src/Cubemars_AK_Series_Driver/ak_series_driver/src/mcp2515.cpp:133:15:[m[K [01;31m[Kerror: [m[Kâ€˜[01m[KINSTRUCTION_WRITE[m[Kâ€™ was not declared in this scope
[1.024s]   133 |   spiTransfer([01;31m[KINSTRUCTION_WRITE[m[K);
[1.024s]       |               [01;31m[K^~~~~~~~~~~~~~~~~[m[K
[1.024s] [01m[K/home/corey/ros2_ws/src/Cubemars_AK_Series_Driver/ak_series_driver/src/mcp2515.cpp:133:3:[m[K [01;31m[Kerror: [m[Kâ€˜[01m[KspiTransfer[m[Kâ€™ was not declared in this scope
[1.024s]   133 |   [01;31m[KspiTransfer[m[K(INSTRUCTION_WRITE);
[1.024s]       |   [01;31m[K^~~~~~~~~~~[m[K
[1.024s] [01m[K/home/corey/ros2_ws/src/Cubemars_AK_Series_Driver/ak_series_driver/src/mcp2515.cpp:[m[K At global scope:
[1.024s] [01m[K/home/corey/ros2_ws/src/Cubemars_AK_Series_Driver/ak_series_driver/src/mcp2515.cpp:139:34:[m[K [01;31m[Kerror: [m[Kâ€˜[01m[KREGISTER[m[Kâ€™ does not name a type
[1.024s]   139 | void MCP2515::setRegisters(const [01;31m[KREGISTER[m[K reg, const uint8_t values[], const uint8_t n)
[1.024s]       |                                  [01;31m[K^~~~~~~~[m[K
[1.024s] [01m[K/home/corey/ros2_ws/src/Cubemars_AK_Series_Driver/ak_series_driver/src/mcp2515.cpp:139:54:[m[K [01;31m[Kerror: [m[Kâ€˜[01m[Kuint8_t[m[Kâ€™ does not name a type
[1.024s]   139 | void MCP2515::setRegisters(const REGISTER reg, const [01;31m[Kuint8_t[m[K values[], const uint8_t n)
[1.024s]       |                                                      [01;31m[K^~~~~~~[m[K
[1.024s] [01m[K/home/corey/ros2_ws/src/Cubemars_AK_Series_Driver/ak_series_driver/src/mcp2515.cpp:139:78:[m[K [01;31m[Kerror: [m[Kâ€˜[01m[Kuint8_t[m[Kâ€™ does not name a type
[1.025s]   139 | void MCP2515::setRegisters(const REGISTER reg, const uint8_t values[], const [01;31m[Kuint8_t[m[K n)
[1.025s]       |                                                                              [01;31m[K^~~~~~~[m[K
[1.025s] [01m[K/home/corey/ros2_ws/src/Cubemars_AK_Series_Driver/ak_series_driver/src/mcp2515.cpp:[m[K In member function â€˜[01m[Kvoid MCP2515::setRegisters(int, const int*, int)[m[Kâ€™:
[1.025s] [01m[K/home/corey/ros2_ws/src/Cubemars_AK_Series_Driver/ak_series_driver/src/mcp2515.cpp:142:15:[m[K [01;31m[Kerror: [m[Kâ€˜[01m[KINSTRUCTION_WRITE[m[Kâ€™ was not declared in this scope
[1.025s]   142 |   spiTransfer([01;31m[KINSTRUCTION_WRITE[m[K);
[1.025s]       |               [01;31m[K^~~~~~~~~~~~~~~~~[m[K
[1.025s] [01m[K/home/corey/ros2_ws/src/Cubemars_AK_Series_Driver/ak_series_driver/src/mcp2515.cpp:142:3:[m[K [01;31m[Kerror: [m[Kâ€˜[01m[KspiTransfer[m[Kâ€™ was not declared in this scope
[1.025s]   142 |   [01;31m[KspiTransfer[m[K(INSTRUCTION_WRITE);
[1.025s]       |   [01;31m[K^~~~~~~~~~~[m[K
[1.025s] [01m[K/home/corey/ros2_ws/src/Cubemars_AK_Series_Driver/ak_series_driver/src/mcp2515.cpp:144:8:[m[K [01;31m[Kerror: [m[Kâ€˜[01m[Kuint8_t[m[Kâ€™ was not declared in this scope
[1.025s]   144 |   for ([01;31m[Kuint8_t[m[K i = 0; i < n; i++)
[1.025s]       |        [01;31m[K^~~~~~~[m[K
[1.025s] [01m[K/home/corey/ros2_ws/src/Cubemars_AK_Series_Driver/ak_series_driver/src/mcp2515.cpp:144:23:[m[K [01;31m[Kerror: [m[Kâ€˜[01m[Ki[m[Kâ€™ was not declared in this scope
[1.025s]   144 |   for (uint8_t i = 0; [01;31m[Ki[m[K < n; i++)
[1.025s]       |                       [01;31m[K^[m[K
[1.025s] [01m[K/home/corey/ros2_ws/src/Cubemars_AK_Series_Driver/ak_series_driver/src/mcp2515.cpp:[m[K At global scope:
[1.025s] [01m[K/home/corey/ros2_ws/src/Cubemars_AK_Series_Driver/ak_series_driver/src/mcp2515.cpp:151:36:[m[K [01;31m[Kerror: [m[Kâ€˜[01m[KREGISTER[m[Kâ€™ does not name a type
[1.025s]   151 | void MCP2515::modifyRegister(const [01;31m[KREGISTER[m[K reg, const uint8_t mask, const uint8_t data)
[1.025s]       |                                    [01;31m[K^~~~~~~~[m[K
[1.026s] [01m[K/home/corey/ros2_ws/src/Cubemars_AK_Series_Driver/ak_series_driver/src/mcp2515.cpp:151:56:[m[K [01;31m[Kerror: [m[Kâ€˜[01m[Kuint8_t[m[Kâ€™ does not name a type
[1.026s]   151 | void MCP2515::modifyRegister(const REGISTER reg, const [01;31m[Kuint8_t[m[K mask, const uint8_t data)
[1.026s]       |                                                        [01;31m[K^~~~~~~[m[K
[1.026s] [01m[K/home/corey/ros2_ws/src/Cubemars_AK_Series_Driver/ak_series_driver/src/mcp2515.cpp:151:76:[m[K [01;31m[Kerror: [m[Kâ€˜[01m[Kuint8_t[m[Kâ€™ does not name a type
[1.026s]   151 | void MCP2515::modifyRegister(const REGISTER reg, const uint8_t mask, const [01;31m[Kuint8_t[m[K data)
[1.026s]       |                                                                            [01;31m[K^~~~~~~[m[K
[1.026s] [01m[K/home/corey/ros2_ws/src/Cubemars_AK_Series_Driver/ak_series_driver/src/mcp2515.cpp:[m[K In member function â€˜[01m[Kvoid MCP2515::modifyRegister(int, int, int)[m[Kâ€™:
[1.026s] [01m[K/home/corey/ros2_ws/src/Cubemars_AK_Series_Driver/ak_series_driver/src/mcp2515.cpp:154:15:[m[K [01;31m[Kerror: [m[Kâ€˜[01m[KINSTRUCTION_BITMOD[m[Kâ€™ was not declared in this scope
[1.026s]   154 |   spiTransfer([01;31m[KINSTRUCTION_BITMOD[m[K);
[1.026s]       |               [01;31m[K^~~~~~~~~~~~~~~~~~[m[K
[1.026s] [01m[K/home/corey/ros2_ws/src/Cubemars_AK_Series_Driver/ak_series_driver/src/mcp2515.cpp:154:3:[m[K [01;31m[Kerror: [m[Kâ€˜[01m[KspiTransfer[m[Kâ€™ was not declared in this scope
[1.026s]   154 |   [01;31m[KspiTransfer[m[K(INSTRUCTION_BITMOD);
[1.026s]       |   [01;31m[K^~~~~~~~~~~[m[K
[1.026s] [01m[K/home/corey/ros2_ws/src/Cubemars_AK_Series_Driver/ak_series_driver/src/mcp2515.cpp:[m[K At global scope:
[1.026s] [01m[K/home/corey/ros2_ws/src/Cubemars_AK_Series_Driver/ak_series_driver/src/mcp2515.cpp:161:1:[m[K [01;31m[Kerror: [m[Kâ€˜[01m[Kuint8_t[m[Kâ€™ does not name a type
[1.026s]   161 | [01;31m[Kuint8_t[m[K MCP2515::getStatus(void)
[1.026s]       | [01;31m[K^~~~~~~[m[K
[1.026s] [01m[K/home/corey/ros2_ws/src/Cubemars_AK_Series_Driver/ak_series_driver/src/mcp2515.cpp:[m[K In member function â€˜[01m[KMCP2515::ERROR MCP2515::setConfigMode()[m[Kâ€™:
[1.026s] [01m[K/home/corey/ros2_ws/src/Cubemars_AK_Series_Driver/ak_series_driver/src/mcp2515.cpp:173:18:[m[K [01;31m[Kerror: [m[Kâ€˜[01m[KCANCTRL_REQOP_CONFIG[m[Kâ€™ was not declared in this scope
[1.026s]   173 |   return setMode([01;31m[KCANCTRL_REQOP_CONFIG[m[K);
[1.027s]       |                  [01;31m[K^~~~~~~~~~~~~~~~~~~~[m[K
[1.027s] [01m[K/home/corey/ros2_ws/src/Cubemars_AK_Series_Driver/ak_series_driver/src/mcp2515.cpp:[m[K In member function â€˜[01m[KMCP2515::ERROR MCP2515::setListenOnlyMode()[m[Kâ€™:
[1.027s] [01m[K/home/corey/ros2_ws/src/Cubemars_AK_Series_Driver/ak_series_driver/src/mcp2515.cpp:178:18:[m[K [01;31m[Kerror: [m[Kâ€˜[01m[KCANCTRL_REQOP_LISTENONLY[m[Kâ€™ was not declared in this scope
[1.027s]   178 |   return setMode([01;31m[KCANCTRL_REQOP_LISTENONLY[m[K);
[1.027s]       |                  [01;31m[K^~~~~~~~~~~~~~~~~~~~~~~~[m[K
[1.027s] [01m[K/home/corey/ros2_ws/src/Cubemars_AK_Series_Driver/ak_series_driver/src/mcp2515.cpp:[m[K In member function â€˜[01m[KMCP2515::ERROR MCP2515::setSleepMode()[m[Kâ€™:
[1.027s] [01m[K/home/corey/ros2_ws/src/Cubemars_AK_Series_Driver/ak_series_driver/src/mcp2515.cpp:183:18:[m[K [01;31m[Kerror: [m[Kâ€˜[01m[KCANCTRL_REQOP_SLEEP[m[Kâ€™ was not declared in this scope
[1.027s]   183 |   return setMode([01;31m[KCANCTRL_REQOP_SLEEP[m[K);
[1.027s]       |                  [01;31m[K^~~~~~~~~~~~~~~~~~~[m[K
[1.027s] [01m[K/home/corey/ros2_ws/src/Cubemars_AK_Series_Driver/ak_series_driver/src/mcp2515.cpp:[m[K In member function â€˜[01m[KMCP2515::ERROR MCP2515::setLoopbackMode()[m[Kâ€™:
[1.027s] [01m[K/home/corey/ros2_ws/src/Cubemars_AK_Series_Driver/ak_series_driver/src/mcp2515.cpp:188:18:[m[K [01;31m[Kerror: [m[Kâ€˜[01m[KCANCTRL_REQOP_LOOPBACK[m[Kâ€™ was not declared in this scope
[1.027s]   188 |   return setMode([01;31m[KCANCTRL_REQOP_LOOPBACK[m[K);
[1.027s]       |                  [01;31m[K^~~~~~~~~~~~~~~~~~~~~~[m[K
[1.027s] [01m[K/home/corey/ros2_ws/src/Cubemars_AK_Series_Driver/ak_series_driver/src/mcp2515.cpp:[m[K In member function â€˜[01m[KMCP2515::ERROR MCP2515::setNormalMode()[m[Kâ€™:
[1.027s] [01m[K/home/corey/ros2_ws/src/Cubemars_AK_Series_Driver/ak_series_driver/src/mcp2515.cpp:193:18:[m[K [01;31m[Kerror: [m[Kâ€˜[01m[KCANCTRL_REQOP_NORMAL[m[Kâ€™ was not declared in this scope
[1.027s]   193 |   return setMode([01;31m[KCANCTRL_REQOP_NORMAL[m[K);
[1.027s]       |                  [01;31m[K^~~~~~~~~~~~~~~~~~~~[m[K
[1.027s] [01m[K/home/corey/ros2_ws/src/Cubemars_AK_Series_Driver/ak_series_driver/src/mcp2515.cpp:[m[K At global scope:
[1.027s] [01m[K/home/corey/ros2_ws/src/Cubemars_AK_Series_Driver/ak_series_driver/src/mcp2515.cpp:196:39:[m[K [01;31m[Kerror: [m[Kâ€˜[01m[KCANCTRL_REQOP_MODE[m[Kâ€™ does not name a type
[1.028s]   196 | MCP2515::ERROR MCP2515::setMode(const [01;31m[KCANCTRL_REQOP_MODE[m[K mode)
[1.028s]       |                                       [01;31m[K^~~~~~~~~~~~~~~~~~[m[K
[1.028s] [01m[K/home/corey/ros2_ws/src/Cubemars_AK_Series_Driver/ak_series_driver/src/mcp2515.cpp:[m[K In member function â€˜[01m[KMCP2515::ERROR MCP2515::setMode(int)[m[Kâ€™:
[1.028s] [01m[K/home/corey/ros2_ws/src/Cubemars_AK_Series_Driver/ak_series_driver/src/mcp2515.cpp:198:18:[m[K [01;31m[Kerror: [m[Kâ€˜[01m[KMCP_CANCTRL[m[Kâ€™ was not declared in this scope
[1.028s]   198 |   modifyRegister([01;31m[KMCP_CANCTRL[m[K, CANCTRL_REQOP, mode);
[1.028s]       |                  [01;31m[K^~~~~~~~~~~[m[K
[1.028s] [01m[K/home/corey/ros2_ws/src/Cubemars_AK_Series_Driver/ak_series_driver/src/mcp2515.cpp:198:31:[m[K [01;31m[Kerror: [m[Kâ€˜[01m[KCANCTRL_REQOP[m[Kâ€™ was not declared in this scope
[1.028s]   198 |   modifyRegister(MCP_CANCTRL, [01;31m[KCANCTRL_REQOP[m[K, mode);
[1.028s]       |                               [01;31m[K^~~~~~~~~~~~~[m[K
[1.028s] [01m[K/home/corey/ros2_ws/src/Cubemars_AK_Series_Driver/ak_series_driver/src/mcp2515.cpp:203:5:[m[K [01;31m[Kerror: [m[Kâ€˜[01m[Kuint8_t[m[Kâ€™ was not declared in this scope
[1.028s]   203 |     [01;31m[Kuint8_t[m[K newmode = readRegister(MCP_CANSTAT);
[1.028s]       |     [01;31m[K^~~~~~~[m[K
[1.028s] [01m[K/home/corey/ros2_ws/src/Cubemars_AK_Series_Driver/ak_series_driver/src/mcp2515.cpp:204:5:[m[K [01;31m[Kerror: [m[Kâ€˜[01m[Knewmode[m[Kâ€™ was not declared in this scope
[1.028s]   204 |     [01;31m[Knewmode[m[K &= CANSTAT_OPMOD;
[1.028s]       |     [01;31m[K^~~~~~~[m[K
[1.028s] [01m[K/home/corey/ros2_ws/src/Cubemars_AK_Series_Driver/ak_series_driver/src/mcp2515.cpp:204:16:[m[K [01;31m[Kerror: [m[Kâ€˜[01m[KCANSTAT_OPMOD[m[Kâ€™ was not declared in this scope
[1.028s]   204 |     newmode &= [01;31m[KCANSTAT_OPMOD[m[K;
[1.028s]       |                [01;31m[K^~~~~~~~~~~~~[m[K
[1.029s] [01m[K/home/corey/ros2_ws/src/Cubemars_AK_Series_Driver/ak_series_driver/src/mcp2515.cpp:[m[K In member function â€˜[01m[KMCP2515::ERROR MCP2515::setBitrate(CAN_SPEED, CAN_CLOCK)[m[Kâ€™:
[1.029s] [01m[K/home/corey/ros2_ws/src/Cubemars_AK_Series_Driver/ak_series_driver/src/mcp2515.cpp:225:3:[m[K [01;31m[Kerror: [m[Kâ€˜[01m[Kuint8_t[m[Kâ€™ was not declared in this scope
[1.029s]   225 |   [01;31m[Kuint8_t[m[K set, cfg1, cfg2, cfg3;
[1.029s]       |   [01;31m[K^~~~~~~[m[K
[1.029s] [01m[K/home/corey/ros2_ws/src/Cubemars_AK_Series_Driver/ak_series_driver/src/mcp2515.cpp:226:3:[m[K [01;31m[Kerror: [m[Kâ€˜[01m[Kset[m[Kâ€™ was not declared in this scope; did you mean â€˜[01m[Kreset[m[Kâ€™?
[1.029s]   226 |   [01;31m[Kset[m[K = 1;
[1.029s]       |   [01;31m[K^~~[m[K
[1.029s]       |   [32m[Kreset[m[K
[1.029s] [01m[K/home/corey/ros2_ws/src/Cubemars_AK_Series_Driver/ak_series_driver/src/mcp2515.cpp:233:7:[m[K [01;31m[Kerror: [m[Kâ€˜[01m[Kcfg1[m[Kâ€™ was not declared in this scope
[1.029s]   233 |       [01;31m[Kcfg1[m[K = MCP_8MHz_5kBPS_CFG1;
[1.029s]       |       [01;31m[K^~~~[m[K
[1.029s] [01m[K/home/corey/ros2_ws/src/Cubemars_AK_Series_Driver/ak_series_driver/src/mcp2515.cpp:234:7:[m[K [01;31m[Kerror: [m[Kâ€˜[01m[Kcfg2[m[Kâ€™ was not declared in this scope
[1.029s]   234 |       [01;31m[Kcfg2[m[K = MCP_8MHz_5kBPS_CFG2;
[1.029s]       |       [01;31m[K^~~~[m[K
[1.029s] [01m[K/home/corey/ros2_ws/src/Cubemars_AK_Series_Driver/ak_series_driver/src/mcp2515.cpp:235:7:[m[K [01;31m[Kerror: [m[Kâ€˜[01m[Kcfg3[m[Kâ€™ was not declared in this scope
[1.029s]   235 |       [01;31m[Kcfg3[m[K = MCP_8MHz_5kBPS_CFG3;
[1.029s]       |       [01;31m[K^~~~[m[K
[1.030s] [01m[K/home/corey/ros2_ws/src/Cubemars_AK_Series_Driver/ak_series_driver/src/mcp2515.cpp:326:7:[m[K [01;31m[Kerror: [m[Kâ€˜[01m[Kcfg1[m[Kâ€™ was not declared in this scope
[1.030s]   326 |       [01;31m[Kcfg1[m[K = MCP_16MHz_5kBPS_CFG1;
[1.030s]       |       [01;31m[K^~~~[m[K
[1.030s] [01m[K/home/corey/ros2_ws/src/Cubemars_AK_Series_Driver/ak_series_driver/src/mcp2515.cpp:327:7:[m[K [01;31m[Kerror: [m[Kâ€˜[01m[Kcfg2[m[Kâ€™ was not declared in this scope
[1.030s]   327 |       [01;31m[Kcfg2[m[K = MCP_16MHz_5kBPS_CFG2;
[1.030s]       |       [01;31m[K^~~~[m[K
[1.030s] [01m[K/home/corey/ros2_ws/src/Cubemars_AK_Series_Driver/ak_series_driver/src/mcp2515.cpp:328:7:[m[K [01;31m[Kerror: [m[Kâ€˜[01m[Kcfg3[m[Kâ€™ was not declared in this scope
[1.030s]   328 |       [01;31m[Kcfg3[m[K = MCP_16MHz_5kBPS_CFG3;
[1.030s]       |       [01;31m[K^~~~[m[K
[1.030s] [01m[K/home/corey/ros2_ws/src/Cubemars_AK_Series_Driver/ak_series_driver/src/mcp2515.cpp:419:7:[m[K [01;31m[Kerror: [m[Kâ€˜[01m[Kcfg1[m[Kâ€™ was not declared in this scope
[1.030s]   419 |       [01;31m[Kcfg1[m[K = MCP_20MHz_33k3BPS_CFG1;
[1.030s]       |       [01;31m[K^~~~[m[K
[1.030s] [01m[K/home/corey/ros2_ws/src/Cubemars_AK_Series_Driver/ak_series_driver/src/mcp2515.cpp:420:7:[m[K [01;31m[Kerror: [m[Kâ€˜[01m[Kcfg2[m[Kâ€™ was not declared in this scope
[1.030s]   420 |       [01;31m[Kcfg2[m[K = MCP_20MHz_33k3BPS_CFG2;
[1.030s]       |       [01;31m[K^~~~[m[K
[1.030s] [01m[K/home/corey/ros2_ws/src/Cubemars_AK_Series_Driver/ak_series_driver/src/mcp2515.cpp:421:7:[m[K [01;31m[Kerror: [m[Kâ€˜[01m[Kcfg3[m[Kâ€™ was not declared in this scope
[1.030s]   421 |       [01;31m[Kcfg3[m[K = MCP_20MHz_33k3BPS_CFG3;
[1.030s]       |       [01;31m[K^~~~[m[K
[1.030s] [01m[K/home/corey/ros2_ws/src/Cubemars_AK_Series_Driver/ak_series_driver/src/mcp2515.cpp:497:17:[m[K [01;31m[Kerror: [m[Kâ€˜[01m[KMCP_CNF1[m[Kâ€™ was not declared in this scope
[1.031s]   497 |     setRegister([01;31m[KMCP_CNF1[m[K, cfg1);
[1.031s]       |                 [01;31m[K^~~~~~~~[m[K
[1.031s] [01m[K/home/corey/ros2_ws/src/Cubemars_AK_Series_Driver/ak_series_driver/src/mcp2515.cpp:497:27:[m[K [01;31m[Kerror: [m[Kâ€˜[01m[Kcfg1[m[Kâ€™ was not declared in this scope
[1.031s]   497 |     setRegister(MCP_CNF1, [01;31m[Kcfg1[m[K);
[1.031s]       |                           [01;31m[K^~~~[m[K
[1.031s] [01m[K/home/corey/ros2_ws/src/Cubemars_AK_Series_Driver/ak_series_driver/src/mcp2515.cpp:498:17:[m[K [01;31m[Kerror: [m[Kâ€˜[01m[KMCP_CNF2[m[Kâ€™ was not declared in this scope
[1.031s]   498 |     setRegister([01;31m[KMCP_CNF2[m[K, cfg2);
[1.031s]       |                 [01;31m[K^~~~~~~~[m[K
[1.031s] [01m[K/home/corey/ros2_ws/src/Cubemars_AK_Series_Driver/ak_series_driver/src/mcp2515.cpp:498:27:[m[K [01;31m[Kerror: [m[Kâ€˜[01m[Kcfg2[m[Kâ€™ was not declared in this scope
[1.031s]   498 |     setRegister(MCP_CNF2, [01;31m[Kcfg2[m[K);
[1.031s]       |                           [01;31m[K^~~~[m[K
[1.031s] [01m[K/home/corey/ros2_ws/src/Cubemars_AK_Series_Driver/ak_series_driver/src/mcp2515.cpp:499:17:[m[K [01;31m[Kerror: [m[Kâ€˜[01m[KMCP_CNF3[m[Kâ€™ was not declared in this scope
[1.031s]   499 |     setRegister([01;31m[KMCP_CNF3[m[K, cfg3);
[1.031s]       |                 [01;31m[K^~~~~~~~[m[K
[1.031s] [01m[K/home/corey/ros2_ws/src/Cubemars_AK_Series_Driver/ak_series_driver/src/mcp2515.cpp:499:27:[m[K [01;31m[Kerror: [m[Kâ€˜[01m[Kcfg3[m[Kâ€™ was not declared in this scope
[1.031s]   499 |     setRegister(MCP_CNF3, [01;31m[Kcfg3[m[K);
[1.031s]       |                           [01;31m[K^~~~[m[K
[1.031s] [01m[K/home/corey/ros2_ws/src/Cubemars_AK_Series_Driver/ak_series_driver/src/mcp2515.cpp:[m[K In member function â€˜[01m[KMCP2515::ERROR MCP2515::setClkOut(CAN_CLKOUT)[m[Kâ€™:
[1.031s] [01m[K/home/corey/ros2_ws/src/Cubemars_AK_Series_Driver/ak_series_driver/src/mcp2515.cpp:513:20:[m[K [01;31m[Kerror: [m[Kâ€˜[01m[KMCP_CANCTRL[m[Kâ€™ was not declared in this scope
[1.031s]   513 |     modifyRegister([01;31m[KMCP_CANCTRL[m[K, CANCTRL_CLKEN, 0x00);
[1.032s]       |                    [01;31m[K^~~~~~~~~~~[m[K
[1.032s] [01m[K/home/corey/ros2_ws/src/Cubemars_AK_Series_Driver/ak_series_driver/src/mcp2515.cpp:513:33:[m[K [01;31m[Kerror: [m[Kâ€˜[01m[KCANCTRL_CLKEN[m[Kâ€™ was not declared in this scope
[1.032s]   513 |     modifyRegister(MCP_CANCTRL, [01;31m[KCANCTRL_CLKEN[m[K, 0x00);
[1.032s]       |                                 [01;31m[K^~~~~~~~~~~~~[m[K
[1.032s] [01m[K/home/corey/ros2_ws/src/Cubemars_AK_Series_Driver/ak_series_driver/src/mcp2515.cpp:516:20:[m[K [01;31m[Kerror: [m[Kâ€˜[01m[KMCP_CNF3[m[Kâ€™ was not declared in this scope
[1.032s]   516 |     modifyRegister([01;31m[KMCP_CNF3[m[K, CNF3_SOF, CNF3_SOF);
[1.032s]       |                    [01;31m[K^~~~~~~~[m[K
[1.032s] [01m[K/home/corey/ros2_ws/src/Cubemars_AK_Series_Driver/ak_series_driver/src/mcp2515.cpp:516:30:[m[K [01;31m[Kerror: [m[Kâ€˜[01m[KCNF3_SOF[m[Kâ€™ was not declared in this scope
[1.032s]   516 |     modifyRegister(MCP_CNF3, [01;31m[KCNF3_SOF[m[K, CNF3_SOF);
[1.032s]       |                              [01;31m[K^~~~~~~~[m[K
[1.032s] [01m[K/home/corey/ros2_ws/src/Cubemars_AK_Series_Driver/ak_series_driver/src/mcp2515.cpp:521:18:[m[K [01;31m[Kerror: [m[Kâ€˜[01m[KMCP_CANCTRL[m[Kâ€™ was not declared in this scope
[1.032s]   521 |   modifyRegister([01;31m[KMCP_CANCTRL[m[K, CANCTRL_CLKPRE, divisor);
[1.032s]       |                  [01;31m[K^~~~~~~~~~~[m[K
[1.032s] [01m[K/home/corey/ros2_ws/src/Cubemars_AK_Series_Driver/ak_series_driver/src/mcp2515.cpp:521:31:[m[K [01;31m[Kerror: [m[Kâ€˜[01m[KCANCTRL_CLKPRE[m[Kâ€™ was not declared in this scope
[1.032s]   521 |   modifyRegister(MCP_CANCTRL, [01;31m[KCANCTRL_CLKPRE[m[K, divisor);
[1.032s]       |                               [01;31m[K^~~~~~~~~~~~~~[m[K
[1.032s] [01m[K/home/corey/ros2_ws/src/Cubemars_AK_Series_Driver/ak_series_driver/src/mcp2515.cpp:524:31:[m[K [01;31m[Kerror: [m[Kâ€˜[01m[KCANCTRL_CLKEN[m[Kâ€™ was not declared in this scope
[1.032s]   524 |   modifyRegister(MCP_CANCTRL, [01;31m[KCANCTRL_CLKEN[m[K, CANCTRL_CLKEN);
[1.032s]       |                               [01;31m[K^~~~~~~~~~~~~[m[K
[1.033s] [01m[K/home/corey/ros2_ws/src/Cubemars_AK_Series_Driver/ak_series_driver/src/mcp2515.cpp:527:18:[m[K [01;31m[Kerror: [m[Kâ€˜[01m[KMCP_CNF3[m[Kâ€™ was not declared in this scope
[1.033s]   527 |   modifyRegister([01;31m[KMCP_CNF3[m[K, CNF3_SOF, 0x00);
[1.033s]       |                  [01;31m[K^~~~~~~~[m[K
[1.033s] [01m[K/home/corey/ros2_ws/src/Cubemars_AK_Series_Driver/ak_series_driver/src/mcp2515.cpp:527:28:[m[K [01;31m[Kerror: [m[Kâ€˜[01m[KCNF3_SOF[m[Kâ€™ was not declared in this scope
[1.033s]   527 |   modifyRegister(MCP_CNF3, [01;31m[KCNF3_SOF[m[K, 0x00);
[1.033s]       |                            [01;31m[K^~~~~~~~[m[K
[1.033s] [01m[K/home/corey/ros2_ws/src/Cubemars_AK_Series_Driver/ak_series_driver/src/mcp2515.cpp:[m[K At global scope:
[1.033s] [01m[K/home/corey/ros2_ws/src/Cubemars_AK_Series_Driver/ak_series_driver/src/mcp2515.cpp:531:25:[m[K [01;31m[Kerror: [m[Kvariable or field â€˜[01m[KprepareId[m[Kâ€™ declared void
[1.033s]   531 | void MCP2515::prepareId([01;31m[Kuint8_t[m[K *buffer, const bool ext, const uint32_t id)
[1.033s]       |                         [01;31m[K^~~~~~~[m[K
[1.033s] [01m[K/home/corey/ros2_ws/src/Cubemars_AK_Series_Driver/ak_series_driver/src/mcp2515.cpp:531:25:[m[K [01;31m[Kerror: [m[Kâ€˜[01m[Kuint8_t[m[Kâ€™ was not declared in this scope
[1.033s] [01m[K/home/corey/ros2_ws/src/Cubemars_AK_Series_Driver/ak_series_driver/src/mcp2515.cpp:531:34:[m[K [01;31m[Kerror: [m[Kâ€˜[01m[Kbuffer[m[Kâ€™ was not declared in this scope
[1.033s]   531 | void MCP2515::prepareId(uint8_t *[01;31m[Kbuffer[m[K, const bool ext, const uint32_t id)
[1.033s]       |                                  [01;31m[K^~~~~~[m[K
[1.033s] [01m[K/home/corey/ros2_ws/src/Cubemars_AK_Series_Driver/ak_series_driver/src/mcp2515.cpp:531:42:[m[K [01;31m[Kerror: [m[Kexpected primary-expression before â€˜[01m[Kconst[m[Kâ€™
[1.033s]   531 | void MCP2515::prepareId(uint8_t *buffer, [01;31m[Kconst[m[K bool ext, const uint32_t id)
[1.033s]       |                                          [01;31m[K^~~~~[m[K
[1.033s] [01m[K/home/corey/ros2_ws/src/Cubemars_AK_Series_Driver/ak_series_driver/src/mcp2515.cpp:531:58:[m[K [01;31m[Kerror: [m[Kexpected primary-expression before â€˜[01m[Kconst[m[Kâ€™
[1.033s]   531 | void MCP2515::prepareId(uint8_t *buffer, const bool ext, [01;31m[Kconst[m[K uint32_t id)
[1.034s]       |                                                          [01;31m[K^~~~~[m[K
[1.034s] [01m[K/home/corey/ros2_ws/src/Cubemars_AK_Series_Driver/ak_series_driver/src/mcp2515.cpp:554:78:[m[K [01;31m[Kerror: [m[Kâ€˜[01m[Kuint32_t[m[Kâ€™ does not name a type
[1.034s]   554 | MCP2515::ERROR MCP2515::setFilterMask(const MASK mask, const bool ext, const [01;31m[Kuint32_t[m[K ulData)
[1.034s]       |                                                                              [01;31m[K^~~~~~~~[m[K
[1.034s] [01m[K/home/corey/ros2_ws/src/Cubemars_AK_Series_Driver/ak_series_driver/src/mcp2515.cpp:[m[K In member function â€˜[01m[KMCP2515::ERROR MCP2515::setFilterMask(MCP2515::MASK, bool, int)[m[Kâ€™:
[1.034s] [01m[K/home/corey/ros2_ws/src/Cubemars_AK_Series_Driver/ak_series_driver/src/mcp2515.cpp:562:3:[m[K [01;31m[Kerror: [m[Kâ€˜[01m[Kuint8_t[m[Kâ€™ was not declared in this scope
[1.034s]   562 |   [01;31m[Kuint8_t[m[K tbufdata[4];
[1.034s]       |   [01;31m[K^~~~~~~[m[K
[1.034s] [01m[K/home/corey/ros2_ws/src/Cubemars_AK_Series_Driver/ak_series_driver/src/mcp2515.cpp:563:13:[m[K [01;31m[Kerror: [m[Kâ€˜[01m[Ktbufdata[m[Kâ€™ was not declared in this scope
[1.034s]   563 |   prepareId([01;31m[Ktbufdata[m[K, ext, ulData);
[1.034s]       |             [01;31m[K^~~~~~~~[m[K
[1.034s] [01m[K/home/corey/ros2_ws/src/Cubemars_AK_Series_Driver/ak_series_driver/src/mcp2515.cpp:565:3:[m[K [01;31m[Kerror: [m[Kâ€˜[01m[KREGISTER[m[Kâ€™ was not declared in this scope
[1.034s]   565 |   [01;31m[KREGISTER[m[K reg;
[1.034s]       |   [01;31m[K^~~~~~~~[m[K
[1.034s] [01m[K/home/corey/ros2_ws/src/Cubemars_AK_Series_Driver/ak_series_driver/src/mcp2515.cpp:569:5:[m[K [01;31m[Kerror: [m[Kâ€˜[01m[Kreg[m[Kâ€™ was not declared in this scope; did you mean â€˜[01m[Kres[m[Kâ€™?
[1.034s]   569 |     [01;31m[Kreg[m[K = MCP_RXM0SIDH;
[1.034s]       |     [01;31m[K^~~[m[K
[1.034s]       |     [32m[Kres[m[K
[1.034s] [01m[K/home/corey/ros2_ws/src/Cubemars_AK_Series_Driver/ak_series_driver/src/mcp2515.cpp:569:11:[m[K [01;31m[Kerror: [m[Kâ€˜[01m[KMCP_RXM0SIDH[m[Kâ€™ was not declared in this scope
[1.034s]   569 |     reg = [01;31m[KMCP_RXM0SIDH[m[K;
[1.035s]       |           [01;31m[K^~~~~~~~~~~~[m[K
[1.035s] [01m[K/home/corey/ros2_ws/src/Cubemars_AK_Series_Driver/ak_series_driver/src/mcp2515.cpp:572:11:[m[K [01;31m[Kerror: [m[Kâ€˜[01m[KMCP_RXM1SIDH[m[Kâ€™ was not declared in this scope
[1.035s]   572 |     reg = [01;31m[KMCP_RXM1SIDH[m[K;
[1.035s]       |           [01;31m[K^~~~~~~~~~~~[m[K
[1.035s] [01m[K/home/corey/ros2_ws/src/Cubemars_AK_Series_Driver/ak_series_driver/src/mcp2515.cpp:578:16:[m[K [01;31m[Kerror: [m[Kâ€˜[01m[Kreg[m[Kâ€™ was not declared in this scope; did you mean â€˜[01m[Kres[m[Kâ€™?
[1.035s]   578 |   setRegisters([01;31m[Kreg[m[K, tbufdata, 4);
[1.035s]       |                [01;31m[K^~~[m[K
[1.035s]       |                [32m[Kres[m[K
[1.035s] [01m[K/home/corey/ros2_ws/src/Cubemars_AK_Series_Driver/ak_series_driver/src/mcp2515.cpp:[m[K At global scope:
[1.035s] [01m[K/home/corey/ros2_ws/src/Cubemars_AK_Series_Driver/ak_series_driver/src/mcp2515.cpp:583:72:[m[K [01;31m[Kerror: [m[Kâ€˜[01m[Kuint32_t[m[Kâ€™ does not name a type
[1.035s]   583 | MCP2515::ERROR MCP2515::setFilter(const RXF num, const bool ext, const [01;31m[Kuint32_t[m[K ulData)
[1.035s]       |                                                                        [01;31m[K^~~~~~~~[m[K
[1.035s] [01m[K/home/corey/ros2_ws/src/Cubemars_AK_Series_Driver/ak_series_driver/src/mcp2515.cpp:[m[K In member function â€˜[01m[KMCP2515::ERROR MCP2515::setFilter(MCP2515::RXF, bool, int)[m[Kâ€™:
[1.035s] [01m[K/home/corey/ros2_ws/src/Cubemars_AK_Series_Driver/ak_series_driver/src/mcp2515.cpp:591:3:[m[K [01;31m[Kerror: [m[Kâ€˜[01m[KREGISTER[m[Kâ€™ was not declared in this scope
[1.035s]   591 |   [01;31m[KREGISTER[m[K reg;
[1.035s]       |   [01;31m[K^~~~~~~~[m[K
[1.035s] [01m[K/home/corey/ros2_ws/src/Cubemars_AK_Series_Driver/ak_series_driver/src/mcp2515.cpp:596:5:[m[K [01;31m[Kerror: [m[Kâ€˜[01m[Kreg[m[Kâ€™ was not declared in this scope; did you mean â€˜[01m[Kres[m[Kâ€™?
[1.035s]   596 |     [01;31m[Kreg[m[K = MCP_RXF0SIDH;
[1.035s]       |     [01;31m[K^~~[m[K
[1.035s]       |     [32m[Kres[m[K
[1.036s] [01m[K/home/corey/ros2_ws/src/Cubemars_AK_Series_Driver/ak_series_driver/src/mcp2515.cpp:596:11:[m[K [01;31m[Kerror: [m[Kâ€˜[01m[KMCP_RXF0SIDH[m[Kâ€™ was not declared in this scope
[1.036s]   596 |     reg = [01;31m[KMCP_RXF0SIDH[m[K;
[1.036s]       |           [01;31m[K^~~~~~~~~~~~[m[K
[1.036s] [01m[K/home/corey/ros2_ws/src/Cubemars_AK_Series_Driver/ak_series_driver/src/mcp2515.cpp:599:11:[m[K [01;31m[Kerror: [m[Kâ€˜[01m[KMCP_RXF1SIDH[m[Kâ€™ was not declared in this scope
[1.036s]   599 |     reg = [01;31m[KMCP_RXF1SIDH[m[K;
[1.036s]       |           [01;31m[K^~~~~~~~~~~~[m[K
[1.036s] [01m[K/home/corey/ros2_ws/src/Cubemars_AK_Series_Driver/ak_series_driver/src/mcp2515.cpp:602:11:[m[K [01;31m[Kerror: [m[Kâ€˜[01m[KMCP_RXF2SIDH[m[Kâ€™ was not declared in this scope
[1.036s]   602 |     reg = [01;31m[KMCP_RXF2SIDH[m[K;
[1.036s]       |           [01;31m[K^~~~~~~~~~~~[m[K
[1.036s] [01m[K/home/corey/ros2_ws/src/Cubemars_AK_Series_Driver/ak_series_driver/src/mcp2515.cpp:605:11:[m[K [01;31m[Kerror: [m[Kâ€˜[01m[KMCP_RXF3SIDH[m[Kâ€™ was not declared in this scope
[1.036s]   605 |     reg = [01;31m[KMCP_RXF3SIDH[m[K;
[1.036s]       |           [01;31m[K^~~~~~~~~~~~[m[K
[1.036s] [01m[K/home/corey/ros2_ws/src/Cubemars_AK_Series_Driver/ak_series_driver/src/mcp2515.cpp:608:11:[m[K [01;31m[Kerror: [m[Kâ€˜[01m[KMCP_RXF4SIDH[m[Kâ€™ was not declared in this scope
[1.036s]   608 |     reg = [01;31m[KMCP_RXF4SIDH[m[K;
[1.036s]       |           [01;31m[K^~~~~~~~~~~~[m[K
[1.036s] [01m[K/home/corey/ros2_ws/src/Cubemars_AK_Series_Driver/ak_series_driver/src/mcp2515.cpp:611:11:[m[K [01;31m[Kerror: [m[Kâ€˜[01m[KMCP_RXF5SIDH[m[Kâ€™ was not declared in this scope
[1.036s]   611 |     reg = [01;31m[KMCP_RXF5SIDH[m[K;
[1.036s]       |           [01;31m[K^~~~~~~~~~~~[m[K
[1.037s] [01m[K/home/corey/ros2_ws/src/Cubemars_AK_Series_Driver/ak_series_driver/src/mcp2515.cpp:617:3:[m[K [01;31m[Kerror: [m[Kâ€˜[01m[Kuint8_t[m[Kâ€™ was not declared in this scope
[1.037s]   617 |   [01;31m[Kuint8_t[m[K tbufdata[4];
[1.037s]       |   [01;31m[K^~~~~~~[m[K
[1.037s] [01m[K/home/corey/ros2_ws/src/Cubemars_AK_Series_Driver/ak_series_driver/src/mcp2515.cpp:618:13:[m[K [01;31m[Kerror: [m[Kâ€˜[01m[Ktbufdata[m[Kâ€™ was not declared in this scope
[1.037s]   618 |   prepareId([01;31m[Ktbufdata[m[K, ext, ulData);
[1.037s]       |             [01;31m[K^~~~~~~~[m[K
[1.037s] [01m[K/home/corey/ros2_ws/src/Cubemars_AK_Series_Driver/ak_series_driver/src/mcp2515.cpp:619:16:[m[K [01;31m[Kerror: [m[Kâ€˜[01m[Kreg[m[Kâ€™ was not declared in this scope; did you mean â€˜[01m[Kres[m[Kâ€™?
[1.037s]   619 |   setRegisters([01;31m[Kreg[m[K, tbufdata, 4);
[1.037s]       |                [01;31m[K^~~[m[K
[1.037s]       |                [32m[Kres[m[K
[1.037s] [01m[K/home/corey/ros2_ws/src/Cubemars_AK_Series_Driver/ak_series_driver/src/mcp2515.cpp:[m[K In member function â€˜[01m[KMCP2515::ERROR MCP2515::sendMessage(MCP2515::TXBn, const can_frame*)[m[Kâ€™:
[1.037s] [01m[K/home/corey/ros2_ws/src/Cubemars_AK_Series_Driver/ak_series_driver/src/mcp2515.cpp:633:3:[m[K [01;31m[Kerror: [m[Kâ€˜[01m[Kuint8_t[m[Kâ€™ was not declared in this scope
[1.037s]   633 |   [01;31m[Kuint8_t[m[K data[13];
[1.037s]       |   [01;31m[K^~~~~~~[m[K
[1.037s] [01m[K/home/corey/ros2_ws/src/Cubemars_AK_Series_Driver/ak_series_driver/src/mcp2515.cpp:637:3:[m[K [01;31m[Kerror: [m[Kâ€˜[01m[Kuint32_t[m[Kâ€™ was not declared in this scope
[1.037s]   637 |   [01;31m[Kuint32_t[m[K id = (frame->can_id & (ext ? CAN_EFF_MASK : CAN_SFF_MASK));
[1.037s]       |   [01;31m[K^~~~~~~~[m[K
[1.037s] [01m[K/home/corey/ros2_ws/src/Cubemars_AK_Series_Driver/ak_series_driver/src/mcp2515.cpp:639:13:[m[K [01;31m[Kerror: [m[Kâ€˜[01m[Kdata[m[Kâ€™ was not declared in this scope
[1.038s]   639 |   prepareId([01;31m[Kdata[m[K, ext, id);
[1.038s]       |             [01;31m[K^~~~[m[K
[1.038s] [01m[K/home/corey/ros2_ws/src/Cubemars_AK_Series_Driver/ak_series_driver/src/mcp2515.cpp:639:24:[m[K [01;31m[Kerror: [m[Kâ€˜[01m[Kid[m[Kâ€™ was not declared in this scope
[1.038s]   639 |   prepareId(data, ext, [01;31m[Kid[m[K);
[1.038s]       |                        [01;31m[K^~[m[K
[1.038s] [01m[K/home/corey/ros2_ws/src/Cubemars_AK_Series_Driver/ak_series_driver/src/mcp2515.cpp:641:8:[m[K [01;31m[Kerror: [m[Kâ€˜[01m[KMCP_DLC[m[Kâ€™ was not declared in this scope
[1.038s]   641 |   data[[01;31m[KMCP_DLC[m[K] = rtr ? (frame->can_dlc | RTR_MASK) : frame->can_dlc;
[1.038s]       |        [01;31m[K^~~~~~~[m[K
[1.038s] [01m[K/home/corey/ros2_ws/src/Cubemars_AK_Series_Driver/ak_series_driver/src/mcp2515.cpp:641:43:[m[K [01;31m[Kerror: [m[Kâ€˜[01m[KRTR_MASK[m[Kâ€™ was not declared in this scope
[1.038s]   641 |   data[MCP_DLC] = rtr ? (frame->can_dlc | [01;31m[KRTR_MASK[m[K) : frame->can_dlc;
[1.038s]       |                                           [01;31m[K^~~~~~~~[m[K
[1.038s] [01m[K/home/corey/ros2_ws/src/Cubemars_AK_Series_Driver/ak_series_driver/src/mcp2515.cpp:643:16:[m[K [01;31m[Kerror: [m[Kâ€˜[01m[KMCP_DATA[m[Kâ€™ was not declared in this scope
[1.038s]   643 |   memcpy(&data[[01;31m[KMCP_DATA[m[K], frame->data, frame->can_dlc);
[1.038s]       |                [01;31m[K^~~~~~~~[m[K
[1.038s] [01m[K/home/corey/ros2_ws/src/Cubemars_AK_Series_Driver/ak_series_driver/src/mcp2515.cpp:645:23:[m[K [01;31m[Kerror: [m[Kâ€˜[01m[Kconst struct MCP2515::TXBn_REGS[m[Kâ€™ has no member named â€˜[01m[KSIDH[m[Kâ€™
[1.038s]   645 |   setRegisters(txbuf->[01;31m[KSIDH[m[K, data, 5 + frame->can_dlc);
[1.038s]       |                       [01;31m[K^~~~[m[K
[1.039s] [01m[K/home/corey/ros2_ws/src/Cubemars_AK_Series_Driver/ak_series_driver/src/mcp2515.cpp:647:25:[m[K [01;31m[Kerror: [m[Kâ€˜[01m[Kconst struct MCP2515::TXBn_REGS[m[Kâ€™ has no member named â€˜[01m[KCTRL[m[Kâ€™
[1.039s]   647 |   modifyRegister(txbuf->[01;31m[KCTRL[m[K, TXB_TXREQ, TXB_TXREQ);
[1.039s]       |                         [01;31m[K^~~~[m[K
[1.039s] [01m[K/home/corey/ros2_ws/src/Cubemars_AK_Series_Driver/ak_series_driver/src/mcp2515.cpp:647:31:[m[K [01;31m[Kerror: [m[Kâ€˜[01m[KTXB_TXREQ[m[Kâ€™ was not declared in this scope
[1.039s]   647 |   modifyRegister(txbuf->CTRL, [01;31m[KTXB_TXREQ[m[K, TXB_TXREQ);
[1.039s]       |                               [01;31m[K^~~~~~~~~[m[K
[1.039s] [01m[K/home/corey/ros2_ws/src/Cubemars_AK_Series_Driver/ak_series_driver/src/mcp2515.cpp:649:10:[m[K [01;31m[Kerror: [m[Kexpected â€˜[01m[K;[m[Kâ€™ before â€˜[01m[Kctrl[m[Kâ€™
[1.039s]   649 |   uint8_t[01;31m[K [m[K[32m[Kctrl[m[K = readRegister(txbuf->CTRL);
[1.039s]       |          [01;31m[K^[m[K[32m[K~~~~[m[K
[1.039s]       |          [32m[K;[m[K
[1.039s] [01m[K/home/corey/ros2_ws/src/Cubemars_AK_Series_Driver/ak_series_driver/src/mcp2515.cpp:650:8:[m[K [01;31m[Kerror: [m[Kâ€˜[01m[Kctrl[m[Kâ€™ was not declared in this scope
[1.039s]   650 |   if (([01;31m[Kctrl[m[K & (TXB_ABTF | TXB_MLOA | TXB_TXERR)) != 0)
[1.039s]       |        [01;31m[K^~~~[m[K
[1.039s] [01m[K/home/corey/ros2_ws/src/Cubemars_AK_Series_Driver/ak_series_driver/src/mcp2515.cpp:650:16:[m[K [01;31m[Kerror: [m[Kâ€˜[01m[KTXB_ABTF[m[Kâ€™ was not declared in this scope
[1.040s]   650 |   if ((ctrl & ([01;31m[KTXB_ABTF[m[K | TXB_MLOA | TXB_TXERR)) != 0)
[1.040s]       |                [01;31m[K^~~~~~~~[m[K
[1.040s] [01m[K/home/corey/ros2_ws/src/Cubemars_AK_Series_Driver/ak_series_driver/src/mcp2515.cpp:650:27:[m[K [01;31m[Kerror: [m[Kâ€˜[01m[KTXB_MLOA[m[Kâ€™ was not declared in this scope
[1.040s]   650 |   if ((ctrl & (TXB_ABTF | [01;31m[KTXB_MLOA[m[K | TXB_TXERR)) != 0)
[1.040s]       |                           [01;31m[K^~~~~~~~[m[K
[1.040s] [01m[K/home/corey/ros2_ws/src/Cubemars_AK_Series_Driver/ak_series_driver/src/mcp2515.cpp:650:38:[m[K [01;31m[Kerror: [m[Kâ€˜[01m[KTXB_TXERR[m[Kâ€™ was not declared in this scope
[1.040s]   650 |   if ((ctrl & (TXB_ABTF | TXB_MLOA | [01;31m[KTXB_TXERR[m[K)) != 0)
[1.040s]       |                                      [01;31m[K^~~~~~~~~[m[K
[1.040s] [01m[K/home/corey/ros2_ws/src/Cubemars_AK_Series_Driver/ak_series_driver/src/mcp2515.cpp:[m[K In member function â€˜[01m[KMCP2515::ERROR MCP2515::sendMessage(const can_frame*)[m[Kâ€™:
[1.040s] [01m[K/home/corey/ros2_ws/src/Cubemars_AK_Series_Driver/ak_series_driver/src/mcp2515.cpp:669:5:[m[K [01;31m[Kerror: [m[Kâ€˜[01m[Kuint8_t[m[Kâ€™ was not declared in this scope
[1.040s]   669 |     [01;31m[Kuint8_t[m[K ctrlval = readRegister(txbuf->CTRL);
[1.040s]       |     [01;31m[K^~~~~~~[m[K
[1.040s] [01m[K/home/corey/ros2_ws/src/Cubemars_AK_Series_Driver/ak_series_driver/src/mcp2515.cpp:670:10:[m[K [01;31m[Kerror: [m[Kâ€˜[01m[Kctrlval[m[Kâ€™ was not declared in this scope
[1.040s]   670 |     if (([01;31m[Kctrlval[m[K & TXB_TXREQ) == 0)
[1.040s]       |          [01;31m[K^~~~~~~[m[K
[1.040s] [01m[K/home/corey/ros2_ws/src/Cubemars_AK_Series_Driver/ak_series_driver/src/mcp2515.cpp:670:20:[m[K [01;31m[Kerror: [m[Kâ€˜[01m[KTXB_TXREQ[m[Kâ€™ was not declared in this scope
[1.040s]   670 |     if ((ctrlval & [01;31m[KTXB_TXREQ[m[K) == 0)
[1.040s]       |                    [01;31m[K^~~~~~~~~[m[K
[1.041s] [01m[K/home/corey/ros2_ws/src/Cubemars_AK_Series_Driver/ak_series_driver/src/mcp2515.cpp:668:29:[m[K [01;35m[Kwarning: [m[Kunused variable â€˜[01m[Ktxbuf[m[Kâ€™ [[01;35m[K-Wunused-variable[m[K]
[1.041s]   668 |     const struct TXBn_REGS *[01;35m[Ktxbuf[m[K = &TXB[txBuffers[i]];
[1.041s]       |                             [01;35m[K^~~~~[m[K
[1.041s] [01m[K/home/corey/ros2_ws/src/Cubemars_AK_Series_Driver/ak_series_driver/src/mcp2515.cpp:[m[K In member function â€˜[01m[KMCP2515::ERROR MCP2515::readMessage(MCP2515::RXBn, can_frame*)[m[Kâ€™:
[1.041s] [01m[K/home/corey/ros2_ws/src/Cubemars_AK_Series_Driver/ak_series_driver/src/mcp2515.cpp:683:3:[m[K [01;31m[Kerror: [m[Kâ€˜[01m[Kuint8_t[m[Kâ€™ was not declared in this scope
[1.041s]   683 |   [01;31m[Kuint8_t[m[K tbufdata[5];
[1.041s]       |   [01;31m[K^~~~~~~[m[K
[1.041s] [01m[K/home/corey/ros2_ws/src/Cubemars_AK_Series_Driver/ak_series_driver/src/mcp2515.cpp:685:22:[m[K [01;31m[Kerror: [m[Kâ€˜[01m[Kconst struct MCP2515::RXBn_REGS[m[Kâ€™ has no member named â€˜[01m[KSIDH[m[Kâ€™
[1.041s]   685 |   readRegisters(rxb->[01;31m[KSIDH[m[K, tbufdata, 5);
[1.041s]       |                      [01;31m[K^~~~[m[K
[1.041s] [01m[K/home/corey/ros2_ws/src/Cubemars_AK_Series_Driver/ak_series_driver/src/mcp2515.cpp:685:28:[m[K [01;31m[Kerror: [m[Kâ€˜[01m[Ktbufdata[m[Kâ€™ was not declared in this scope
[1.041s]   685 |   readRegisters(rxb->SIDH, [01;31m[Ktbufdata[m[K, 5);
[1.041s]       |                            [01;31m[K^~~~~~~~[m[K
[1.041s] [01m[K/home/corey/ros2_ws/src/Cubemars_AK_Series_Driver/ak_series_driver/src/mcp2515.cpp:687:3:[m[K [01;31m[Kerror: [m[Kâ€˜[01m[Kuint32_t[m[Kâ€™ was not declared in this scope
[1.041s]   687 |   [01;31m[Kuint32_t[m[K id = (tbufdata[MCP_SIDH] << 3) + (tbufdata[MCP_SIDL] >> 5);
[1.041s]       |   [01;31m[K^~~~~~~~[m[K
[1.041s] [01m[K/home/corey/ros2_ws/src/Cubemars_AK_Series_Driver/ak_series_driver/src/mcp2515.cpp:689:17:[m[K [01;31m[Kerror: [m[Kâ€˜[01m[KMCP_SIDL[m[Kâ€™ was not declared in this scope
[1.041s]   689 |   if ((tbufdata[[01;31m[KMCP_SIDL[m[K] & TXB_EXIDE_MASK) == TXB_EXIDE_MASK)
[1.042s]       |                 [01;31m[K^~~~~~~~[m[K
[1.042s] [01m[K/home/corey/ros2_ws/src/Cubemars_AK_Series_Driver/ak_series_driver/src/mcp2515.cpp:689:29:[m[K [01;31m[Kerror: [m[Kâ€˜[01m[KTXB_EXIDE_MASK[m[Kâ€™ was not declared in this scope
[1.042s]   689 |   if ((tbufdata[MCP_SIDL] & [01;31m[KTXB_EXIDE_MASK[m[K) == TXB_EXIDE_MASK)
[1.042s]       |                             [01;31m[K^~~~~~~~~~~~~~[m[K
[1.042s] [01m[K/home/corey/ros2_ws/src/Cubemars_AK_Series_Driver/ak_series_driver/src/mcp2515.cpp:691:5:[m[K [01;31m[Kerror: [m[Kâ€˜[01m[Kid[m[Kâ€™ was not declared in this scope
[1.042s]   691 |     [01;31m[Kid[m[K = (id << 2) + (tbufdata[MCP_SIDL] & 0x03);
[1.042s]       |     [01;31m[K^~[m[K
[1.042s] [01m[K/home/corey/ros2_ws/src/Cubemars_AK_Series_Driver/ak_series_driver/src/mcp2515.cpp:692:31:[m[K [01;31m[Kerror: [m[Kâ€˜[01m[KMCP_EID8[m[Kâ€™ was not declared in this scope
[1.042s]   692 |     id = (id << 8) + tbufdata[[01;31m[KMCP_EID8[m[K];
[1.042s]       |                               [01;31m[K^~~~~~~~[m[K
[1.042s] [01m[K/home/corey/ros2_ws/src/Cubemars_AK_Series_Driver/ak_series_driver/src/mcp2515.cpp:693:31:[m[K [01;31m[Kerror: [m[Kâ€˜[01m[KMCP_EID0[m[Kâ€™ was not declared in this scope
[1.042s]   693 |     id = (id << 8) + tbufdata[[01;31m[KMCP_EID0[m[K];
[1.042s]       |                               [01;31m[K^~~~~~~~[m[K
[1.042s] [01m[K/home/corey/ros2_ws/src/Cubemars_AK_Series_Driver/ak_series_driver/src/mcp2515.cpp:697:10:[m[K [01;31m[Kerror: [m[Kexpected â€˜[01m[K;[m[Kâ€™ before â€˜[01m[Kdlc[m[Kâ€™
[1.042s]   697 |   uint8_t[01;31m[K [m[K[32m[Kdlc[m[K = (tbufdata[MCP_DLC] & DLC_MASK);
[1.042s]       |          [01;31m[K^[m[K[32m[K~~~[m[K
[1.042s]       |          [32m[K;[m[K
[1.042s] [01m[K/home/corey/ros2_ws/src/Cubemars_AK_Series_Driver/ak_series_driver/src/mcp2515.cpp:698:7:[m[K [01;31m[Kerror: [m[Kâ€˜[01m[Kdlc[m[Kâ€™ was not declared in this scope
[1.043s]   698 |   if ([01;31m[Kdlc[m[K > CAN_MAX_DLEN)
[1.043s]       |       [01;31m[K^~~[m[K
[1.043s] [01m[K/home/corey/ros2_ws/src/Cubemars_AK_Series_Driver/ak_series_driver/src/mcp2515.cpp:703:10:[m[K [01;31m[Kerror: [m[Kexpected â€˜[01m[K;[m[Kâ€™ before â€˜[01m[Kctrl[m[Kâ€™
[1.043s]   703 |   uint8_t[01;31m[K [m[K[32m[Kctrl[m[K = readRegister(rxb->CTRL);
[1.043s]       |          [01;31m[K^[m[K[32m[K~~~~[m[K
[1.043s]       |          [32m[K;[m[K
[1.043s] [01m[K/home/corey/ros2_ws/src/Cubemars_AK_Series_Driver/ak_series_driver/src/mcp2515.cpp:704:7:[m[K [01;31m[Kerror: [m[Kâ€˜[01m[Kctrl[m[Kâ€™ was not declared in this scope
[1.043s]   704 |   if ([01;31m[Kctrl[m[K & RXBnCTRL_RTR)
[1.043s]       |       [01;31m[K^~~~[m[K
[1.043s] [01m[K/home/corey/ros2_ws/src/Cubemars_AK_Series_Driver/ak_series_driver/src/mcp2515.cpp:704:14:[m[K [01;31m[Kerror: [m[Kâ€˜[01m[KRXBnCTRL_RTR[m[Kâ€™ was not declared in this scope
[1.043s]   704 |   if (ctrl & [01;31m[KRXBnCTRL_RTR[m[K)
[1.043s]       |              [01;31m[K^~~~~~~~~~~~[m[K
[1.043s] [01m[K/home/corey/ros2_ws/src/Cubemars_AK_Series_Driver/ak_series_driver/src/mcp2515.cpp:706:5:[m[K [01;31m[Kerror: [m[Kâ€˜[01m[Kid[m[Kâ€™ was not declared in this scope
[1.043s]   706 |     [01;31m[Kid[m[K |= CAN_RTR_FLAG;
[1.043s]       |     [01;31m[K^~[m[K
[1.043s] [01m[K/home/corey/ros2_ws/src/Cubemars_AK_Series_Driver/ak_series_driver/src/mcp2515.cpp:709:19:[m[K [01;31m[Kerror: [m[Kâ€˜[01m[Kid[m[Kâ€™ was not declared in this scope
[1.043s]   709 |   frame->can_id = [01;31m[Kid[m[K;
[1.043s]       |                   [01;31m[K^~[m[K
[1.043s] [01m[K/home/corey/ros2_ws/src/Cubemars_AK_Series_Driver/ak_series_driver/src/mcp2515.cpp:710:20:[m[K [01;31m[Kerror: [m[Kâ€˜[01m[Kdlc[m[Kâ€™ was not declared in this scope
[1.043s]   710 |   frame->can_dlc = [01;31m[Kdlc[m[K;
[1.044s]       |                    [01;31m[K^~~[m[K
[1.044s] [01m[K/home/corey/ros2_ws/src/Cubemars_AK_Series_Driver/ak_series_driver/src/mcp2515.cpp:712:22:[m[K [01;31m[Kerror: [m[Kâ€˜[01m[Kconst struct MCP2515::RXBn_REGS[m[Kâ€™ has no member named â€˜[01m[KDATA[m[Kâ€™
[1.044s]   712 |   readRegisters(rxb->[01;31m[KDATA[m[K, frame->data, dlc);
[1.044s]       |                      [01;31m[K^~~~[m[K
[1.044s] [01m[K/home/corey/ros2_ws/src/Cubemars_AK_Series_Driver/ak_series_driver/src/mcp2515.cpp:714:18:[m[K [01;31m[Kerror: [m[Kâ€˜[01m[KMCP_CANINTF[m[Kâ€™ was not declared in this scope
[1.044s]   714 |   modifyRegister([01;31m[KMCP_CANINTF[m[K, rxb->CANINTF_RXnIF, 0);
[1.044s]       |                  [01;31m[K^~~~~~~~~~~[m[K
[1.044s] [01m[K/home/corey/ros2_ws/src/Cubemars_AK_Series_Driver/ak_series_driver/src/mcp2515.cpp:714:36:[m[K [01;31m[Kerror: [m[Kâ€˜[01m[Kconst struct MCP2515::RXBn_REGS[m[Kâ€™ has no member named â€˜[01m[KCANINTF_RXnIF[m[Kâ€™
[1.044s]   714 |   modifyRegister(MCP_CANINTF, rxb->[01;31m[KCANINTF_RXnIF[m[K, 0);
[1.044s]       |                                    [01;31m[K^~~~~~~~~~~~~[m[K
[1.044s] [01m[K/home/corey/ros2_ws/src/Cubemars_AK_Series_Driver/ak_series_driver/src/mcp2515.cpp:[m[K In member function â€˜[01m[KMCP2515::ERROR MCP2515::readMessage(can_frame*)[m[Kâ€™:
[1.044s] [01m[K/home/corey/ros2_ws/src/Cubemars_AK_Series_Driver/ak_series_driver/src/mcp2515.cpp:722:3:[m[K [01;31m[Kerror: [m[Kâ€˜[01m[Kuint8_t[m[Kâ€™ was not declared in this scope
[1.044s]   722 |   [01;31m[Kuint8_t[m[K stat = getStatus();
[1.044s]       |   [01;31m[K^~~~~~~[m[K
[1.044s] [01m[K/home/corey/ros2_ws/src/Cubemars_AK_Series_Driver/ak_series_driver/src/mcp2515.cpp:724:7:[m[K [01;31m[Kerror: [m[Kâ€˜[01m[Kstat[m[Kâ€™ was not declared in this scope; did you mean â€˜[01m[Kstrcat[m[Kâ€™?
[1.044s]   724 |   if ([01;31m[Kstat[m[K & STAT_RX0IF)
[1.044s]       |       [01;31m[K^~~~[m[K
[1.044s]       |       [32m[Kstrcat[m[K
[1.045s] [01m[K/home/corey/ros2_ws/src/Cubemars_AK_Series_Driver/ak_series_driver/src/mcp2515.cpp:724:14:[m[K [01;31m[Kerror: [m[Kâ€˜[01m[KSTAT_RX0IF[m[Kâ€™ was not declared in this scope
[1.045s]   724 |   if (stat & [01;31m[KSTAT_RX0IF[m[K)
[1.045s]       |              [01;31m[K^~~~~~~~~~[m[K
[1.045s] [01m[K/home/corey/ros2_ws/src/Cubemars_AK_Series_Driver/ak_series_driver/src/mcp2515.cpp:728:19:[m[K [01;31m[Kerror: [m[Kâ€˜[01m[KSTAT_RX1IF[m[Kâ€™ was not declared in this scope
[1.045s]   728 |   else if (stat & [01;31m[KSTAT_RX1IF[m[K)
[1.045s]       |                   [01;31m[K^~~~~~~~~~[m[K
[1.045s] [01m[K/home/corey/ros2_ws/src/Cubemars_AK_Series_Driver/ak_series_driver/src/mcp2515.cpp:[m[K In member function â€˜[01m[Kbool MCP2515::checkReceive()[m[Kâ€™:
[1.045s] [01m[K/home/corey/ros2_ws/src/Cubemars_AK_Series_Driver/ak_series_driver/src/mcp2515.cpp:742:3:[m[K [01;31m[Kerror: [m[Kâ€˜[01m[Kuint8_t[m[Kâ€™ was not declared in this scope
[1.045s]   742 |   [01;31m[Kuint8_t[m[K res = getStatus();
[1.045s]       |   [01;31m[K^~~~~~~[m[K
[1.045s] [01m[K/home/corey/ros2_ws/src/Cubemars_AK_Series_Driver/ak_series_driver/src/mcp2515.cpp:743:7:[m[K [01;31m[Kerror: [m[Kâ€˜[01m[Kres[m[Kâ€™ was not declared in this scope; did you mean â€˜[01m[Kreset[m[Kâ€™?
[1.045s]   743 |   if ([01;31m[Kres[m[K & STAT_RXIF_MASK)
[1.045s]       |       [01;31m[K^~~[m[K
[1.045s]       |       [32m[Kreset[m[K
[1.045s] [01m[K/home/corey/ros2_ws/src/Cubemars_AK_Series_Driver/ak_series_driver/src/mcp2515.cpp:743:13:[m[K [01;31m[Kerror: [m[Kâ€˜[01m[KSTAT_RXIF_MASK[m[Kâ€™ was not declared in this scope
[1.045s]   743 |   if (res & [01;31m[KSTAT_RXIF_MASK[m[K)
[1.045s]       |             [01;31m[K^~~~~~~~~~~~~~[m[K
[1.045s] [01m[K/home/corey/ros2_ws/src/Cubemars_AK_Series_Driver/ak_series_driver/src/mcp2515.cpp:[m[K In member function â€˜[01m[Kbool MCP2515::checkError()[m[Kâ€™:
[1.045s] [01m[K/home/corey/ros2_ws/src/Cubemars_AK_Series_Driver/ak_series_driver/src/mcp2515.cpp:755:3:[m[K [01;31m[Kerror: [m[Kâ€˜[01m[Kuint8_t[m[Kâ€™ was not declared in this scope
[1.045s]   755 |   [01;31m[Kuint8_t[m[K eflg = getErrorFlags();
[1.046s]       |   [01;31m[K^~~~~~~[m[K
[1.046s] [01m[K/home/corey/ros2_ws/src/Cubemars_AK_Series_Driver/ak_series_driver/src/mcp2515.cpp:757:7:[m[K [01;31m[Kerror: [m[Kâ€˜[01m[Keflg[m[Kâ€™ was not declared in this scope
[1.046s]   757 |   if ([01;31m[Keflg[m[K & EFLG_ERRORMASK)
[1.046s]       |       [01;31m[K^~~~[m[K
[1.046s] [01m[K/home/corey/ros2_ws/src/Cubemars_AK_Series_Driver/ak_series_driver/src/mcp2515.cpp:757:14:[m[K [01;31m[Kerror: [m[Kâ€˜[01m[KEFLG_ERRORMASK[m[Kâ€™ was not declared in this scope
[1.046s]   757 |   if (eflg & [01;31m[KEFLG_ERRORMASK[m[K)
[1.046s]       |              [01;31m[K^~~~~~~~~~~~~~[m[K
[1.046s] [01m[K/home/corey/ros2_ws/src/Cubemars_AK_Series_Driver/ak_series_driver/src/mcp2515.cpp:[m[K At global scope:
[1.046s] [01m[K/home/corey/ros2_ws/src/Cubemars_AK_Series_Driver/ak_series_driver/src/mcp2515.cpp:767:1:[m[K [01;31m[Kerror: [m[Kâ€˜[01m[Kuint8_t[m[Kâ€™ does not name a type
[1.046s]   767 | [01;31m[Kuint8_t[m[K MCP2515::getErrorFlags(void)
[1.046s]       | [01;31m[K^~~~~~~[m[K
[1.046s] [01m[K/home/corey/ros2_ws/src/Cubemars_AK_Series_Driver/ak_series_driver/src/mcp2515.cpp:[m[K In member function â€˜[01m[Kvoid MCP2515::clearRXnOVRFlags()[m[Kâ€™:
[1.046s] [01m[K/home/corey/ros2_ws/src/Cubemars_AK_Series_Driver/ak_series_driver/src/mcp2515.cpp:774:18:[m[K [01;31m[Kerror: [m[Kâ€˜[01m[KMCP_EFLG[m[Kâ€™ was not declared in this scope
[1.046s]   774 |   modifyRegister([01;31m[KMCP_EFLG[m[K, EFLG_RX0OVR | EFLG_RX1OVR, 0);
[1.046s]       |                  [01;31m[K^~~~~~~~[m[K
[1.046s] [01m[K/home/corey/ros2_ws/src/Cubemars_AK_Series_Driver/ak_series_driver/src/mcp2515.cpp:774:28:[m[K [01;31m[Kerror: [m[Kâ€˜[01m[KEFLG_RX0OVR[m[Kâ€™ was not declared in this scope
[1.046s]   774 |   modifyRegister(MCP_EFLG, [01;31m[KEFLG_RX0OVR[m[K | EFLG_RX1OVR, 0);
[1.046s]       |                            [01;31m[K^~~~~~~~~~~[m[K
[1.047s] [01m[K/home/corey/ros2_ws/src/Cubemars_AK_Series_Driver/ak_series_driver/src/mcp2515.cpp:774:42:[m[K [01;31m[Kerror: [m[Kâ€˜[01m[KEFLG_RX1OVR[m[Kâ€™ was not declared in this scope
[1.047s]   774 |   modifyRegister(MCP_EFLG, EFLG_RX0OVR | [01;31m[KEFLG_RX1OVR[m[K, 0);
[1.047s]       |                                          [01;31m[K^~~~~~~~~~~[m[K
[1.047s] [01m[K/home/corey/ros2_ws/src/Cubemars_AK_Series_Driver/ak_series_driver/src/mcp2515.cpp:[m[K At global scope:
[1.047s] [01m[K/home/corey/ros2_ws/src/Cubemars_AK_Series_Driver/ak_series_driver/src/mcp2515.cpp:777:1:[m[K [01;31m[Kerror: [m[Kâ€˜[01m[Kuint8_t[m[Kâ€™ does not name a type
[1.047s]   777 | [01;31m[Kuint8_t[m[K MCP2515::getInterrupts(void)
[1.047s]       | [01;31m[K^~~~~~~[m[K
[1.047s] [01m[K/home/corey/ros2_ws/src/Cubemars_AK_Series_Driver/ak_series_driver/src/mcp2515.cpp:[m[K In member function â€˜[01m[Kvoid MCP2515::clearInterrupts()[m[Kâ€™:
[1.047s] [01m[K/home/corey/ros2_ws/src/Cubemars_AK_Series_Driver/ak_series_driver/src/mcp2515.cpp:784:15:[m[K [01;31m[Kerror: [m[Kâ€˜[01m[KMCP_CANINTF[m[Kâ€™ was not declared in this scope
[1.047s]   784 |   setRegister([01;31m[KMCP_CANINTF[m[K, 0);
[1.047s]       |               [01;31m[K^~~~~~~~~~~[m[K
[1.047s] [01m[K/home/corey/ros2_ws/src/Cubemars_AK_Series_Driver/ak_series_driver/src/mcp2515.cpp:[m[K At global scope:
[1.047s] [01m[K/home/corey/ros2_ws/src/Cubemars_AK_Series_Driver/ak_series_driver/src/mcp2515.cpp:787:1:[m[K [01;31m[Kerror: [m[Kâ€˜[01m[Kuint8_t[m[Kâ€™ does not name a type
[1.047s]   787 | [01;31m[Kuint8_t[m[K MCP2515::getInterruptMask(void)
[1.047s]       | [01;31m[K^~~~~~~[m[K
[1.047s] [01m[K/home/corey/ros2_ws/src/Cubemars_AK_Series_Driver/ak_series_driver/src/mcp2515.cpp:[m[K In member function â€˜[01m[Kvoid MCP2515::clearTXInterrupts()[m[Kâ€™:
[1.047s] [01m[K/home/corey/ros2_ws/src/Cubemars_AK_Series_Driver/ak_series_driver/src/mcp2515.cpp:794:18:[m[K [01;31m[Kerror: [m[Kâ€˜[01m[KMCP_CANINTF[m[Kâ€™ was not declared in this scope
[1.047s]   794 |   modifyRegister([01;31m[KMCP_CANINTF[m[K, (CANINTF_TX0IF | CANINTF_TX1IF | CANINTF_TX2IF), 0);
[1.047s]       |                  [01;31m[K^~~~~~~~~~~[m[K
[1.048s] [01m[K/home/corey/ros2_ws/src/Cubemars_AK_Series_Driver/ak_series_driver/src/mcp2515.cpp:794:32:[m[K [01;31m[Kerror: [m[Kâ€˜[01m[KCANINTF_TX0IF[m[Kâ€™ was not declared in this scope
[1.048s]   794 |   modifyRegister(MCP_CANINTF, ([01;31m[KCANINTF_TX0IF[m[K | CANINTF_TX1IF | CANINTF_TX2IF), 0);
[1.048s]       |                                [01;31m[K^~~~~~~~~~~~~[m[K
[1.048s] [01m[K/home/corey/ros2_ws/src/Cubemars_AK_Series_Driver/ak_series_driver/src/mcp2515.cpp:794:48:[m[K [01;31m[Kerror: [m[Kâ€˜[01m[KCANINTF_TX1IF[m[Kâ€™ was not declared in this scope
[1.048s]   794 |   modifyRegister(MCP_CANINTF, (CANINTF_TX0IF | [01;31m[KCANINTF_TX1IF[m[K | CANINTF_TX2IF), 0);
[1.048s]       |                                                [01;31m[K^~~~~~~~~~~~~[m[K
[1.048s] [01m[K/home/corey/ros2_ws/src/Cubemars_AK_Series_Driver/ak_series_driver/src/mcp2515.cpp:794:64:[m[K [01;31m[Kerror: [m[Kâ€˜[01m[KCANINTF_TX2IF[m[Kâ€™ was not declared in this scope
[1.048s]   794 |   modifyRegister(MCP_CANINTF, (CANINTF_TX0IF | CANINTF_TX1IF | [01;31m[KCANINTF_TX2IF[m[K), 0);
[1.048s]       |                                                                [01;31m[K^~~~~~~~~~~~~[m[K
[1.048s] [01m[K/home/corey/ros2_ws/src/Cubemars_AK_Series_Driver/ak_series_driver/src/mcp2515.cpp:[m[K In member function â€˜[01m[Kvoid MCP2515::clearRXnOVR()[m[Kâ€™:
[1.048s] [01m[K/home/corey/ros2_ws/src/Cubemars_AK_Series_Driver/ak_series_driver/src/mcp2515.cpp:799:3:[m[K [01;31m[Kerror: [m[Kâ€˜[01m[Kuint8_t[m[Kâ€™ was not declared in this scope
[1.048s]   799 |   [01;31m[Kuint8_t[m[K eflg = getErrorFlags();
[1.048s]       |   [01;31m[K^~~~~~~[m[K
[1.048s] [01m[K/home/corey/ros2_ws/src/Cubemars_AK_Series_Driver/ak_series_driver/src/mcp2515.cpp:800:7:[m[K [01;31m[Kerror: [m[Kâ€˜[01m[Keflg[m[Kâ€™ was not declared in this scope
[1.048s]   800 |   if ([01;31m[Keflg[m[K != 0)
[1.048s]       |       [01;31m[K^~~~[m[K
[1.048s] [01m[K/home/corey/ros2_ws/src/Cubemars_AK_Series_Driver/ak_series_driver/src/mcp2515.cpp:[m[K In member function â€˜[01m[Kvoid MCP2515::clearMERR()[m[Kâ€™:
[1.048s] [01m[K/home/corey/ros2_ws/src/Cubemars_AK_Series_Driver/ak_series_driver/src/mcp2515.cpp:812:18:[m[K [01;31m[Kerror: [m[Kâ€˜[01m[KMCP_CANINTF[m[Kâ€™ was not declared in this scope
[1.048s]   812 |   modifyRegister([01;31m[KMCP_CANINTF[m[K, CANINTF_MERRF, 0);
[1.049s]       |                  [01;31m[K^~~~~~~~~~~[m[K
[1.049s] [01m[K/home/corey/ros2_ws/src/Cubemars_AK_Series_Driver/ak_series_driver/src/mcp2515.cpp:812:31:[m[K [01;31m[Kerror: [m[Kâ€˜[01m[KCANINTF_MERRF[m[Kâ€™ was not declared in this scope
[1.049s]   812 |   modifyRegister(MCP_CANINTF, [01;31m[KCANINTF_MERRF[m[K, 0);
[1.049s]       |                               [01;31m[K^~~~~~~~~~~~~[m[K
[1.049s] [01m[K/home/corey/ros2_ws/src/Cubemars_AK_Series_Driver/ak_series_driver/src/mcp2515.cpp:[m[K In member function â€˜[01m[Kvoid MCP2515::clearERRIF()[m[Kâ€™:
[1.049s] [01m[K/home/corey/ros2_ws/src/Cubemars_AK_Series_Driver/ak_series_driver/src/mcp2515.cpp:819:18:[m[K [01;31m[Kerror: [m[Kâ€˜[01m[KMCP_CANINTF[m[Kâ€™ was not declared in this scope
[1.049s]   819 |   modifyRegister([01;31m[KMCP_CANINTF[m[K, CANINTF_ERRIF, 0);
[1.049s]       |                  [01;31m[K^~~~~~~~~~~[m[K
[1.049s] [01m[K/home/corey/ros2_ws/src/Cubemars_AK_Series_Driver/ak_series_driver/src/mcp2515.cpp:819:31:[m[K [01;31m[Kerror: [m[Kâ€˜[01m[KCANINTF_ERRIF[m[Kâ€™ was not declared in this scope
[1.049s]   819 |   modifyRegister(MCP_CANINTF, [01;31m[KCANINTF_ERRIF[m[K, 0);
[1.049s]       |                               [01;31m[K^~~~~~~~~~~~~[m[K
[1.049s] [01m[K/home/corey/ros2_ws/src/Cubemars_AK_Series_Driver/ak_series_driver/src/mcp2515.cpp:[m[K At global scope:
[1.049s] [01m[K/home/corey/ros2_ws/src/Cubemars_AK_Series_Driver/ak_series_driver/src/mcp2515.cpp:822:1:[m[K [01;31m[Kerror: [m[Kâ€˜[01m[Kuint8_t[m[Kâ€™ does not name a type
[1.049s]   822 | [01;31m[Kuint8_t[m[K MCP2515::errorCountRX(void)
[1.049s]       | [01;31m[K^~~~~~~[m[K
[1.049s] [01m[K/home/corey/ros2_ws/src/Cubemars_AK_Series_Driver/ak_series_driver/src/mcp2515.cpp:827:1:[m[K [01;31m[Kerror: [m[Kâ€˜[01m[Kuint8_t[m[Kâ€™ does not name a type
[1.049s]   827 | [01;31m[Kuint8_t[m[K MCP2515::errorCountTX(void)
[1.049s]       | [01;31m[K^~~~~~~[m[K
[1.050s] [01m[K/home/corey/ros2_ws/src/Cubemars_AK_Series_Driver/ak_series_driver/src/mcp2515.cpp:[m[K In member function â€˜[01m[KMCP2515::ERROR MCP2515::setBitrate(CAN_SPEED, CAN_CLOCK)[m[Kâ€™:
[1.050s] [01m[K/home/corey/ros2_ws/src/Cubemars_AK_Series_Driver/ak_series_driver/src/mcp2515.cpp:506:1:[m[K [01;35m[Kwarning: [m[Kcontrol reaches end of non-void function [[01;35m[K-Wreturn-type[m[K]
[1.050s]   506 | [01;35m[K}[m[K
[1.050s]       | [01;35m[K^[m[K
[1.050s] [01m[K/home/corey/ros2_ws/src/Cubemars_AK_Series_Driver/ak_series_driver/src/mcp2515.cpp:[m[K In member function â€˜[01m[Kbool MCP2515::checkReceive()[m[Kâ€™:
[1.050s] [01m[K/home/corey/ros2_ws/src/Cubemars_AK_Series_Driver/ak_series_driver/src/mcp2515.cpp:751:1:[m[K [01;35m[Kwarning: [m[Kcontrol reaches end of non-void function [[01;35m[K-Wreturn-type[m[K]
[1.050s]   751 | [01;35m[K}[m[K
[1.050s]       | [01;35m[K^[m[K
[1.050s] [01m[K/home/corey/ros2_ws/src/Cubemars_AK_Series_Driver/ak_series_driver/src/mcp2515.cpp:[m[K In member function â€˜[01m[Kbool MCP2515::checkError()[m[Kâ€™:
[1.050s] [01m[K/home/corey/ros2_ws/src/Cubemars_AK_Series_Driver/ak_series_driver/src/mcp2515.cpp:765:1:[m[K [01;35m[Kwarning: [m[Kcontrol reaches end of non-void function [[01;35m[K-Wreturn-type[m[K]
[1.050s]   765 | [01;35m[K}[m[K
[1.050s]       | [01;35m[K^[m[K
[1.051s] make[2]: *** [CMakeFiles/ak_series_driver.dir/build.make:104: CMakeFiles/ak_series_driver.dir/src/mcp2515.cpp.o] Error 1
[1.051s] make[2]: *** Waiting for unfinished jobs....
[2.592s] make[1]: *** [CMakeFiles/Makefile2:139: CMakeFiles/ak_series_driver.dir/all] Error 2
[2.592s] make: *** [Makefile:146: all] Error 2
[2.596s] Invoked command in '/home/corey/ros2_ws/build/ak_series_driver' returned '2': CMAKE_PREFIX_PATH=/opt/ros/galactic /home/corey/.local/bin/cmake --build /home/corey/ros2_ws/build/ak_series_driver -- -j16 -l16
