[0.158s] Invoking command in '/home/corey/ros2_ws/build/ak_series_driver': CMAKE_PREFIX_PATH=${CMAKE_PREFIX_PATH}:/opt/ros/galactic /home/corey/.local/bin/cmake --build /home/corey/ros2_ws/build/ak_series_driver -- -j16 -l16
[0.197s] [ 25%] [32mBuilding CXX object CMakeFiles/ak_series_driver.dir/src/test_node.cpp.o[0m
[1.419s] In file included from [01m[K/home/corey/ros2_ws/src/Cubemars_AK_Series_Driver/ak_series_driver/src/test_node.cpp:15[m[K:
[1.419s] [01m[K/home/corey/ros2_ws/src/Cubemars_AK_Series_Driver/ak_series_driver/include/ak_series_driver/ak_driver.hpp:[m[K In member function â€˜[01m[Kvoid AKDriver::pack_cmd(float, float, float, float, float)[m[Kâ€™:
[1.419s] [01m[K/home/corey/ros2_ws/src/Cubemars_AK_Series_Driver/ak_series_driver/include/ak_series_driver/ak_driver.hpp:66:66:[m[K [01;31m[Kerror: [m[Kassigning to an array from an initializer list
[1.419s]    66 |             msg = {0xff, 0xff, 0xff, 0xff, 0xff, 0xff, 0xff, 0xfc[01;31m[K}[m[K;
[1.419s]       |                                                                  [01;31m[K^[m[K
[1.419s] [01m[K/home/corey/ros2_ws/src/Cubemars_AK_Series_Driver/ak_series_driver/include/ak_series_driver/ak_driver.hpp:42:19:[m[K [01;35m[Kwarning: [m[Kunused variable â€˜[01m[KTest_Pos[m[Kâ€™ [[01;35m[K-Wunused-variable[m[K]
[1.419s]    42 |             float [01;35m[KTest_Pos[m[K=0.0;
[1.419s]       |                   [01;35m[K^~~~~~~~[m[K
[1.884s] make[2]: *** [CMakeFiles/ak_series_driver.dir/build.make:76: CMakeFiles/ak_series_driver.dir/src/test_node.cpp.o] Error 1
[1.884s] make[1]: *** [CMakeFiles/Makefile2:139: CMakeFiles/ak_series_driver.dir/all] Error 2
[1.884s] make: *** [Makefile:146: all] Error 2
[1.888s] Invoked command in '/home/corey/ros2_ws/build/ak_series_driver' returned '2': CMAKE_PREFIX_PATH=${CMAKE_PREFIX_PATH}:/opt/ros/galactic /home/corey/.local/bin/cmake --build /home/corey/ros2_ws/build/ak_series_driver -- -j16 -l16
