[0.280s] Invoking command in '/home/corey/Cubemars_AK_Series_Driver/build/ak_series_driver': CMAKE_PREFIX_PATH=/opt/ros/galactic /home/corey/.local/bin/cmake --build /home/corey/Cubemars_AK_Series_Driver/build/ak_series_driver -- -j16 -l16
[0.322s] [ 25%] [32mBuilding CXX object CMakeFiles/ak_series_driver.dir/src/test_node.cpp.o[0m
[1.620s] [01m[K/home/corey/Cubemars_AK_Series_Driver/src/ak_series_driver/src/test_node.cpp:[m[K In constructor â€˜[01m[KTestNode::TestNode()[m[Kâ€™:
[1.620s] [01m[K/home/corey/Cubemars_AK_Series_Driver/src/ak_series_driver/src/test_node.cpp:52:78:[m[K [01;31m[Kerror: [m[Kno matching function for call to â€˜[01m[Kstd::chrono::duration<long int, std::ratio<1, 1000> >::duration(double)[m[Kâ€™
[1.620s]    52 |             timer_ = this->create_wall_timer(std::chrono::milliseconds(1000.0[01;31m[K)[m[K, [this]() { publisher();});
[1.620s]       |                                                                              [01;31m[K^[m[K
[1.620s] In file included from [01m[K/usr/include/c++/9/mutex:39[m[K,
[1.620s]                  from [01m[K/usr/include/c++/9/future:38[m[K,
[1.620s]                  from [01m[K/opt/ros/galactic/include/rclcpp/executors.hpp:18[m[K,
[1.620s]                  from [01m[K/opt/ros/galactic/include/rclcpp/rclcpp.hpp:156[m[K,
[1.620s]                  from [01m[K/home/corey/Cubemars_AK_Series_Driver/src/ak_series_driver/src/test_node.cpp:15[m[K:
[1.620s] [01m[K/usr/include/c++/9/chrono:338:14:[m[K [01;36m[Knote: [m[Kcandidate: â€˜[01m[Ktemplate<class _Rep2, class _Period2, class> constexpr std::chrono::duration<_Rep, _Period>::duration(const std::chrono::duration<_Rep, _Period>&)[m[Kâ€™
[1.621s]   338 |    constexpr [01;36m[Kduration[m[K(const duration<_Rep2, _Period2>& __d)
[1.621s]       |              [01;36m[K^~~~~~~~[m[K
[1.621s] [01m[K/usr/include/c++/9/chrono:338:14:[m[K [01;36m[Knote: [m[K  template argument deduction/substitution failed:
[1.621s] [01m[K/home/corey/Cubemars_AK_Series_Driver/src/ak_series_driver/src/test_node.cpp:52:78:[m[K [01;36m[Knote: [m[K  mismatched types â€˜[01m[Kconst std::chrono::duration<_Rep1, _Period1>[m[Kâ€™ and â€˜[01m[Kdouble[m[Kâ€™
[1.621s]    52 |             timer_ = this->create_wall_timer(std::chrono::milliseconds(1000.0[01;36m[K)[m[K, [this]() { publisher();});
[1.621s]       |                                                                              [01;36m[K^[m[K
[1.621s] In file included from [01m[K/usr/include/c++/9/mutex:39[m[K,
[1.621s]                  from [01m[K/usr/include/c++/9/future:38[m[K,
[1.621s]                  from [01m[K/opt/ros/galactic/include/rclcpp/executors.hpp:18[m[K,
[1.621s]                  from [01m[K/opt/ros/galactic/include/rclcpp/rclcpp.hpp:156[m[K,
[1.621s]                  from [01m[K/home/corey/Cubemars_AK_Series_Driver/src/ak_series_driver/src/test_node.cpp:15[m[K:
[1.621s] [01m[K/usr/include/c++/9/chrono:331:23:[m[K [01;36m[Knote: [m[Kcandidate: â€˜[01m[Ktemplate<class _Rep2, class> constexpr std::chrono::duration<_Rep, _Period>::duration(const _Rep2&)[m[Kâ€™
[1.621s]   331 |    constexpr explicit [01;36m[Kduration[m[K(const _Rep2& __rep)
[1.621s]       |                       [01;36m[K^~~~~~~~[m[K
[1.621s] [01m[K/usr/include/c++/9/chrono:331:23:[m[K [01;36m[Knote: [m[K  template argument deduction/substitution failed:
[1.621s] In file included from [01m[K/usr/include/c++/9/bits/move.h:55[m[K,
[1.621s]                  from [01m[K/usr/include/c++/9/bits/stl_pair.h:59[m[K,
[1.621s]                  from [01m[K/usr/include/c++/9/bits/stl_algobase.h:64[m[K,
[1.621s]                  from [01m[K/usr/include/c++/9/vector:60[m[K,
[1.621s]                  from [01m[K/home/corey/Cubemars_AK_Series_Driver/src/ak_series_driver/src/test_node.cpp:10[m[K:
[1.621s] /usr/include/c++/9/type_traits: In substitution of â€˜[01m[Ktemplate<class ... _Cond> using _Require = typename std::enable_if<std::__and_< <template-parameter-1-1> >::value>::type [with _Cond = {std::is_convertible<const double&, long int>, std::__or_<std::chrono::treat_as_floating_point<long int>, std::__not_<std::chrono::treat_as_floating_point<double> > >}][m[Kâ€™:
[1.621s] [01m[K/usr/include/c++/9/chrono:328:27:[m[K   required from here
[1.622s] [01m[K/usr/include/c++/9/type_traits:2048:11:[m[K [01;31m[Kerror: [m[Kno type named â€˜[01m[Ktype[m[Kâ€™ in â€˜[01m[Kstruct std::enable_if<false, void>[m[Kâ€™
[1.622s]  2048 |     using [01;31m[K_Require[m[K = typename enable_if<__and_<_Cond...>::value>::type;
[1.622s]       |           [01;31m[K^~~~~~~~[m[K
[1.622s] In file included from [01m[K/usr/include/c++/9/mutex:39[m[K,
[1.622s]                  from [01m[K/usr/include/c++/9/future:38[m[K,
[1.622s]                  from [01m[K/opt/ros/galactic/include/rclcpp/executors.hpp:18[m[K,
[1.622s]                  from [01m[K/opt/ros/galactic/include/rclcpp/rclcpp.hpp:156[m[K,
[1.622s]                  from [01m[K/home/corey/Cubemars_AK_Series_Driver/src/ak_series_driver/src/test_node.cpp:15[m[K:
[1.622s] [01m[K/usr/include/c++/9/chrono:324:2:[m[K [01;36m[Knote: [m[Kcandidate: â€˜[01m[Kconstexpr std::chrono::duration<_Rep, _Period>::duration(const std::chrono::duration<_Rep, _Period>&) [with _Rep = long int; _Period = std::ratio<1, 1000>][m[Kâ€™
[1.622s]   324 |  [01;36m[Kduration[m[K(const duration&) = default;
[1.622s]       |  [01;36m[K^~~~~~~~[m[K
[1.622s] [01m[K/usr/include/c++/9/chrono:324:11:[m[K [01;36m[Knote: [m[K  no known conversion for argument 1 from â€˜[01m[Kdouble[m[Kâ€™ to â€˜[01m[Kconst std::chrono::duration<long int, std::ratio<1, 1000> >&[m[Kâ€™
[1.622s]   324 |  duration([01;36m[Kconst duration&[m[K) = default;
[1.622s]       |           [01;36m[K^~~~~~~~~~~~~~~[m[K
[1.622s] [01m[K/usr/include/c++/9/chrono:322:12:[m[K [01;36m[Knote: [m[Kcandidate: â€˜[01m[Kstd::chrono::duration<_Rep, _Period>::duration() [with _Rep = long int; _Period = std::ratio<1, 1000>][m[Kâ€™
[1.622s]   322 |  constexpr [01;36m[Kduration[m[K() = default;
[1.622s]       |            [01;36m[K^~~~~~~~[m[K
[1.622s] [01m[K/usr/include/c++/9/chrono:322:12:[m[K [01;36m[Knote: [m[K  candidate expects 0 arguments, 1 provided
[3.327s] make[2]: *** [CMakeFiles/ak_series_driver.dir/build.make:76: CMakeFiles/ak_series_driver.dir/src/test_node.cpp.o] Error 1
[3.327s] make[1]: *** [CMakeFiles/Makefile2:139: CMakeFiles/ak_series_driver.dir/all] Error 2
[3.327s] make: *** [Makefile:146: all] Error 2
[3.332s] Invoked command in '/home/corey/Cubemars_AK_Series_Driver/build/ak_series_driver' returned '2': CMAKE_PREFIX_PATH=/opt/ros/galactic /home/corey/.local/bin/cmake --build /home/corey/Cubemars_AK_Series_Driver/build/ak_series_driver -- -j16 -l16
