[0.160s] Invoking command in '/home/corey/ros2_ws/build/ak_series_driver': CMAKE_PREFIX_PATH=${CMAKE_PREFIX_PATH}:/opt/ros/galactic /home/corey/.local/bin/cmake --build /home/corey/ros2_ws/build/ak_series_driver -- -j16 -l16
[0.198s] [ 25%] [32mBuilding CXX object CMakeFiles/ak_series_driver.dir/src/test_node.cpp.o[0m
[1.450s] In file included from [01m[K/home/corey/ros2_ws/src/Cubemars_AK_Series_Driver/ak_series_driver/src/test_node.cpp:14[m[K:
[1.450s] [01m[K/home/corey/ros2_ws/src/Cubemars_AK_Series_Driver/ak_series_driver/include/ak_series_driver/can_communication.hpp:136:10:[m[K [01;31m[Kerror: [m[Kexpected â€˜[01m[K;[m[Kâ€™ after class definition
[1.450s]   136 |         }
[1.450s]       |          [01;31m[K^[m[K
[1.450s]       |          [32m[K;[m[K
[1.452s] [01m[K/home/corey/ros2_ws/src/Cubemars_AK_Series_Driver/ak_series_driver/include/ak_series_driver/can_communication.hpp:139:5:[m[K [01;31m[Kerror: [m[Kexpected unqualified-id before â€˜[01m[Kprivate[m[Kâ€™
[1.452s]   139 |     [01;31m[Kprivate[m[K:
[1.452s]       |     [01;31m[K^~~~~~~[m[K
[1.452s] [01m[K/home/corey/ros2_ws/src/Cubemars_AK_Series_Driver/ak_series_driver/include/ak_series_driver/can_communication.hpp:149:1:[m[K [01;31m[Kerror: [m[Kexpected declaration before â€˜[01m[K}[m[Kâ€™ token
[1.452s]   149 | [01;31m[K}[m[K;
[1.452s]       | [01;31m[K^[m[K
[1.453s] [01m[K/home/corey/ros2_ws/src/Cubemars_AK_Series_Driver/ak_series_driver/src/test_node.cpp:26:15:[m[K [01;31m[Kerror: [m[Kredefinition of â€˜[01m[Kunsigned char find_can(int)[m[Kâ€™
[1.453s]    26 | unsigned char [01;31m[Kfind_can[m[K(const int port)
[1.453s]       |               [01;31m[K^~~~~~~~[m[K
[1.453s] In file included from [01m[K/home/corey/ros2_ws/src/Cubemars_AK_Series_Driver/ak_series_driver/src/test_node.cpp:14[m[K:
[1.453s] [01m[K/home/corey/ros2_ws/src/Cubemars_AK_Series_Driver/ak_series_driver/include/ak_series_driver/can_communication.hpp:141:23:[m[K [01;36m[Knote: [m[Kâ€˜[01m[Kunsigned char find_can(int)[m[Kâ€™ previously defined here
[1.453s]   141 |         unsigned char [01;36m[Kfind_can[m[K(const int port)
[1.453s]       |                       [01;36m[K^~~~~~~~[m[K
[1.918s] make[2]: *** [CMakeFiles/ak_series_driver.dir/build.make:76: CMakeFiles/ak_series_driver.dir/src/test_node.cpp.o] Error 1
[1.918s] make[1]: *** [CMakeFiles/Makefile2:139: CMakeFiles/ak_series_driver.dir/all] Error 2
[1.918s] make: *** [Makefile:146: all] Error 2
[1.923s] Invoked command in '/home/corey/ros2_ws/build/ak_series_driver' returned '2': CMAKE_PREFIX_PATH=${CMAKE_PREFIX_PATH}:/opt/ros/galactic /home/corey/.local/bin/cmake --build /home/corey/ros2_ws/build/ak_series_driver -- -j16 -l16
