In file included from [01m[K/home/corey/Cubemars_AK_Series_Driver/src/ak_series_driver/src/single_motor.cpp:19[m[K:
[01m[K/home/corey/Cubemars_AK_Series_Driver/src/ak_series_driver/include/ak_series_driver/ak_driver.hpp:136:55:[m[K [01;31m[Kerror: [m[Ktwo or more data types in declaration of â€˜[01m[KGetCmdOutput[m[Kâ€™
  136 |         std::string void GetCmdOutput(const char * cmd[01;31m[K)[m[K
      |                                                       [01;31m[K^[m[K
[01m[K/home/corey/Cubemars_AK_Series_Driver/src/ak_series_driver/include/ak_series_driver/ak_driver.hpp:[m[K In member function â€˜[01m[Kvoid AKDriver::get_data(std::vector<float>&)[m[Kâ€™:
[01m[K/home/corey/Cubemars_AK_Series_Driver/src/ak_series_driver/include/ak_series_driver/ak_driver.hpp:177:34:[m[K [01;31m[Kerror: [m[Kâ€˜[01m[KGetCmdOutput[m[Kâ€™ was not declared in this scope
  177 |             std::string output = [01;31m[KGetCmdOutput[m[K(cmd);
      |                                  [01;31m[K^~~~~~~~~~~~[m[K
make[2]: *** [CMakeFiles/ak_series_driver.dir/build.make:63: CMakeFiles/ak_series_driver.dir/src/single_motor.cpp.o] Error 1
make[1]: *** [CMakeFiles/Makefile2:136: CMakeFiles/ak_series_driver.dir/all] Error 2
make: *** [Makefile:141: all] Error 2
