[0.015s] Invoking command in '/home/corey/Cubemars_AK_Series_Driver/build/ak_series_driver': CMAKE_PREFIX_PATH=${CMAKE_PREFIX_PATH}:/home/corey/Cubemars_AK_Series_Driver/install/control:/opt/ros/galactic /home/corey/.local/bin/cmake --build /home/corey/Cubemars_AK_Series_Driver/build/ak_series_driver -- -j16 -l16
[0.070s] [35m[1mScanning dependencies of target ak_series_driver[0m
[0.090s] [ 16%] [32mBuilding CXX object CMakeFiles/ak_series_driver.dir/src/single_motor.cpp.o[0m
[1.380s] In file included from [01m[K/home/corey/Cubemars_AK_Series_Driver/src/ak_series_driver/src/single_motor.cpp:19[m[K:
[1.380s] [01m[K/home/corey/Cubemars_AK_Series_Driver/src/ak_series_driver/include/ak_series_driver/ak_driver.hpp:[m[K In static member function â€˜[01m[Kstatic void AKDriver::get_can_frame()[m[Kâ€™:
[1.380s] [01m[K/home/corey/Cubemars_AK_Series_Driver/src/ak_series_driver/include/ak_series_driver/ak_driver.hpp:147:20:[m[K [01;31m[Kerror: [m[Kinvalid use of member â€˜[01m[KAKDriver::is_connected[m[Kâ€™ in static member function
[1.381s]   147 |             while ([01;31m[Kis_connected[m[K)
[1.381s]       |                    [01;31m[K^~~~~~~~~~~~[m[K
[1.381s] [01m[K/home/corey/Cubemars_AK_Series_Driver/src/ak_series_driver/include/ak_series_driver/ak_driver.hpp:28:14:[m[K [01;36m[Knote: [m[Kdeclared here
[1.381s]    28 |         bool [01;36m[Kis_connected[m[K = false;
[1.381s]       |              [01;36m[K^~~~~~~~~~~~[m[K
[1.381s] [01m[K/home/corey/Cubemars_AK_Series_Driver/src/ak_series_driver/include/ak_series_driver/ak_driver.hpp:150:48:[m[K [01;31m[Kerror: [m[Kâ€˜[01m[Kformat[m[Kâ€™ is not a member of â€˜[01m[Kstd[m[Kâ€™
[1.381s]   150 |                 auto status = std::system(std::[01;31m[Kformat[m[K("candump can0 | grep {}", motor_addr))
[1.381s]       |                                                [01;31m[K^~~~~~[m[K
[1.381s] [01m[K/home/corey/Cubemars_AK_Series_Driver/src/ak_series_driver/include/ak_series_driver/ak_driver.hpp:150:81:[m[K [01;31m[Kerror: [m[Kinvalid use of member â€˜[01m[KAKDriver::motor_addr[m[Kâ€™ in static member function
[1.382s]   150 |        auto status = std::system(std::format("candump can0 | grep {}", [01;31m[Kmotor_addr[m[K))
[1.382s]       |                                                                        [01;31m[K^~~~~~~~~~[m[K
[1.382s] 
[1.382s] [01m[K/home/corey/Cubemars_AK_Series_Driver/src/ak_series_driver/include/ak_series_driver/ak_driver.hpp:29:21:[m[K [01;36m[Knote: [m[Kdeclared here
[1.382s]    29 |         std::string [01;36m[Kmotor_addr[m[K = "00";
[1.382s]       |                     [01;36m[K^~~~~~~~~~[m[K
[1.382s] [01m[K/home/corey/Cubemars_AK_Series_Driver/src/ak_series_driver/include/ak_series_driver/ak_driver.hpp:156:17:[m[K [01;31m[Kerror: [m[Kexpected â€˜[01m[K,[m[Kâ€™ or â€˜[01m[K;[m[Kâ€™ before â€˜[01m[Kif[m[Kâ€™
[1.382s]   156 |                 [01;31m[Kif[m[K (can_frame != preFrame)
[1.382s]       |                 [01;31m[K^~[m[K
[3.107s] make[2]: *** [CMakeFiles/ak_series_driver.dir/build.make:63: CMakeFiles/ak_series_driver.dir/src/single_motor.cpp.o] Error 1
[3.108s] make[1]: *** [CMakeFiles/Makefile2:136: CMakeFiles/ak_series_driver.dir/all] Error 2
[3.108s] make: *** [Makefile:141: all] Error 2
[3.112s] Invoked command in '/home/corey/Cubemars_AK_Series_Driver/build/ak_series_driver' returned '2': CMAKE_PREFIX_PATH=${CMAKE_PREFIX_PATH}:/home/corey/Cubemars_AK_Series_Driver/install/control:/opt/ros/galactic /home/corey/.local/bin/cmake --build /home/corey/Cubemars_AK_Series_Driver/build/ak_series_driver -- -j16 -l16
