[0.156s] Invoking command in '/home/corey/ros2_ws/build/ak_series_driver': CMAKE_PREFIX_PATH=${CMAKE_PREFIX_PATH}:/opt/ros/galactic /home/corey/.local/bin/cmake --build /home/corey/ros2_ws/build/ak_series_driver -- -j16 -l16
[0.193s] [ 25%] [32mBuilding CXX object CMakeFiles/ak_series_driver.dir/src/test_node.cpp.o[0m
[0.283s] [01m[K/home/corey/ros2_ws/src/Cubemars_AK_Series_Driver/ak_series_driver/src/test_node.cpp:56:23:[m[K [01;31m[Kerror: [m[Kstray â€˜[01m[K\[m[Kâ€™ in program
[0.283s]    56 |     int msg[8] = {0xff[01;31m[K\[m[K,0xff\,0xff\,0xff\,0xff\,0xff\,0xff\,0xfc\};
[0.283s]       |                       [01;31m[K^[m[K
[0.284s] [01m[K/home/corey/ros2_ws/src/Cubemars_AK_Series_Driver/ak_series_driver/src/test_node.cpp:56:29:[m[K [01;31m[Kerror: [m[Kstray â€˜[01m[K\[m[Kâ€™ in program
[0.284s]    56 |     int msg[8] = {0xff\,0xff[01;31m[K\[m[K,0xff\,0xff\,0xff\,0xff\,0xff\,0xfc\};
[0.284s]       |                             [01;31m[K^[m[K
[0.284s] [01m[K/home/corey/ros2_ws/src/Cubemars_AK_Series_Driver/ak_series_driver/src/test_node.cpp:56:35:[m[K [01;31m[Kerror: [m[Kstray â€˜[01m[K\[m[Kâ€™ in program
[0.284s]    56 |     int msg[8] = {0xff\,0xff\,0xff[01;31m[K\[m[K,0xff\,0xff\,0xff\,0xff\,0xfc\};
[0.284s]       |                                   [01;31m[K^[m[K
[0.284s] [01m[K/home/corey/ros2_ws/src/Cubemars_AK_Series_Driver/ak_series_driver/src/test_node.cpp:56:41:[m[K [01;31m[Kerror: [m[Kstray â€˜[01m[K\[m[Kâ€™ in program
[0.284s]    56 |     int msg[8] = {0xff\,0xff\,0xff\,0xff[01;31m[K\[m[K,0xff\,0xff\,0xff\,0xfc\};
[0.284s]       |                                         [01;31m[K^[m[K
[0.284s] [01m[K/home/corey/ros2_ws/src/Cubemars_AK_Series_Driver/ak_series_driver/src/test_node.cpp:56:47:[m[K [01;31m[Kerror: [m[Kstray â€˜[01m[K\[m[Kâ€™ in program
[0.284s]    56 |     int msg[8] = {0xff\,0xff\,0xff\,0xff\,0xff[01;31m[K\[m[K,0xff\,0xff\,0xfc\};
[0.284s]       |                                               [01;31m[K^[m[K
[0.284s] [01m[K/home/corey/ros2_ws/src/Cubemars_AK_Series_Driver/ak_series_driver/src/test_node.cpp:56:53:[m[K [01;31m[Kerror: [m[Kstray â€˜[01m[K\[m[Kâ€™ in program
[0.284s]    56 |     int msg[8] = {0xff\,0xff\,0xff\,0xff\,0xff\,0xff[01;31m[K\[m[K,0xff\,0xfc\};
[0.284s]       |                                                     [01;31m[K^[m[K
[0.284s] [01m[K/home/corey/ros2_ws/src/Cubemars_AK_Series_Driver/ak_series_driver/src/test_node.cpp:56:59:[m[K [01;31m[Kerror: [m[Kstray â€˜[01m[K\[m[Kâ€™ in program
[0.284s]    56 |     int msg[8] = {0xff\,0xff\,0xff\,0xff\,0xff\,0xff\,0xff[01;31m[K\[m[K,0xfc\};
[0.284s]       |                                                           [01;31m[K^[m[K
[0.284s] [01m[K/home/corey/ros2_ws/src/Cubemars_AK_Series_Driver/ak_series_driver/src/test_node.cpp:56:65:[m[K [01;31m[Kerror: [m[Kstray â€˜[01m[K\[m[Kâ€™ in program
[0.284s]    56 |     int msg[8] = {0xff\,0xff\,0xff\,0xff\,0xff\,0xff\,0xff\,0xfc[01;31m[K\[m[K};
[0.284s]       |                                                                 [01;31m[K^[m[K
[1.456s] In file included from [01m[K/home/corey/ros2_ws/src/Cubemars_AK_Series_Driver/ak_series_driver/src/test_node.cpp:14[m[K:
[1.456s] [01m[K/home/corey/ros2_ws/src/Cubemars_AK_Series_Driver/ak_series_driver/include/ak_series_driver/can_communication.hpp:[m[K In member function â€˜[01m[Kvoid CanCommunication::send_cmd(int, int, int*)[m[Kâ€™:
[1.456s] [01m[K/home/corey/ros2_ws/src/Cubemars_AK_Series_Driver/ak_series_driver/include/ak_series_driver/can_communication.hpp:105:21:[m[K [01;31m[Kerror: [m[Kâ€˜[01m[Ki[m[Kâ€™ was not declared in this scope
[1.456s]   105 |                 for([01;31m[Ki[m[K = 0; i < 8; i++)
[1.456s]       |                     [01;31m[K^[m[K
[1.934s] make[2]: *** [CMakeFiles/ak_series_driver.dir/build.make:76: CMakeFiles/ak_series_driver.dir/src/test_node.cpp.o] Error 1
[1.934s] make[1]: *** [CMakeFiles/Makefile2:139: CMakeFiles/ak_series_driver.dir/all] Error 2
[1.934s] make: *** [Makefile:146: all] Error 2
[1.942s] Invoked command in '/home/corey/ros2_ws/build/ak_series_driver' returned '2': CMAKE_PREFIX_PATH=${CMAKE_PREFIX_PATH}:/opt/ros/galactic /home/corey/.local/bin/cmake --build /home/corey/ros2_ws/build/ak_series_driver -- -j16 -l16
