[0.311s] Invoking command in '/home/corey/Cubemars_AK_Series_Driver/build/ak_series_driver': CMAKE_PREFIX_PATH=/opt/ros/galactic /home/corey/.local/bin/cmake --build /home/corey/Cubemars_AK_Series_Driver/build/ak_series_driver -- -j16 -l16
[0.359s] [ 25%] [32mBuilding CXX object CMakeFiles/ak_series_driver.dir/src/test_node.cpp.o[0m
[1.932s] [01m[K/home/corey/Cubemars_AK_Series_Driver/src/ak_series_driver/src/test_node.cpp:[m[K In constructor â€˜[01m[KTestNode::TestNode()[m[Kâ€™:
[1.932s] [01m[K/home/corey/Cubemars_AK_Series_Driver/src/ak_series_driver/src/test_node.cpp:57:28:[m[K [01;31m[Kerror: [m[KISO C++ forbids taking the address of an unqualified or parenthesized non-static member function to form a pointer to member function.  Say â€˜[01m[K&TestNode::publish_thread[m[Kâ€™ [[01;31m[K-fpermissive[m[K]
[1.932s]    57 |             std::thread t(&[01;31m[Kpublish_thread[m[K);
[1.932s]       |                            [01;31m[K^~~~~~~~~~~~~~[m[K
[2.210s] In file included from [01m[K/home/corey/Cubemars_AK_Series_Driver/src/ak_series_driver/src/test_node.cpp:11[m[K:
[2.211s] /usr/include/c++/9/thread: In instantiation of â€˜[01m[Kstd::thread::thread(_Callable&&, _Args&& ...) [with _Callable = void (TestNode::*)(); _Args = {}; <template-parameter-1-3> = void][m[Kâ€™:
[2.211s] [01m[K/home/corey/Cubemars_AK_Series_Driver/src/ak_series_driver/src/test_node.cpp:57:42:[m[K   required from here
[2.211s] [01m[K/usr/include/c++/9/thread:120:44:[m[K [01;31m[Kerror: [m[Kstatic assertion failed: std::thread arguments must be invocable after conversion to rvalues
[2.211s]   120 |           typename decay<_Args>::type...>::[01;31m[Kvalue[m[K,
[2.211s]       |                                            [01;31m[K^~~~~[m[K
[2.213s] /usr/include/c++/9/thread: In instantiation of â€˜[01m[Kstruct std::thread::_Invoker<std::tuple<void (TestNode::*)()> >[m[Kâ€™:
[2.213s] [01m[K/usr/include/c++/9/thread:131:22:[m[K   required from â€˜[01m[Kstd::thread::thread(_Callable&&, _Args&& ...) [with _Callable = void (TestNode::*)(); _Args = {}; <template-parameter-1-3> = void][m[Kâ€™
[2.213s] [01m[K/home/corey/Cubemars_AK_Series_Driver/src/ak_series_driver/src/test_node.cpp:57:42:[m[K   required from here
[2.213s] [01m[K/usr/include/c++/9/thread:243:4:[m[K [01;31m[Kerror: [m[Kno type named â€˜[01m[Ktype[m[Kâ€™ in â€˜[01m[Kstruct std::thread::_Invoker<std::tuple<void (TestNode::*)()> >::__result<std::tuple<void (TestNode::*)()> >[m[Kâ€™
[2.213s]   243 |    [01;31m[K_M_invoke[m[K(_Index_tuple<_Ind...>)
[2.213s]       |    [01;31m[K^~~~~~~~~[m[K
[2.213s] [01m[K/usr/include/c++/9/thread:247:2:[m[K [01;31m[Kerror: [m[Kno type named â€˜[01m[Ktype[m[Kâ€™ in â€˜[01m[Kstruct std::thread::_Invoker<std::tuple<void (TestNode::*)()> >::__result<std::tuple<void (TestNode::*)()> >[m[Kâ€™
[2.213s]   247 |  [01;31m[Koperator[m[K()()
[2.213s]       |  [01;31m[K^~~~~~~~[m[K
[4.008s] make[2]: *** [CMakeFiles/ak_series_driver.dir/build.make:76: CMakeFiles/ak_series_driver.dir/src/test_node.cpp.o] Error 1
[4.008s] make[1]: *** [CMakeFiles/Makefile2:139: CMakeFiles/ak_series_driver.dir/all] Error 2
[4.008s] make: *** [Makefile:146: all] Error 2
[4.013s] Invoked command in '/home/corey/Cubemars_AK_Series_Driver/build/ak_series_driver' returned '2': CMAKE_PREFIX_PATH=/opt/ros/galactic /home/corey/.local/bin/cmake --build /home/corey/Cubemars_AK_Series_Driver/build/ak_series_driver -- -j16 -l16
