In file included from [01m[K/home/corey/Cubemars_AK_Series_Driver/src/ak_series_driver/src/single_motor.cpp:19[m[K:
[01m[K/home/corey/Cubemars_AK_Series_Driver/src/ak_series_driver/include/ak_series_driver/ak_driver.hpp:[m[K In member function â€˜[01m[Kvoid AKDriver::get_can_frame()[m[Kâ€™:
[01m[K/home/corey/Cubemars_AK_Series_Driver/src/ak_series_driver/include/ak_series_driver/ak_driver.hpp:153:46:[m[K [01;31m[Kerror: [m[Kâ€˜[01m[Kstd::stringstream[m[Kâ€™ {aka â€˜[01m[Kclass std::__cxx11::basic_stringstream<char>[m[Kâ€™} has no member named â€˜[01m[Kc_str[m[Kâ€™; did you mean â€˜[01m[Kstr[m[Kâ€™?
  153 |                 auto status = std::system(ss.[01;31m[Kc_str[m[K());
      |                                              [01;31m[K^~~~~[m[K
      |                                              [32m[Kstr[m[K
[01m[K/home/corey/Cubemars_AK_Series_Driver/src/ak_series_driver/include/ak_series_driver/ak_driver.hpp:162:44:[m[K [01;31m[Kerror: [m[Kunable to deduce â€˜[01m[Kauto&&[m[Kâ€™ from â€˜[01m[KpreFrame.std::vector<unsigned char, std::allocator<unsigned char> >::data[m[Kâ€™
  162 |                     for (auto i : preFrame.[01;31m[Kdata[m[K)
      |                                            [01;31m[K^~~~[m[K
[01m[K/home/corey/Cubemars_AK_Series_Driver/src/ak_series_driver/include/ak_series_driver/ak_driver.hpp:162:44:[m[K [01;36m[Knote: [m[K  couldnâ€™t deduce template parameter â€˜[01m[Kauto[m[Kâ€™
make[2]: *** [CMakeFiles/ak_series_driver.dir/build.make:63: CMakeFiles/ak_series_driver.dir/src/single_motor.cpp.o] Error 1
make[1]: *** [CMakeFiles/Makefile2:136: CMakeFiles/ak_series_driver.dir/all] Error 2
make: *** [Makefile:141: all] Error 2
