[0.350s] Invoking command in '/home/corey/Cubemars_AK_Series_Driver/build/ak_series_driver': CMAKE_PREFIX_PATH=${CMAKE_PREFIX_PATH}:/home/corey/Cubemars_AK_Series_Driver/install/test_topic:/opt/ros/galactic /home/corey/.local/bin/cmake --build /home/corey/Cubemars_AK_Series_Driver/build/ak_series_driver -- -j16 -l16
[0.394s] [ 25%] [32mBuilding CXX object CMakeFiles/ak_series_driver.dir/src/test_node.cpp.o[0m
[1.727s] [01m[K/home/corey/Cubemars_AK_Series_Driver/src/ak_series_driver/src/test_node.cpp:191:1:[m[K [01;31m[Kerror: [m[Kexpected â€˜[01m[K}[m[Kâ€™ at end of input
[1.727s]   191 | [01;31m[K}[m[K
[1.727s]       | [01;31m[K^[m[K
[1.727s] [01m[K/home/corey/Cubemars_AK_Series_Driver/src/ak_series_driver/src/test_node.cpp:41:1:[m[K [01;36m[Knote: [m[Kto match this â€˜[01m[K{[m[Kâ€™
[1.727s]    41 | [01;36m[K{[m[K
[1.727s]       | [01;36m[K^[m[K
[1.730s] [01m[K/home/corey/Cubemars_AK_Series_Driver/src/ak_series_driver/src/test_node.cpp:[m[K In constructor â€˜[01m[KTestNode::TestNode()[m[Kâ€™:
[1.730s] [01m[K/home/corey/Cubemars_AK_Series_Driver/src/ak_series_driver/src/test_node.cpp:51:13:[m[K [01;31m[Kerror: [m[Kâ€˜[01m[Ksubscription_[m[Kâ€™ was not declared in this scope; did you mean â€˜[01m[Krcl_subscription_t[m[Kâ€™?
[1.730s]    51 |             [01;31m[Ksubscription_[m[K = this->create_subscription<std_msgs::msg::String>(
[1.730s]       |             [01;31m[K^~~~~~~~~~~~~[m[K
[1.730s]       |             [32m[Krcl_subscription_t[m[K
[1.730s] [01m[K/home/corey/Cubemars_AK_Series_Driver/src/ak_series_driver/src/test_node.cpp:52:55:[m[K [01;31m[Kerror: [m[Kâ€˜[01m[Ktopic_callback[m[Kâ€™ is not a member of â€˜[01m[KTestNode[m[Kâ€™
[1.730s]    52 |                 "test_node", 10, std::bind(&TestNode::[01;31m[Ktopic_callback[m[K, this, _1));
[1.730s]       |                                                       [01;31m[K^~~~~~~~~~~~~~[m[K
[1.731s] [01m[K/home/corey/Cubemars_AK_Series_Driver/src/ak_series_driver/src/test_node.cpp:[m[K In member function â€˜[01m[Kvoid TestNode::setup()[m[Kâ€™:
[1.732s] [01m[K/home/corey/Cubemars_AK_Series_Driver/src/ak_series_driver/src/test_node.cpp:71:13:[m[K [01;31m[Kerror: [m[Kâ€˜[01m[Kdriver[m[Kâ€™ was not declared in this scope; did you mean â€˜[01m[KAKDriver[m[Kâ€™?
[1.732s]    71 |             [01;31m[Kdriver[m[K.setup(0, 1000000);
[1.732s]       |             [01;31m[K^~~~~~[m[K
[1.732s]       |             [32m[KAKDriver[m[K
[1.733s] [01m[K/home/corey/Cubemars_AK_Series_Driver/src/ak_series_driver/src/test_node.cpp:[m[K In member function â€˜[01m[Kvoid TestNode::read()[m[Kâ€™:
[1.733s] [01m[K/home/corey/Cubemars_AK_Series_Driver/src/ak_series_driver/src/test_node.cpp:80:21:[m[K [01;31m[Kerror: [m[Kâ€˜[01m[Kdriver[m[Kâ€™ was not declared in this scope; did you mean â€˜[01m[KAKDriver[m[Kâ€™?
[1.733s]    80 |                     [01;31m[Kdriver[m[K.get_data(data);
[1.733s]       |                     [01;31m[K^~~~~~[m[K
[1.733s]       |                     [32m[KAKDriver[m[K
[1.733s] [01m[K/home/corey/Cubemars_AK_Series_Driver/src/ak_series_driver/src/test_node.cpp:80:37:[m[K [01;31m[Kerror: [m[Kâ€˜[01m[Kdata[m[Kâ€™ was not declared in this scope; did you mean â€˜[01m[Kstd::data[m[Kâ€™?
[1.733s]    80 |                     driver.get_data([01;31m[Kdata[m[K);
[1.733s]       |                                     [01;31m[K^~~~[m[K
[1.733s]       |                                     [32m[Kstd::data[m[K
[1.733s] In file included from [01m[K/usr/include/c++/9/vector:69[m[K,
[1.733s]                  from [01m[K/home/corey/Cubemars_AK_Series_Driver/src/ak_series_driver/src/test_node.cpp:10[m[K:
[1.733s] [01m[K/usr/include/c++/9/bits/range_access.h:318:5:[m[K [01;36m[Knote: [m[Kâ€˜[01m[Kstd::data[m[Kâ€™ declared here
[1.733s]   318 |     [01;36m[Kdata[m[K(initializer_list<_Tp> __il) noexcept
[1.734s]       |     [01;36m[K^~~~[m[K
[1.734s] [01m[K/home/corey/Cubemars_AK_Series_Driver/src/ak_series_driver/src/test_node.cpp:86:5:[m[K [01;31m[Kerror: [m[Kexpected primary-expression before â€˜[01m[Kprivate[m[Kâ€™
[1.734s]    86 |     [01;31m[Kprivate[m[K:
[1.734s]       |     [01;31m[K^~~~~~~[m[K
[1.734s] [01m[K/home/corey/Cubemars_AK_Series_Driver/src/ak_series_driver/src/test_node.cpp:93:9:[m[K [01;31m[Kerror: [m[Ka function-definition is not allowed here before â€˜[01m[K{[m[Kâ€™ token
[1.734s]    93 |         [01;31m[K{[m[K
[1.734s]       |         [01;31m[K^[m[K
[1.768s] [01m[K/home/corey/Cubemars_AK_Series_Driver/src/ak_series_driver/src/test_node.cpp:134:1:[m[K [01;31m[Kerror: [m[Ka function-definition is not allowed here before â€˜[01m[K{[m[Kâ€™ token
[1.768s]   134 | [01;31m[K{[m[K
[1.768s]       | [01;31m[K^[m[K
[1.768s] [01m[K/home/corey/Cubemars_AK_Series_Driver/src/ak_series_driver/src/test_node.cpp:191:1:[m[K [01;31m[Kerror: [m[Kexpected â€˜[01m[K}[m[Kâ€™ at end of input
[1.768s]   191 | [01;31m[K}[m[K
[1.768s]       | [01;31m[K^[m[K
[1.769s] [01m[K/home/corey/Cubemars_AK_Series_Driver/src/ak_series_driver/src/test_node.cpp:75:9:[m[K [01;36m[Knote: [m[Kto match this â€˜[01m[K{[m[Kâ€™
[1.769s]    75 |         [01;36m[K{[m[K
[1.769s]       |         [01;36m[K^[m[K
[1.903s] [01m[K/home/corey/Cubemars_AK_Series_Driver/src/ak_series_driver/src/test_node.cpp:[m[K At global scope:
[1.903s] [01m[K/home/corey/Cubemars_AK_Series_Driver/src/ak_series_driver/src/test_node.cpp:191:1:[m[K [01;31m[Kerror: [m[Kexpected unqualified-id at end of input
[1.903s]   191 | [01;31m[K}[m[K
[1.903s]       | [01;31m[K^[m[K
[1.981s] In file included from [01m[K/home/corey/Cubemars_AK_Series_Driver/src/ak_series_driver/src/test_node.cpp:11[m[K:
[1.981s] /usr/include/c++/9/thread: In instantiation of â€˜[01m[Kstd::thread::thread(_Callable&&, _Args&& ...) [with _Callable = void (TestNode::*)(); _Args = {}; <template-parameter-1-3> = void][m[Kâ€™:
[1.981s] [01m[K/home/corey/Cubemars_AK_Series_Driver/src/ak_series_driver/src/test_node.cpp:55:42:[m[K   required from here
[1.981s] [01m[K/usr/include/c++/9/thread:120:44:[m[K [01;31m[Kerror: [m[Kstatic assertion failed: std::thread arguments must be invocable after conversion to rvalues
[1.981s]   120 |           typename decay<_Args>::type...>::[01;31m[Kvalue[m[K,
[1.981s]       |                                            [01;31m[K^~~~~[m[K
[1.983s] /usr/include/c++/9/thread: In instantiation of â€˜[01m[Kstruct std::thread::_Invoker<std::tuple<void (TestNode::*)()> >[m[Kâ€™:
[1.983s] [01m[K/usr/include/c++/9/thread:131:22:[m[K   required from â€˜[01m[Kstd::thread::thread(_Callable&&, _Args&& ...) [with _Callable = void (TestNode::*)(); _Args = {}; <template-parameter-1-3> = void][m[Kâ€™
[1.983s] [01m[K/home/corey/Cubemars_AK_Series_Driver/src/ak_series_driver/src/test_node.cpp:55:42:[m[K   required from here
[1.983s] [01m[K/usr/include/c++/9/thread:243:4:[m[K [01;31m[Kerror: [m[Kno type named â€˜[01m[Ktype[m[Kâ€™ in â€˜[01m[Kstruct std::thread::_Invoker<std::tuple<void (TestNode::*)()> >::__result<std::tuple<void (TestNode::*)()> >[m[Kâ€™
[1.983s]   243 |    [01;31m[K_M_invoke[m[K(_Index_tuple<_Ind...>)
[1.983s]       |    [01;31m[K^~~~~~~~~[m[K
[1.983s] [01m[K/usr/include/c++/9/thread:247:2:[m[K [01;31m[Kerror: [m[Kno type named â€˜[01m[Ktype[m[Kâ€™ in â€˜[01m[Kstruct std::thread::_Invoker<std::tuple<void (TestNode::*)()> >::__result<std::tuple<void (TestNode::*)()> >[m[Kâ€™
[1.983s]   247 |  [01;31m[Koperator[m[K()()
[1.983s]       |  [01;31m[K^~~~~~~~[m[K
[2.224s] make[2]: *** [CMakeFiles/ak_series_driver.dir/build.make:76: CMakeFiles/ak_series_driver.dir/src/test_node.cpp.o] Error 1
[2.224s] make[1]: *** [CMakeFiles/Makefile2:139: CMakeFiles/ak_series_driver.dir/all] Error 2
[2.224s] make: *** [Makefile:146: all] Error 2
[2.228s] Invoked command in '/home/corey/Cubemars_AK_Series_Driver/build/ak_series_driver' returned '2': CMAKE_PREFIX_PATH=${CMAKE_PREFIX_PATH}:/home/corey/Cubemars_AK_Series_Driver/install/test_topic:/opt/ros/galactic /home/corey/.local/bin/cmake --build /home/corey/Cubemars_AK_Series_Driver/build/ak_series_driver -- -j16 -l16
