[ 25%] [32mBuilding CXX object CMakeFiles/ak_series_driver.dir/src/test_node.cpp.o[0m
In file included from [01m[K/home/corey/ros2_ws/src/Cubemars_AK_Series_Driver/ak_series_driver/src/test_node.cpp:14[m[K:
[01m[K/home/corey/ros2_ws/src/Cubemars_AK_Series_Driver/ak_series_driver/include/ak_series_driver/can_communication.hpp:[m[K In member function â€˜[01m[Kvoid CanCommunication::send_cmd(uint8_t, uint8_t, uint8_t*)[m[Kâ€™:
[01m[K/home/corey/ros2_ws/src/Cubemars_AK_Series_Driver/ak_series_driver/include/ak_series_driver/can_communication.hpp:112:31:[m[K [01;31m[Kerror: [m[Kcannot convert â€˜[01m[Kstd::stringstream[m[Kâ€™ {aka â€˜[01m[Kstd::__cxx11::basic_stringstream<char>[m[Kâ€™} to â€˜[01m[Kint[m[Kâ€™
  112 |                 nbytes = read([01;31m[Ks[m[K, &frame, sizeof(frame));
      |                               [01;31m[K^[m[K
      |                               [01;31m[K|[m[K
      |                               [01;31m[Kstd::stringstream {aka std::__cxx11::basic_stringstream<char>}[m[K
In file included from [01m[K/home/corey/ros2_ws/src/Cubemars_AK_Series_Driver/ak_series_driver/src/test_node.cpp:4[m[K:
[01m[K/usr/include/unistd.h:360:26:[m[K [01;36m[Knote: [m[K  initializing argument 1 of â€˜[01m[Kssize_t read(int, void*, size_t)[m[Kâ€™
  360 | extern ssize_t read ([01;36m[Kint __fd[m[K, void *__buf, size_t __nbytes) __wur;
      |                      [01;36m[K~~~~^~~~[m[K
make[2]: *** [CMakeFiles/ak_series_driver.dir/build.make:76: CMakeFiles/ak_series_driver.dir/src/test_node.cpp.o] Error 1
make[1]: *** [CMakeFiles/Makefile2:139: CMakeFiles/ak_series_driver.dir/all] Error 2
make: *** [Makefile:146: all] Error 2
