In file included from [01m[K/home/corey/ros2_ws/src/Cubemars_AK_Series_Driver/ak_series_driver/src/test_node.cpp:15[m[K:
[01m[K/home/corey/ros2_ws/src/Cubemars_AK_Series_Driver/ak_series_driver/include/ak_series_driver/ak_driver.hpp:[m[K In member function â€˜[01m[Kvoid AKDriver::unpack_reply()[m[Kâ€™:
[01m[K/home/corey/ros2_ws/src/Cubemars_AK_Series_Driver/ak_series_driver/include/ak_series_driver/ak_driver.hpp:109:13:[m[K [01;31m[Kerror: [m[Kâ€˜[01m[Kposition[m[Kâ€™ was not declared in this scope; did you mean â€˜[01m[Kposition_[m[Kâ€™?
  109 |             [01;31m[Kposition[m[K = p; //Read the corresponding data according to the ID code
      |             [01;31m[K^~~~~~~~[m[K
      |             [32m[Kposition_[m[K
[01m[K/home/corey/ros2_ws/src/Cubemars_AK_Series_Driver/ak_series_driver/include/ak_series_driver/ak_driver.hpp:110:13:[m[K [01;31m[Kerror: [m[Kâ€˜[01m[Kspeed[m[Kâ€™ was not declared in this scope; did you mean â€˜[01m[Kspeed_[m[Kâ€™?
  110 |             [01;31m[Kspeed[m[K = v;
      |             [01;31m[K^~~~~[m[K
      |             [32m[Kspeed_[m[K
[01m[K/home/corey/ros2_ws/src/Cubemars_AK_Series_Driver/ak_series_driver/include/ak_series_driver/ak_driver.hpp:111:13:[m[K [01;31m[Kerror: [m[Kâ€˜[01m[Ktorque[m[Kâ€™ was not declared in this scope; did you mean â€˜[01m[Ktorque_[m[Kâ€™?
  111 |             [01;31m[Ktorque[m[K = i;
      |             [01;31m[K^~~~~~[m[K
      |             [32m[Ktorque_[m[K
make[2]: *** [CMakeFiles/ak_series_driver.dir/build.make:76: CMakeFiles/ak_series_driver.dir/src/test_node.cpp.o] Error 1
make[1]: *** [CMakeFiles/Makefile2:139: CMakeFiles/ak_series_driver.dir/all] Error 2
make: *** [Makefile:146: all] Error 2
