[0.157s] Invoking command in '/home/corey/ros2_ws/build/ak_series_driver': CMAKE_PREFIX_PATH=${CMAKE_PREFIX_PATH}:/opt/ros/galactic /home/corey/.local/bin/cmake --build /home/corey/ros2_ws/build/ak_series_driver -- -j16 -l16
[0.195s] [ 25%] [32mBuilding CXX object CMakeFiles/ak_series_driver.dir/src/test_node.cpp.o[0m
[1.460s] In file included from [01m[K/home/corey/ros2_ws/src/Cubemars_AK_Series_Driver/ak_series_driver/src/test_node.cpp:15[m[K:
[1.460s] [01m[K/home/corey/ros2_ws/src/Cubemars_AK_Series_Driver/ak_series_driver/include/ak_series_driver/ak_driver.hpp:[m[K In member function â€˜[01m[Kvoid AKDriver::unpack_reply()[m[Kâ€™:
[1.460s] [01m[K/home/corey/ros2_ws/src/Cubemars_AK_Series_Driver/ak_series_driver/include/ak_series_driver/ak_driver.hpp:109:13:[m[K [01;31m[Kerror: [m[Kâ€˜[01m[Kposition[m[Kâ€™ was not declared in this scope; did you mean â€˜[01m[Kposition_[m[Kâ€™?
[1.460s]   109 |             [01;31m[Kposition[m[K = p; //Read the corresponding data according to the ID code
[1.460s]       |             [01;31m[K^~~~~~~~[m[K
[1.460s]       |             [32m[Kposition_[m[K
[1.461s] [01m[K/home/corey/ros2_ws/src/Cubemars_AK_Series_Driver/ak_series_driver/include/ak_series_driver/ak_driver.hpp:110:13:[m[K [01;31m[Kerror: [m[Kâ€˜[01m[Kspeed[m[Kâ€™ was not declared in this scope; did you mean â€˜[01m[Kspeed_[m[Kâ€™?
[1.461s]   110 |             [01;31m[Kspeed[m[K = v;
[1.461s]       |             [01;31m[K^~~~~[m[K
[1.461s]       |             [32m[Kspeed_[m[K
[1.461s] [01m[K/home/corey/ros2_ws/src/Cubemars_AK_Series_Driver/ak_series_driver/include/ak_series_driver/ak_driver.hpp:111:13:[m[K [01;31m[Kerror: [m[Kâ€˜[01m[Ktorque[m[Kâ€™ was not declared in this scope; did you mean â€˜[01m[Ktorque_[m[Kâ€™?
[1.461s]   111 |             [01;31m[Ktorque[m[K = i;
[1.461s]       |             [01;31m[K^~~~~~[m[K
[1.461s]       |             [32m[Ktorque_[m[K
[1.921s] make[2]: *** [CMakeFiles/ak_series_driver.dir/build.make:76: CMakeFiles/ak_series_driver.dir/src/test_node.cpp.o] Error 1
[1.921s] make[1]: *** [CMakeFiles/Makefile2:139: CMakeFiles/ak_series_driver.dir/all] Error 2
[1.921s] make: *** [Makefile:146: all] Error 2
[1.926s] Invoked command in '/home/corey/ros2_ws/build/ak_series_driver' returned '2': CMAKE_PREFIX_PATH=${CMAKE_PREFIX_PATH}:/opt/ros/galactic /home/corey/.local/bin/cmake --build /home/corey/ros2_ws/build/ak_series_driver -- -j16 -l16
