[35m[1mConsolidate compiler generated dependencies of target ak_series_driver[0m
[ 25%] [32mBuilding CXX object CMakeFiles/ak_series_driver.dir/src/test_node.cpp.o[0m
In file included from [01m[K/home/corey/Cubemars_AK_Series_Driver/src/ak_series_driver/src/test_node.cpp:19[m[K:
[01m[K/home/corey/Cubemars_AK_Series_Driver/src/ak_series_driver/include/ak_series_driver/ak_driver.hpp:[m[K In member function â€˜[01m[Kvoid AKDriver::unpack_reply()[m[Kâ€™:
[01m[K/home/corey/Cubemars_AK_Series_Driver/src/ak_series_driver/include/ak_series_driver/ak_driver.hpp:94:27:[m[K [01;35m[Kwarning: [m[Kcomparison of integer expressions of different signedness: â€˜[01m[Kint[m[Kâ€™ and â€˜[01m[Klong unsigned int[m[Kâ€™ [[01;35m[K]8;;https://gcc.gnu.org/onlinedocs/gcc/Warning-Options.html#index-Wsign-compare-Wsign-compare]8;;[m[K]
   94 | or (int i=0;[01;35m[Ki<sizeof(can_.frame)[m[K; i++){
      |             [01;35m[K~^~~~~~~~~~~~~~~~~~~[m[K

[01m[K/home/corey/Cubemars_AK_Series_Driver/src/ak_series_driver/include/ak_series_driver/ak_driver.hpp:95:56:[m[K [01;31m[Kerror: [m[Kâ€˜[01m[Kdata[m[Kâ€™ was not declared in this scope; did you mean â€˜[01m[Kstd::data[m[Kâ€™?
   95 | << "] = " << [01;31m[Kdata[m[K[i] << std::endl;
      |              [01;31m[K^~~~[m[K
      |              [32m[Kstd::data[m[K
In file included from [01m[K/usr/include/c++/11/vector:69[m[K,
                 from [01m[K/home/corey/Cubemars_AK_Series_Driver/src/ak_series_driver/src/test_node.cpp:10[m[K:
[01m[K/usr/include/c++/11/bits/range_access.h:319:5:[m[K [01;36m[Knote: [m[Kâ€˜[01m[Kstd::data[m[Kâ€™ declared here
  319 |     [01;36m[Kdata[m[K(initializer_list<_Tp> __il) noexcept
      |     [01;36m[K^~~~[m[K
gmake[2]: *** [CMakeFiles/ak_series_driver.dir/build.make:76: CMakeFiles/ak_series_driver.dir/src/test_node.cpp.o] Error 1
gmake[1]: *** [CMakeFiles/Makefile2:139: CMakeFiles/ak_series_driver.dir/all] Error 2
gmake: *** [Makefile:146: all] Error 2
