[ 25%] [32mBuilding CXX object CMakeFiles/ak_series_driver.dir/src/test_node.cpp.o[0m
In file included from [01m[K/home/corey/ros2_ws/src/Cubemars_AK_Series_Driver/ak_series_driver/src/test_node.cpp:15[m[K:
[01m[K/home/corey/ros2_ws/src/Cubemars_AK_Series_Driver/ak_series_driver/include/ak_series_driver/ak_driver.hpp:[m[K In member function â€˜[01m[Kvoid AKDriver::pack_cmd(float, float, float, float, float)[m[Kâ€™:
[01m[K/home/corey/ros2_ws/src/Cubemars_AK_Series_Driver/ak_series_driver/include/ak_series_driver/ak_driver.hpp:66:66:[m[K [01;31m[Kerror: [m[Kassigning to an array from an initializer list
   66 |             msg = {0xff, 0xff, 0xff, 0xff, 0xff, 0xff, 0xff, 0xfc[01;31m[K}[m[K;
      |                                                                  [01;31m[K^[m[K
[01m[K/home/corey/ros2_ws/src/Cubemars_AK_Series_Driver/ak_series_driver/include/ak_series_driver/ak_driver.hpp:42:19:[m[K [01;35m[Kwarning: [m[Kunused variable â€˜[01m[KTest_Pos[m[Kâ€™ [[01;35m[K-Wunused-variable[m[K]
   42 |             float [01;35m[KTest_Pos[m[K=0.0;
      |                   [01;35m[K^~~~~~~~[m[K
make[2]: *** [CMakeFiles/ak_series_driver.dir/build.make:76: CMakeFiles/ak_series_driver.dir/src/test_node.cpp.o] Error 1
make[1]: *** [CMakeFiles/Makefile2:139: CMakeFiles/ak_series_driver.dir/all] Error 2
make: *** [Makefile:146: all] Error 2
