[0.009s] Invoking command in '/home/corey/Cubemars_AK_Series_Driver/build/ak_series_driver': CMAKE_PREFIX_PATH=${CMAKE_PREFIX_PATH}:/home/corey/Cubemars_AK_Series_Driver/install/control:/opt/ros/galactic /usr/bin/cmake --build /home/corey/Cubemars_AK_Series_Driver/build/ak_series_driver -- -j32 -l32
[0.033s] [35m[1mScanning dependencies of target ak_series_driver[0m
[0.048s] [ 16%] [32mBuilding CXX object CMakeFiles/ak_series_driver.dir/src/single_motor.cpp.o[0m
[0.734s] In file included from [01m[K/home/corey/Cubemars_AK_Series_Driver/src/ak_series_driver/include/ak_series_driver/ak_driver.hpp:6[m[K,
[0.734s]                  from [01m[K/home/corey/Cubemars_AK_Series_Driver/src/ak_series_driver/src/single_motor.cpp:19[m[K:
[0.734s] [01m[K/home/corey/Cubemars_AK_Series_Driver/src/ak_series_driver/include/ak_series_driver/motor.hpp:23:29:[m[K [01;31m[Kerror: [m[Kexpected â€˜[01m[K,[m[Kâ€™ or â€˜[01m[K...[m[Kâ€™ before â€˜[01m[Kdouble[m[Kâ€™
[0.734s]    23 |         double &gear_ratio_ [01;31m[Kdouble[m[K &max_rotation_)
[0.734s]       |                             [01;31m[K^~~~~~[m[K
[0.735s] [01m[K/home/corey/Cubemars_AK_Series_Driver/src/ak_series_driver/include/ak_series_driver/motor.hpp:[m[K In member function â€˜[01m[Kvoid Motor::setup(std::string&, int&, double&, double&)[m[Kâ€™:
[0.735s] [01m[K/home/corey/Cubemars_AK_Series_Driver/src/ak_series_driver/include/ak_series_driver/motor.hpp:29:28:[m[K [01;31m[Kerror: [m[Kâ€˜[01m[Kmax_rotation_[m[Kâ€™ was not declared in this scope; did you mean â€˜[01m[Kmax_rotation[m[Kâ€™?
[0.735s]    29 |             max_rotation = [01;31m[Kmax_rotation_[m[K;
[0.735s]       |                            [01;31m[K^~~~~~~~~~~~~[m[K
[0.735s]       |                            [32m[Kmax_rotation[m[K
[0.735s] [01m[K/home/corey/Cubemars_AK_Series_Driver/src/ak_series_driver/include/ak_series_driver/motor.hpp:[m[K In member function â€˜[01m[Kdouble Motor::get_local_position()[m[Kâ€™:
[0.735s] [01m[K/home/corey/Cubemars_AK_Series_Driver/src/ak_series_driver/include/ak_series_driver/motor.hpp:35:9:[m[K [01;35m[Kwarning: [m[Kno return statement in function returning non-void [[01;35m[K-Wreturn-type[m[K]
[0.735s]    35 |         [01;35m[K}[m[K
[0.735s]       |         [01;35m[K^[m[K
[0.736s] In file included from [01m[K/home/corey/Cubemars_AK_Series_Driver/src/ak_series_driver/src/single_motor.cpp:19[m[K:
[0.736s] [01m[K/home/corey/Cubemars_AK_Series_Driver/src/ak_series_driver/include/ak_series_driver/ak_driver.hpp:[m[K In member function â€˜[01m[Kvoid AKDriver::move_to_position(int, float)[m[Kâ€™:
[0.736s] [01m[K/home/corey/Cubemars_AK_Series_Driver/src/ak_series_driver/include/ak_series_driver/ak_driver.hpp:45:30:[m[K [01;31m[Kerror: [m[Kâ€˜[01m[Kmotor_1[m[Kâ€™ was not declared in this scope; did you mean â€˜[01m[Kmotor1_[m[Kâ€™?
[0.736s]    45 |                 if (std::abs([01;31m[Kmotor_1[m[K.angle - pos) > 12.5)
[0.737s]       |                              [01;31m[K^~~~~~~[m[K
[0.737s]       |                              [32m[Kmotor1_[m[K
[1.712s] make[2]: *** [CMakeFiles/ak_series_driver.dir/build.make:63: CMakeFiles/ak_series_driver.dir/src/single_motor.cpp.o] Error 1
[1.712s] make[1]: *** [CMakeFiles/Makefile2:136: CMakeFiles/ak_series_driver.dir/all] Error 2
[1.712s] make: *** [Makefile:141: all] Error 2
[1.716s] Invoked command in '/home/corey/Cubemars_AK_Series_Driver/build/ak_series_driver' returned '2': CMAKE_PREFIX_PATH=${CMAKE_PREFIX_PATH}:/home/corey/Cubemars_AK_Series_Driver/install/control:/opt/ros/galactic /usr/bin/cmake --build /home/corey/Cubemars_AK_Series_Driver/build/ak_series_driver -- -j32 -l32
