[01m[K/home/corey/ros2_ws/src/Cubemars_AK_Series_Driver/ak_series_driver/src/test_node.cpp:[m[K In function â€˜[01m[Kint main(int, char**)[m[Kâ€™:
[01m[K/home/corey/ros2_ws/src/Cubemars_AK_Series_Driver/ak_series_driver/src/test_node.cpp:66:16:[m[K [01;31m[Kerror: [m[Kâ€˜[01m[KPosition[m[Kâ€™ was not declared in this scope
   66 |         printf([01;31m[KPosition[m[K %f, Velocity %f, Torque %f, data[0], data[1], data[2]);
      |                [01;31m[K^~~~~~~~[m[K
[01m[K/home/corey/ros2_ws/src/Cubemars_AK_Series_Driver/ak_series_driver/src/test_node.cpp:66:26:[m[K [01;31m[Kerror: [m[Kâ€˜[01m[Kf[m[Kâ€™ was not declared in this scope
   66 |         printf(Position %[01;31m[Kf[m[K, Velocity %f, Torque %f, data[0], data[1], data[2]);
      |                          [01;31m[K^[m[K
[01m[K/home/corey/ros2_ws/src/Cubemars_AK_Series_Driver/ak_series_driver/src/test_node.cpp:66:29:[m[K [01;31m[Kerror: [m[Kâ€˜[01m[KVelocity[m[Kâ€™ was not declared in this scope
   66 |         printf(Position %f, [01;31m[KVelocity[m[K %f, Torque %f, data[0], data[1], data[2]);
      |                             [01;31m[K^~~~~~~~[m[K
[01m[K/home/corey/ros2_ws/src/Cubemars_AK_Series_Driver/ak_series_driver/src/test_node.cpp:66:42:[m[K [01;31m[Kerror: [m[Kâ€˜[01m[KTorque[m[Kâ€™ was not declared in this scope
   66 |         printf(Position %f, Velocity %f, [01;31m[KTorque[m[K %f, data[0], data[1], data[2]);
      |                                          [01;31m[K^~~~~~[m[K
make[2]: *** [CMakeFiles/ak_series_driver.dir/build.make:76: CMakeFiles/ak_series_driver.dir/src/test_node.cpp.o] Error 1
make[1]: *** [CMakeFiles/Makefile2:139: CMakeFiles/ak_series_driver.dir/all] Error 2
make: *** [Makefile:146: all] Error 2
