[0.009s] Invoking command in '/home/corey/Cubemars_AK_Series_Driver/build/ak_series_driver': CMAKE_PREFIX_PATH=${CMAKE_PREFIX_PATH}:/home/corey/Cubemars_AK_Series_Driver/install/control:/opt/ros/galactic /usr/bin/cmake --build /home/corey/Cubemars_AK_Series_Driver/build/ak_series_driver -- -j32 -l32
[0.033s] [35m[1mScanning dependencies of target ak_series_driver[0m
[0.046s] [ 16%] [32mBuilding CXX object CMakeFiles/ak_series_driver.dir/src/single_motor.cpp.o[0m
[0.718s] [01m[K/home/corey/Cubemars_AK_Series_Driver/src/ak_series_driver/src/single_motor.cpp:28:26:[m[K [01;31m[Kerror: [m[Kusing-declaration for non-member at class scope
[0.718s]    28 | using std::placeholders::[01;31m[K_1[m[K;
[0.718s]       |                          [01;31m[K^~[m[K
[0.718s] [01m[K/home/corey/Cubemars_AK_Series_Driver/src/ak_series_driver/src/single_motor.cpp:29:7:[m[K [01;31m[Kerror: [m[Kexpected nested-name-specifier before â€˜[01m[Knamespace[m[Kâ€™
[0.718s]    29 | using [01;31m[Knamespace[m[K std::chrono_literals;
[0.718s]       |       [01;31m[K^~~~~~~~~[m[K
[0.719s] [01m[K/home/corey/Cubemars_AK_Series_Driver/src/ak_series_driver/src/single_motor.cpp:74:18:[m[K [01;31m[Kerror: [m[Kfield â€˜[01m[Kdriver[m[Kâ€™ has incomplete type â€˜[01m[KAKDriver[m[Kâ€™
[0.719s]    74 |         AKDriver [01;31m[Kdriver[m[K;
[0.719s]       |                  [01;31m[K^~~~~~[m[K
[0.719s] In file included from [01m[K/home/corey/Cubemars_AK_Series_Driver/src/ak_series_driver/src/single_motor.cpp:19[m[K:
[0.719s] [01m[K/home/corey/Cubemars_AK_Series_Driver/src/ak_series_driver/include/ak_series_driver/ak_driver.hpp:20:7:[m[K [01;36m[Knote: [m[Kforward declaration of â€˜[01m[Kclass AKDriver[m[Kâ€™
[0.719s]    20 | class [01;36m[KAKDriver[m[K
[0.719s]       |       [01;36m[K^~~~~~~~[m[K
[0.737s] [01m[K/home/corey/Cubemars_AK_Series_Driver/src/ak_series_driver/src/single_motor.cpp:173:1:[m[K [01;31m[Kerror: [m[Kexpected â€˜[01m[K}[m[Kâ€™ at end of input
[0.737s]   173 | [01;31m[K}[m[K
[0.737s]       | [01;31m[K^[m[K
[0.737s] In file included from [01m[K/home/corey/Cubemars_AK_Series_Driver/src/ak_series_driver/src/single_motor.cpp:19[m[K:
[0.737s] [01m[K/home/corey/Cubemars_AK_Series_Driver/src/ak_series_driver/include/ak_series_driver/ak_driver.hpp:21:1:[m[K [01;36m[Knote: [m[Kto match this â€˜[01m[K{[m[Kâ€™
[0.737s]    21 | [01;36m[K{[m[K
[0.737s]       | [01;36m[K^[m[K
[0.831s] [01m[K/home/corey/Cubemars_AK_Series_Driver/src/ak_series_driver/include/ak_series_driver/ak_driver.hpp:[m[K In member function â€˜[01m[Kvoid AKDriver::set_motor_param(int, float, float, float, float, float)[m[Kâ€™:
[0.831s] [01m[K/home/corey/Cubemars_AK_Series_Driver/src/ak_series_driver/include/ak_series_driver/ak_driver.hpp:45:13:[m[K [01;31m[Kerror: [m[Kâ€˜[01m[Kpack_cmd[m[Kâ€™ was not declared in this scope
[0.831s]    45 |             [01;31m[Kpack_cmd[m[K(addr, position, velocity, Kp, Kd, torque);
[0.831s]       |             [01;31m[K^~~~~~~~[m[K
[0.832s] [01m[K/home/corey/Cubemars_AK_Series_Driver/src/ak_series_driver/include/ak_series_driver/ak_driver.hpp:[m[K In member function â€˜[01m[Kvoid AKDriver::get_data(std::vector<float>&)[m[Kâ€™:
[0.833s] [01m[K/home/corey/Cubemars_AK_Series_Driver/src/ak_series_driver/include/ak_series_driver/ak_driver.hpp:90:13:[m[K [01;31m[Kerror: [m[Kâ€˜[01m[Kunpack_reply[m[Kâ€™ was not declared in this scope
[0.833s]    90 |             [01;31m[Kunpack_reply[m[K();
[0.833s]       |             [01;31m[K^~~~~~~~~~~~[m[K
[0.833s] [01m[K/home/corey/Cubemars_AK_Series_Driver/src/ak_series_driver/include/ak_series_driver/ak_driver.hpp:[m[K In member function â€˜[01m[Kvoid AKDriver::comm_can_transmit_eid(uint32_t, const uint8_t*, uint8_t)[m[Kâ€™:
[0.833s] [01m[K/home/corey/Cubemars_AK_Series_Driver/src/ak_series_driver/include/ak_series_driver/ak_driver.hpp:115:65:[m[K [01;31m[Kerror: [m[Ka function-definition is not allowed here before â€˜[01m[K{[m[Kâ€™ token
[0.833s]   115 | _pos(uint8_t controller_id, float pos) [01;31m[K{[m[K
[0.833s]       |                                        [01;31m[K^[m[K
[0.833s] 
[0.833s] [01m[K/home/corey/Cubemars_AK_Series_Driver/src/ak_series_driver/include/ak_series_driver/ak_driver.hpp:124:9:[m[K [01;31m[Kerror: [m[Ka function-definition is not allowed here before â€˜[01m[K{[m[Kâ€™ token
[0.833s]   124 |         [01;31m[K{[m[K
[0.833s]       |         [01;31m[K^[m[K
[0.833s] [01m[K/home/corey/Cubemars_AK_Series_Driver/src/ak_series_driver/include/ak_series_driver/ak_driver.hpp:135:9:[m[K [01;31m[Kerror: [m[Ka function-definition is not allowed here before â€˜[01m[K{[m[Kâ€™ token
[0.833s]   135 |         [01;31m[K{[m[K
[0.833s]       |         [01;31m[K^[m[K
[0.833s] [01m[K/home/corey/Cubemars_AK_Series_Driver/src/ak_series_driver/include/ak_series_driver/ak_driver.hpp:149:9:[m[K [01;31m[Kerror: [m[Ka function-definition is not allowed here before â€˜[01m[K{[m[Kâ€™ token
[0.833s]   149 |         [01;31m[K{[m[K
[0.833s]       |         [01;31m[K^[m[K
[0.833s] [01m[K/home/corey/Cubemars_AK_Series_Driver/src/ak_series_driver/include/ak_series_driver/ak_driver.hpp:157:9:[m[K [01;31m[Kerror: [m[Ka function-definition is not allowed here before â€˜[01m[K{[m[Kâ€™ token
[0.833s]   157 |         [01;31m[K{[m[K
[0.833s]       |         [01;31m[K^[m[K
[0.833s] [01m[K/home/corey/Cubemars_AK_Series_Driver/src/ak_series_driver/include/ak_series_driver/ak_driver.hpp:186:9:[m[K [01;31m[Kerror: [m[Ka function-definition is not allowed here before â€˜[01m[K{[m[Kâ€™ token
[0.833s]   186 |         [01;31m[K{[m[K
[0.833s]       |         [01;31m[K^[m[K
[0.833s] [01m[K/home/corey/Cubemars_AK_Series_Driver/src/ak_series_driver/include/ak_series_driver/ak_driver.hpp:111:21:[m[K [01;35m[Kwarning: [m[Kunused variable â€˜[01m[Ki[m[Kâ€™ [[01;35m[K-Wunused-variable[m[K]
[0.833s]   111 |             uint8_t [01;35m[Ki[m[K=0;
[0.833s]       |                     [01;35m[K^[m[K
[0.833s] [01m[K/home/corey/Cubemars_AK_Series_Driver/src/ak_series_driver/include/ak_series_driver/ak_driver.hpp:110:45:[m[K [01;35m[Kwarning: [m[Kunused parameter â€˜[01m[Kid[m[Kâ€™ [[01;35m[K-Wunused-parameter[m[K]
[0.833s]   110 |    void comm_can_transmit_eid([01;35m[Kuint32_t id[m[K, const uint8_t *data, uint8_t len) {
[0.833s]       |                               [01;35m[K~~~~~~~~~^~[m[K
[0.833s] 
[0.833s] [01m[K/home/corey/Cubemars_AK_Series_Driver/src/ak_series_driver/include/ak_series_driver/ak_driver.hpp:110:64:[m[K [01;35m[Kwarning: [m[Kunused parameter â€˜[01m[Kdata[m[Kâ€™ [[01;35m[K-Wunused-parameter[m[K]
[0.834s]   110 | ansmit_eid(uint32_t id, [01;35m[Kconst uint8_t *data[m[K, uint8_t len) {
[0.834s]       |                         [01;35m[K~~~~~~~~~~~~~~~^~~~[m[K
[0.834s] 
[0.834s] [01m[K/home/corey/Cubemars_AK_Series_Driver/src/ak_series_driver/src/single_motor.cpp:[m[K In constructor â€˜[01m[KAKDriver::SingleMotor::SingleMotor()[m[Kâ€™:
[0.834s] [01m[K/home/corey/Cubemars_AK_Series_Driver/src/ak_series_driver/src/single_motor.cpp:50:78:[m[K [01;31m[Kerror: [m[Kâ€˜[01m[K_1[m[Kâ€™ was not declared in this scope; did you mean â€˜[01m[Kstd::placeholders::_1[m[Kâ€™?
[0.834s]    50 | nd(&SingleMotor::topic_callback, this, [01;31m[K_1[m[K));
[0.834s]       |                                        [01;31m[K^~[m[K
[0.834s]       |                                        [32m[Kstd::placeholders::_1[m[K
[0.834s] In file included from [01m[K/usr/include/c++/9/pstl/glue_algorithm_defs.h:13[m[K,
[0.834s]                  from [01m[K/usr/include/c++/9/algorithm:71[m[K,
[0.834s]                  from [01m[K/opt/ros/galactic/include/rosidl_runtime_cpp/bounded_vector.hpp:18[m[K,
[0.834s]                  from [01m[K/opt/ros/galactic/include/std_msgs/msg/detail/string__struct.hpp:8[m[K,
[0.834s]                  from [01m[K/opt/ros/galactic/include/std_msgs/msg/string.hpp:7[m[K,
[0.834s]                  from [01m[K/home/corey/Cubemars_AK_Series_Driver/src/ak_series_driver/src/single_motor.cpp:14[m[K:
[0.834s] [01m[K/usr/include/c++/9/functional:211:34:[m[K [01;36m[Knote: [m[Kâ€˜[01m[Kstd::placeholders::_1[m[Kâ€™ declared here
[0.834s]   211 |     extern const _Placeholder<1> [01;36m[K_1[m[K;
[0.834s]       |                                  [01;36m[K^~[m[K
[0.838s] [01m[K/home/corey/Cubemars_AK_Series_Driver/src/ak_series_driver/src/single_motor.cpp:[m[K At global scope:
[0.838s] [01m[K/home/corey/Cubemars_AK_Series_Driver/src/ak_series_driver/src/single_motor.cpp:173:1:[m[K [01;31m[Kerror: [m[Kexpected unqualified-id at end of input
[0.838s]   173 | [01;31m[K}[m[K
[0.838s]       | [01;31m[K^[m[K
[1.031s] make[2]: *** [CMakeFiles/ak_series_driver.dir/build.make:63: CMakeFiles/ak_series_driver.dir/src/single_motor.cpp.o] Error 1
[1.031s] make[1]: *** [CMakeFiles/Makefile2:136: CMakeFiles/ak_series_driver.dir/all] Error 2
[1.031s] make: *** [Makefile:141: all] Error 2
[1.033s] Invoked command in '/home/corey/Cubemars_AK_Series_Driver/build/ak_series_driver' returned '2': CMAKE_PREFIX_PATH=${CMAKE_PREFIX_PATH}:/home/corey/Cubemars_AK_Series_Driver/install/control:/opt/ros/galactic /usr/bin/cmake --build /home/corey/Cubemars_AK_Series_Driver/build/ak_series_driver -- -j32 -l32
