[35m[1mScanning dependencies of target ak_series_driver[0m
[ 16%] [32mBuilding CXX object CMakeFiles/ak_series_driver.dir/src/single_motor.cpp.o[0m
In file included from [01m[K/home/corey/Cubemars_AK_Series_Driver/src/ak_series_driver/include/ak_series_driver/ak_driver.hpp:6[m[K,
                 from [01m[K/home/corey/Cubemars_AK_Series_Driver/src/ak_series_driver/src/single_motor.cpp:19[m[K:
[01m[K/home/corey/Cubemars_AK_Series_Driver/src/ak_series_driver/include/ak_series_driver/motor.hpp:23:29:[m[K [01;31m[Kerror: [m[Kexpected â€˜[01m[K,[m[Kâ€™ or â€˜[01m[K...[m[Kâ€™ before â€˜[01m[Kdouble[m[Kâ€™
   23 |         double &gear_ratio_ [01;31m[Kdouble[m[K &max_rotation_)
      |                             [01;31m[K^~~~~~[m[K
[01m[K/home/corey/Cubemars_AK_Series_Driver/src/ak_series_driver/include/ak_series_driver/motor.hpp:[m[K In member function â€˜[01m[Kvoid Motor::setup(std::string&, int&, double&, double&)[m[Kâ€™:
[01m[K/home/corey/Cubemars_AK_Series_Driver/src/ak_series_driver/include/ak_series_driver/motor.hpp:29:28:[m[K [01;31m[Kerror: [m[Kâ€˜[01m[Kmax_rotation_[m[Kâ€™ was not declared in this scope; did you mean â€˜[01m[Kmax_rotation[m[Kâ€™?
   29 |             max_rotation = [01;31m[Kmax_rotation_[m[K;
      |                            [01;31m[K^~~~~~~~~~~~~[m[K
      |                            [32m[Kmax_rotation[m[K
[01m[K/home/corey/Cubemars_AK_Series_Driver/src/ak_series_driver/include/ak_series_driver/motor.hpp:[m[K In member function â€˜[01m[Kdouble Motor::get_local_position()[m[Kâ€™:
[01m[K/home/corey/Cubemars_AK_Series_Driver/src/ak_series_driver/include/ak_series_driver/motor.hpp:35:9:[m[K [01;35m[Kwarning: [m[Kno return statement in function returning non-void [[01;35m[K-Wreturn-type[m[K]
   35 |         [01;35m[K}[m[K
      |         [01;35m[K^[m[K
In file included from [01m[K/home/corey/Cubemars_AK_Series_Driver/src/ak_series_driver/src/single_motor.cpp:19[m[K:
[01m[K/home/corey/Cubemars_AK_Series_Driver/src/ak_series_driver/include/ak_series_driver/ak_driver.hpp:[m[K In member function â€˜[01m[Kvoid AKDriver::move_to_position(int, float)[m[Kâ€™:
[01m[K/home/corey/Cubemars_AK_Series_Driver/src/ak_series_driver/include/ak_series_driver/ak_driver.hpp:45:30:[m[K [01;31m[Kerror: [m[Kâ€˜[01m[Kmotor_1[m[Kâ€™ was not declared in this scope; did you mean â€˜[01m[Kmotor1_[m[Kâ€™?
   45 |                 if (std::abs([01;31m[Kmotor_1[m[K.angle - pos) > 12.5)
      |                              [01;31m[K^~~~~~~[m[K
      |                              [32m[Kmotor1_[m[K
[01m[K/home/corey/Cubemars_AK_Series_Driver/src/ak_series_driver/include/ak_series_driver/ak_driver.hpp:52:40:[m[K [01;31m[Kerror: [m[Kâ€˜[01m[Kmotor1[m[Kâ€™ was not declared in this scope; did you mean â€˜[01m[Kmotor1_[m[Kâ€™?
   52 |                     double final_val = [01;31m[Kmotor1[m[K.get_local_position();
      |                                        [01;31m[K^~~~~~[m[K
      |                                        [32m[Kmotor1_[m[K
make[2]: *** [CMakeFiles/ak_series_driver.dir/build.make:63: CMakeFiles/ak_series_driver.dir/src/single_motor.cpp.o] Error 1
make[1]: *** [CMakeFiles/Makefile2:136: CMakeFiles/ak_series_driver.dir/all] Error 2
make: *** [Makefile:141: all] Error 2
