[01m[K/home/corey/ros2_ws/src/Cubemars_AK_Series_Driver/ak_series_driver/src/test_node.cpp:[m[K In function â€˜[01m[Kint main(int, char**)[m[Kâ€™:
[01m[K/home/corey/ros2_ws/src/Cubemars_AK_Series_Driver/ak_series_driver/src/test_node.cpp:59:21:[m[K [01;31m[Kerror: [m[Kâ€˜[01m[Kposition[m[Kâ€™ was not declared in this scope
   59 |     driver.get_data([01;31m[Kposition[m[K, speed, torque);
      |                     [01;31m[K^~~~~~~~[m[K
[01m[K/home/corey/ros2_ws/src/Cubemars_AK_Series_Driver/ak_series_driver/src/test_node.cpp:59:31:[m[K [01;31m[Kerror: [m[Kâ€˜[01m[Kspeed[m[Kâ€™ was not declared in this scope
   59 |     driver.get_data(position, [01;31m[Kspeed[m[K, torque);
      |                               [01;31m[K^~~~~[m[K
[01m[K/home/corey/ros2_ws/src/Cubemars_AK_Series_Driver/ak_series_driver/src/test_node.cpp:59:38:[m[K [01;31m[Kerror: [m[Kâ€˜[01m[Ktorque[m[Kâ€™ was not declared in this scope
   59 |     driver.get_data(position, speed, [01;31m[Ktorque[m[K);
      |                                      [01;31m[K^~~~~~[m[K
make[2]: *** [CMakeFiles/ak_series_driver.dir/build.make:76: CMakeFiles/ak_series_driver.dir/src/test_node.cpp.o] Error 1
make[1]: *** [CMakeFiles/Makefile2:139: CMakeFiles/ak_series_driver.dir/all] Error 2
make: *** [Makefile:146: all] Error 2
