In file included from [01m[K/home/corey/Cubemars_AK_Series_Driver/src/ak_series_driver/src/single_motor.cpp:19[m[K:
[01m[K/home/corey/Cubemars_AK_Series_Driver/src/ak_series_driver/include/ak_series_driver/ak_driver.hpp:[m[K In member function â€˜[01m[Kstd::string AKDriver::GetCmdOutput(const char*)[m[Kâ€™:
[01m[K/home/corey/Cubemars_AK_Series_Driver/src/ak_series_driver/include/ak_series_driver/ak_driver.hpp:143:29:[m[K [01;31m[Kerror: [m[Kâ€˜[01m[Kruntime_error[m[Kâ€™ was not declared in this scope; did you mean â€˜[01m[Kstd::runtime_error[m[Kâ€™?
  143 |             if(!pipe) throw [01;31m[Kruntime_error[m[K("popen() failed!");
      |                             [01;31m[K^~~~~~~~~~~~~[m[K
      |                             [32m[Kstd::runtime_error[m[K
In file included from [01m[K/usr/include/c++/9/array:39[m[K,
                 from [01m[K/usr/include/c++/9/tuple:39[m[K,
                 from [01m[K/usr/include/c++/9/bits/unique_ptr.h:37[m[K,
                 from [01m[K/usr/include/c++/9/memory:80[m[K,
                 from [01m[K/usr/include/c++/9/thread:39[m[K,
                 from [01m[K/home/corey/Cubemars_AK_Series_Driver/src/ak_series_driver/src/single_motor.cpp:11[m[K:
[01m[K/usr/include/c++/9/stdexcept:219:9:[m[K [01;36m[Knote: [m[Kâ€˜[01m[Kstd::runtime_error[m[Kâ€™ declared here
  219 |   class [01;36m[Kruntime_error[m[K : public exception
      |         [01;36m[K^~~~~~~~~~~~~[m[K
make[2]: *** [CMakeFiles/ak_series_driver.dir/build.make:63: CMakeFiles/ak_series_driver.dir/src/single_motor.cpp.o] Error 1
make[1]: *** [CMakeFiles/Makefile2:136: CMakeFiles/ak_series_driver.dir/all] Error 2
make: *** [Makefile:141: all] Error 2
